31-03-2021 15:12:24.685 [Gauge] [DEBUG] Created gauge_screenshots_dir at C:\Users\Mustafa YARDIMCI\Desktop\OdeAlCaseProject\.gauge\screenshots
31-03-2021 15:12:24.704 [Gauge] [DEBUG] Plugin java is already installed.
31-03-2021 15:12:24.710 [Gauge] [DEBUG] Plugin html-report is already installed.
31-03-2021 15:12:24.712 [Gauge] [DEBUG] Parsing started.
31-03-2021 15:12:24.712 [Gauge] [DEBUG] Started concepts parsing.
31-03-2021 15:12:24.716 [Gauge] [DEBUG] 0 concepts parsing completed.
31-03-2021 15:12:24.716 [Gauge] [DEBUG] Started specifications parsing.
31-03-2021 15:12:24.717 [Gauge] [DEBUG] 1 specifications parsing completed.
31-03-2021 15:12:24.718 [Gauge] [DEBUG] Parsing completed.
31-03-2021 15:12:24.989 [Gauge] [DEBUG] Checking updates...
31-03-2021 15:12:24.990 [Gauge] [DEBUG] Downloading https://downloads.gauge.org/plugin/html-report?l=java&p=html-report,java,screenshot,spectacle&o=windows&a=amd64
31-03-2021 15:12:25.123 [java] [DEBUG] ***** Printing Properties/Env Values *****
31-03-2021 15:12:25.123 [java] [DEBUG] PATH: C:\Program Files\Java\jdk1.8.0_271\bin;C:\WINDOWS\system32;C:\WINDOWS;C:\WINDOWS\System32\Wbem;C:\WINDOWS\System32\WindowsPowerShell\v1.0\;C:\WINDOWS\System32\OpenSSH\;C:\Program Files\dotnet\;C:\Program Files\Microsoft SQL Server\130\Tools\Binn\;C:\Program Files\Microsoft SQL Server\Client SDK\ODBC\130\Tools\Binn\;C:\Program Files (x86)\Microsoft SQL Server\130\Tools\Binn\;C:\Program Files\Microsoft SQL Server\130\DTS\Binn\;C:\Program Files (x86)\Microsoft SQL Server\Client SDK\ODBC\130\Tools\Binn\;C:\Program Files (x86)\Microsoft SQL Server\130\DTS\Binn\;C:\Program Files (x86)\Microsoft SQL Server\130\Tools\Binn\ManagementStudio\;C:\ProgramData\chocolatey\bin;C:\Program Files\Microsoft VS Code\bin;C:\Program Files\Microsoft SQL Server\Client SDK\ODBC\170\Tools\Binn\;C:\Program Files\Git\cmd;C:\Program Files\Gauge\bin;C:\Program Files (x86)\dotnet\;C:\Program Files\nodejs\;C:\Users\Mustafa YARDIMCI\AppData\Local\Programs\Python\Python38-32\Scripts\;C:\Users\Mustafa YARDIMCI\AppData\Local\Programs\Python\Python38-32\;C:\Users\Mustafa YARDIMCI\AppData\Local\Microsoft\WindowsApps;C:\Users\Mustafa YARDIMCI\AppData\Local\GitHubDesktop\bin;C:\Users\Mustafa YARDIMCI\AppData\Local\Microsoft\WindowsApps;C:\Program Files\Java\jdk1.8.0_271\bin;C:\Program Files\JetBrains\IntelliJ IDEA 2020.3.1\bin;C:\Users\Mustafa YARDIMCI\.dotnet\tools;C:\Users\Mustafa YARDIMCI\AppData\Roaming\npm;C:\Users\Mustafa YARDIMCI\AppData\Roaming\gauge\plugins\screenshot\0.0.1
31-03-2021 15:12:25.123 [java] [DEBUG] JAVA_HOME: C:\Program Files\Java\jdk1.8.0_271
31-03-2021 15:12:25.123 [java] [DEBUG] gauge_project_root: C:\Users\Mustafa YARDIMCI\Desktop\OdeAlCaseProject
31-03-2021 15:12:25.123 [java] [DEBUG] gauge_parallel_streams_count: 12
31-03-2021 15:12:25.123 [java] [DEBUG] gauge_reports_dir: reports
31-03-2021 15:12:25.123 [java] [DEBUG] overwrite_reports: true
31-03-2021 15:12:25.123 [java] [DEBUG] logs_directory: logs
31-03-2021 15:12:25.123 [java] [DEBUG] enable_multithreading: false
31-03-2021 15:12:25.123 [java] [DEBUG] gauge_specs_dir: specs
31-03-2021 15:12:25.123 [java] [DEBUG] csv_delimiter: ,
31-03-2021 15:12:25.124 [java] [DEBUG] gauge_java_home: 
31-03-2021 15:12:25.124 [java] [DEBUG] gauge_custom_build_path: 
31-03-2021 15:12:25.124 [java] [DEBUG] gauge_additional_libs: libs/*
31-03-2021 15:12:25.124 [java] [DEBUG] gauge_jvm_args: 
31-03-2021 15:12:25.124 [java] [DEBUG] gauge_custom_compile_dir: 
31-03-2021 15:12:25.124 [java] [DEBUG] gauge_clear_state_level: scenario
31-03-2021 15:12:25.124 [java] [DEBUG] ***** END *****
31-03-2021 15:12:25.137 [java] [ERROR] exec: "mvn": executable file not found in %!P(MISSING)ATH%!(NOVERB)
31-03-2021 15:12:25.137 [java] [ERROR] Installed version of gauge-java (0.7.13) does not match with dependency gauge-java () specified in pom.xml file
31-03-2021 15:12:25.138 [java] [DEBUG] classpath set to C:\Program Files\Java\jdk1.8.0_271\jre\lib\charsets.jar;C:\Program Files\Java\jdk1.8.0_271\jre\lib\deploy.jar;C:\Program Files\Java\jdk1.8.0_271\jre\lib\ext\access-bridge-64.jar;C:\Program Files\Java\jdk1.8.0_271\jre\lib\ext\cldrdata.jar;C:\Program Files\Java\jdk1.8.0_271\jre\lib\ext\dnsns.jar;C:\Program Files\Java\jdk1.8.0_271\jre\lib\ext\jaccess.jar;C:\Program Files\Java\jdk1.8.0_271\jre\lib\ext\jfxrt.jar;C:\Program Files\Java\jdk1.8.0_271\jre\lib\ext\localedata.jar;C:\Program Files\Java\jdk1.8.0_271\jre\lib\ext\nashorn.jar;C:\Program Files\Java\jdk1.8.0_271\jre\lib\ext\sunec.jar;C:\Program Files\Java\jdk1.8.0_271\jre\lib\ext\sunjce_provider.jar;C:\Program Files\Java\jdk1.8.0_271\jre\lib\ext\sunmscapi.jar;C:\Program Files\Java\jdk1.8.0_271\jre\lib\ext\sunpkcs11.jar;C:\Program Files\Java\jdk1.8.0_271\jre\lib\ext\zipfs.jar;C:\Program Files\Java\jdk1.8.0_271\jre\lib\javaws.jar;C:\Program Files\Java\jdk1.8.0_271\jre\lib\jce.jar;C:\Program Files\Java\jdk1.8.0_271\jre\lib\jfr.jar;C:\Program Files\Java\jdk1.8.0_271\jre\lib\jfxswt.jar;C:\Program Files\Java\jdk1.8.0_271\jre\lib\jsse.jar;C:\Program Files\Java\jdk1.8.0_271\jre\lib\management-agent.jar;C:\Program Files\Java\jdk1.8.0_271\jre\lib\plugin.jar;C:\Program Files\Java\jdk1.8.0_271\jre\lib\resources.jar;C:\Program Files\Java\jdk1.8.0_271\jre\lib\rt.jar;C:\Users\Mustafa YARDIMCI\Desktop\OdeAlCaseProject\target\test-classes;C:\Users\Mustafa YARDIMCI\.m2\repository\com\thoughtworks\gauge\gauge-java\0.7.13\gauge-java-0.7.13.jar;C:\Users\Mustafa YARDIMCI\.m2\repository\com\github\javaparser\javaparser-core\3.16.2\javaparser-core-3.16.2.jar;C:\Users\Mustafa YARDIMCI\.m2\repository\commons-io\commons-io\2.8.0\commons-io-2.8.0.jar;C:\Users\Mustafa YARDIMCI\.m2\repository\commons-lang\commons-lang\2.6\commons-lang-2.6.jar;C:\Users\Mustafa YARDIMCI\.m2\repository\org\json\json\20200518\json-20200518.jar;C:\Users\Mustafa YARDIMCI\.m2\repository\com\google\protobuf\protobuf-java\3.13.0\protobuf-java-3.13.0.jar;C:\Users\Mustafa YARDIMCI\.m2\repository\com\google\guava\guava\29.0-jre\guava-29.0-jre.jar;C:\Users\Mustafa YARDIMCI\.m2\repository\com\google\guava\failureaccess\1.0.1\failureaccess-1.0.1.jar;C:\Users\Mustafa YARDIMCI\.m2\repository\com\google\guava\listenablefuture\9999.0-empty-to-avoid-conflict-with-guava\listenablefuture-9999.0-empty-to-avoid-conflict-with-guava.jar;C:\Users\Mustafa YARDIMCI\.m2\repository\com\google\code\findbugs\jsr305\3.0.2\jsr305-3.0.2.jar;C:\Users\Mustafa YARDIMCI\.m2\repository\org\checkerframework\checker-qual\2.11.1\checker-qual-2.11.1.jar;C:\Users\Mustafa YARDIMCI\.m2\repository\com\google\errorprone\error_prone_annotations\2.3.4\error_prone_annotations-2.3.4.jar;C:\Users\Mustafa YARDIMCI\.m2\repository\com\google\j2objc\j2objc-annotations\1.3\j2objc-annotations-1.3.jar;C:\Users\Mustafa YARDIMCI\.m2\repository\io\grpc\grpc-netty-shaded\1.33.0\grpc-netty-shaded-1.33.0.jar;C:\Users\Mustafa YARDIMCI\.m2\repository\io\grpc\grpc-core\1.33.0\grpc-core-1.33.0.jar;C:\Users\Mustafa YARDIMCI\.m2\repository\com\google\android\annotations\4.1.1.4\annotations-4.1.1.4.jar;C:\Users\Mustafa YARDIMCI\.m2\repository\io\perfmark\perfmark-api\0.19.0\perfmark-api-0.19.0.jar;C:\Users\Mustafa YARDIMCI\.m2\repository\io\grpc\grpc-protobuf\1.33.0\grpc-protobuf-1.33.0.jar;C:\Users\Mustafa YARDIMCI\.m2\repository\io\grpc\grpc-api\1.33.0\grpc-api-1.33.0.jar;C:\Users\Mustafa YARDIMCI\.m2\repository\io\grpc\grpc-context\1.33.0\grpc-context-1.33.0.jar;C:\Users\Mustafa YARDIMCI\.m2\repository\com\google\api\grpc\proto-google-common-protos\1.17.0\proto-google-common-protos-1.17.0.jar;C:\Users\Mustafa YARDIMCI\.m2\repository\io\grpc\grpc-protobuf-lite\1.33.0\grpc-protobuf-lite-1.33.0.jar;C:\Users\Mustafa YARDIMCI\.m2\repository\org\codehaus\mojo\animal-sniffer-annotations\1.18\animal-sniffer-annotations-1.18.jar;C:\Users\Mustafa YARDIMCI\.m2\repository\io\grpc\grpc-stub\1.33.0\grpc-stub-1.33.0.jar;C:\Users\Mustafa YARDIMCI\.m2\repository\javax\annotation\javax.annotation-api\1.3.2\javax.annotation-api-1.3.2.jar;C:\Users\Mustafa YARDIMCI\.m2\repository\org\assertj\assertj-core\3.10.0\assertj-core-3.10.0.jar;C:\Users\Mustafa YARDIMCI\.m2\repository\org\seleniumhq\selenium\selenium-java\3.141.59\selenium-java-3.141.59.jar;C:\Users\Mustafa YARDIMCI\.m2\repository\org\seleniumhq\selenium\selenium-api\3.141.59\selenium-api-3.141.59.jar;C:\Users\Mustafa YARDIMCI\.m2\repository\org\seleniumhq\selenium\selenium-chrome-driver\3.141.59\selenium-chrome-driver-3.141.59.jar;C:\Users\Mustafa YARDIMCI\.m2\repository\org\seleniumhq\selenium\selenium-edge-driver\3.141.59\selenium-edge-driver-3.141.59.jar;C:\Users\Mustafa YARDIMCI\.m2\repository\org\seleniumhq\selenium\selenium-firefox-driver\3.141.59\selenium-firefox-driver-3.141.59.jar;C:\Users\Mustafa YARDIMCI\.m2\repository\org\seleniumhq\selenium\selenium-ie-driver\3.141.59\selenium-ie-driver-3.141.59.jar;C:\Users\Mustafa YARDIMCI\.m2\repository\org\seleniumhq\selenium\selenium-opera-driver\3.141.59\selenium-opera-driver-3.141.59.jar;C:\Users\Mustafa YARDIMCI\.m2\repository\org\seleniumhq\selenium\selenium-remote-driver\3.141.59\selenium-remote-driver-3.141.59.jar;C:\Users\Mustafa YARDIMCI\.m2\repository\org\seleniumhq\selenium\selenium-safari-driver\3.141.59\selenium-safari-driver-3.141.59.jar;C:\Users\Mustafa YARDIMCI\.m2\repository\org\seleniumhq\selenium\selenium-support\3.141.59\selenium-support-3.141.59.jar;C:\Users\Mustafa YARDIMCI\.m2\repository\net\bytebuddy\byte-buddy\1.8.15\byte-buddy-1.8.15.jar;C:\Users\Mustafa YARDIMCI\.m2\repository\org\apache\commons\commons-exec\1.3\commons-exec-1.3.jar;C:\Users\Mustafa YARDIMCI\.m2\repository\com\squareup\okhttp3\okhttp\3.11.0\okhttp-3.11.0.jar;C:\Users\Mustafa YARDIMCI\.m2\repository\com\squareup\okio\okio\1.14.0\okio-1.14.0.jar;C:\Users\Mustafa YARDIMCI\.m2\repository\io\github\bonigarcia\webdrivermanager\4.2.0\webdrivermanager-4.2.0.jar;C:\Users\Mustafa YARDIMCI\.m2\repository\org\slf4j\slf4j-api\1.7.30\slf4j-api-1.7.30.jar;C:\Users\Mustafa YARDIMCI\.m2\repository\com\google\code\gson\gson\2.8.6\gson-2.8.6.jar;C:\Users\Mustafa YARDIMCI\.m2\repository\org\apache\commons\commons-lang3\3.11\commons-lang3-3.11.jar;C:\Users\Mustafa YARDIMCI\.m2\repository\org\apache\httpcomponents\client5\httpclient5\5.0.1\httpclient5-5.0.1.jar;C:\Users\Mustafa YARDIMCI\.m2\repository\org\apache\httpcomponents\core5\httpcore5\5.0.1\httpcore5-5.0.1.jar;C:\Users\Mustafa YARDIMCI\.m2\repository\org\apache\httpcomponents\core5\httpcore5-h2\5.0.1\httpcore5-h2-5.0.1.jar;C:\Users\Mustafa YARDIMCI\.m2\repository\commons-codec\commons-codec\1.13\commons-codec-1.13.jar;C:\Users\Mustafa YARDIMCI\.m2\repository\org\rauschig\jarchivelib\1.0.0\jarchivelib-1.0.0.jar;C:\Users\Mustafa YARDIMCI\.m2\repository\org\apache\commons\commons-compress\1.18\commons-compress-1.18.jar;C:\Users\Mustafa YARDIMCI\.m2\repository\org\jsoup\jsoup\1.13.1\jsoup-1.13.1.jar;C:\Users\Mustafa YARDIMCI\.m2\repository\org\reflections\reflections\0.9.10\reflections-0.9.10.jar;C:\Users\Mustafa YARDIMCI\.m2\repository\org\javassist\javassist\3.19.0-GA\javassist-3.19.0-GA.jar;C:\Users\Mustafa YARDIMCI\.m2\repository\com\google\code\findbugs\annotations\2.0.1\annotations-2.0.1.jar;C:\Users\Mustafa YARDIMCI\.m2\repository\junit\junit\4.12\junit-4.12.jar;C:\Users\Mustafa YARDIMCI\.m2\repository\org\hamcrest\hamcrest-core\1.3\hamcrest-core-1.3.jar
31-03-2021 15:12:25.237 [Gauge] [DEBUG] Downloading https://downloads.gauge.org/plugin/java?l=java&p=html-report,java,screenshot,spectacle&o=windows&a=amd64
31-03-2021 15:12:25.238 [java] [DEBUG] found java executable in C:\Program Files\Java\jdk1.8.0_271\jre\bin\java.exe
31-03-2021 15:12:25.238 [java] [DEBUG] running - C:\Program Files\Java\jdk1.8.0_271\jre\bin\java.exe [-Dfile.encoding=UTF-8 com.thoughtworks.gauge.GaugeRuntime --start]
31-03-2021 15:12:25.238 [java] [DEBUG] stdout/stderr is logged to logs\7676-java.exe.out
31-03-2021 15:12:25.300 [Gauge] [DEBUG] Downloading https://downloads.gauge.org/plugin/screenshot?l=java&p=html-report,java,screenshot,spectacle&o=windows&a=amd64
31-03-2021 15:12:25.360 [Gauge] [DEBUG] Downloading https://downloads.gauge.org/plugin/spectacle?l=java&p=html-report,java,screenshot,spectacle&o=windows&a=amd64
31-03-2021 15:12:25.433 [java] [DEBUG] multithreading is set to false
31-03-2021 15:12:25.788 [java] [DEBUG] Using reflection to scan dependencies for gauge implementations...
31-03-2021 15:12:25.857 [java] [ERROR] SLF4J: Failed to load class "org.slf4j.impl.StaticLoggerBinder".
31-03-2021 15:12:25.857 [java] [ERROR] SLF4J: Defaulting to no-operation (NOP) logger implementation
31-03-2021 15:12:25.857 [java] [ERROR] SLF4J: See http://www.slf4j.org/codes.html#StaticLoggerBinder for further details.
31-03-2021 15:12:26.421 [java] [DEBUG] gauge-java took 987milliseconds to load and scan. This should be less than 'runner_connection_timeout' config value.
31-03-2021 15:12:26.421 [java] [DEBUG] run 'gauge config runner_connection_timeout' and verify that it is < 987
31-03-2021 15:12:26.421 [java] [DEBUG] starting gRPC server...
31-03-2021 15:12:27.069 [java] [DEBUG] started gRPC server on port 53140
31-03-2021 15:12:27.069 [Gauge] [DEBUG] Attempting to connect to grpc server at port: 53140
31-03-2021 15:12:27.171 [Gauge] [DEBUG] Successfully made the connection with runner with port: 53140
31-03-2021 15:12:27.183 [Gauge] [DEBUG] Validation started.
31-03-2021 15:12:28.675 [java] [DEBUG] Scanning packages for steps
31-03-2021 15:12:28.688 [java] [DEBUG] Comparing 'Tests.LoginTest.SetUserName' and 'Tests.LoginTest.SetUserName'
31-03-2021 15:12:28.688 [java] [DEBUG] Found Kullanıcı adı {} olarak girilir in current project scope.
31-03-2021 15:12:28.688 [java] [DEBUG] Comparing 'Tests.LoginTest.IsLoginSuccess' and 'Tests.LoginTest.IsLoginSuccess'
31-03-2021 15:12:28.688 [java] [DEBUG] Found Login girisinin basarili oldugu gorulur in current project scope.
31-03-2021 15:12:28.688 [java] [DEBUG] Comparing 'Tests.LoginTest.ClickSignIn' and 'Tests.LoginTest.ClickSignIn'
31-03-2021 15:12:28.688 [java] [DEBUG] Found Anasayfada giris Yap a tiklanir in current project scope.
31-03-2021 15:12:28.688 [java] [DEBUG] Comparing 'Tests.LoginTest.SetPassword' and 'Tests.LoginTest.SetPassword'
31-03-2021 15:12:28.688 [java] [DEBUG] Found Password alanına {} girilir in current project scope.
31-03-2021 15:12:28.688 [java] [DEBUG] Comparing 'Tests.HomePageTest.IsHomePageLoaded' and 'Tests.HomePageTest.IsHomePageLoaded'
31-03-2021 15:12:28.688 [java] [DEBUG] Found Anasayfanin acildigi gorulur in current project scope.
31-03-2021 15:12:28.689 [java] [DEBUG] Comparing 'Tests.HomePageTest.initializeWebSite' and 'Tests.HomePageTest.initializeWebSite'
31-03-2021 15:12:28.689 [java] [DEBUG] Found {} sitesine giris yapilir in current project scope.
31-03-2021 15:12:28.689 [java] [DEBUG] Comparing 'Tests.LoginTest.ClikcLoginButton' and 'Tests.LoginTest.ClikcLoginButton'
31-03-2021 15:12:28.689 [java] [DEBUG] Found Giris Yap butonuna tiklanir in current project scope.
31-03-2021 15:12:28.689 [java] [DEBUG] Scanning packages for hooks
31-03-2021 15:12:28.694 [java] [DEBUG] Scanned steps (using static parsing + reflections): 
31-03-2021 15:12:28.694 [java] [DEBUG] 	Login girisinin basarili oldugu gorulur : public void IsLoginSuccess()
31-03-2021 15:12:28.694 [java] [DEBUG] 	Anasayfanin acildigi gorulur : public void IsHomePageLoaded()
31-03-2021 15:12:28.694 [java] [DEBUG] 	Kullanıcı adı {} olarak girilir : public void SetUserName(String userName)
31-03-2021 15:12:28.694 [java] [DEBUG] 	Giris Yap butonuna tiklanir : public void ClikcLoginButton()
31-03-2021 15:12:28.694 [java] [DEBUG] 	{} sitesine giris yapilir : public void initializeWebSite(String url)
31-03-2021 15:12:28.694 [java] [DEBUG] 	Anasayfada giris Yap a tiklanir : public void ClickSignIn()
31-03-2021 15:12:28.694 [java] [DEBUG] 	Password alanına {} girilir : public void SetPassword(String password)
31-03-2021 15:12:30.709 [Gauge] [DEBUG] Validation completed.
31-03-2021 15:12:30.710 [Gauge] [DEBUG] Run started
31-03-2021 15:12:30.711 [Gauge] [DEBUG] Starting Html Report plugin
31-03-2021 15:12:31.303 [Gauge] [DEBUG] Attempting to connect to grpc server at port: 53147
31-03-2021 15:12:31.304 [Gauge] [DEBUG] Successfully made the connection with plugin with port: 53147
31-03-2021 15:12:31.304 [Gauge] [DEBUG] Initialising suite data store.
31-03-2021 15:12:32.499 [java] [ERROR] Starting ChromeDriver 89.0.4389.23 (61b08ee2c50024bab004e48d2b1b083cdbdac579-refs/branch-heads/4389@{#294}) on port 21655
31-03-2021 15:12:32.499 [java] [ERROR] Only local connections are allowed.
31-03-2021 15:12:32.499 [java] [ERROR] Please see https://chromedriver.chromium.org/security-considerations for suggestions on keeping ChromeDriver safe.
31-03-2021 15:12:32.505 [java] [ERROR] ChromeDriver was started successfully.
31-03-2021 15:12:33.620 [java] [ERROR] Mar 31, 2021 3:12:33 PM org.openqa.selenium.remote.ProtocolHandshake createSession
31-03-2021 15:12:33.620 [java] [ERROR] INFO: Detected dialect: W3C
31-03-2021 15:12:33.793 [java] [DEBUG] Executing '{} sitesine giris yapilir' using 'class Tests.HomePageTest.initializeWebSite
31-03-2021 15:12:37.415 [java] [DEBUG] Executing 'Anasayfanin acildigi gorulur' using 'class Tests.HomePageTest.IsHomePageLoaded
31-03-2021 15:12:37.531 [java] [DEBUG] Executing 'Anasayfada giris Yap a tiklanir' using 'class Tests.LoginTest.ClickSignIn
31-03-2021 15:12:39.176 [java] [DEBUG] Executing 'Kullanıcı adı {} olarak girilir' using 'class Tests.LoginTest.SetUserName
31-03-2021 15:12:41.451 [java] [DEBUG] Executing 'Password alanına {} girilir' using 'class Tests.LoginTest.SetPassword
31-03-2021 15:12:41.716 [java] [DEBUG] Executing 'Giris Yap butonuna tiklanir' using 'class Tests.LoginTest.ClikcLoginButton
31-03-2021 15:12:41.892 [java] [DEBUG] Executing 'Login girisinin basarili oldugu gorulur' using 'class Tests.LoginTest.IsLoginSuccess
31-03-2021 15:12:46.422 [html-report] [DEBUG] Transformed SuiteResult to report structure
31-03-2021 15:12:47.220 [html-report] [INFO] Successfully generated html-report to => C:\Users\Mustafa YARDIMCI\Desktop\OdeAlCaseProject\reports\html-report\index.html
31-03-2021 15:12:47.220 [html-report] [DEBUG] Done generating HTML report using theme from C:\Users\Mustafa YARDIMCI\AppData\Roaming\gauge\plugins\html-report\4.0.12\themes\default
31-03-2021 15:12:47.220 [Gauge] [DEBUG] Sending kill message to Html Report plugin.
31-03-2021 15:12:47.989 [Gauge] [DEBUG] Runner with PID:7676 has exited
31-03-2021 15:12:47.989 [Gauge] [INFO] Specifications:	1 executed	1 passed	0 failed	0 skipped
31-03-2021 15:12:47.989 [Gauge] [INFO] Scenarios:	1 executed	1 passed	0 failed	0 skipped
31-03-2021 15:12:47.995 [Gauge] [INFO] 
Total time taken: 15.709s
31-03-2021 15:12:47.999 [Gauge] [INFO] Updates are available. Run `gauge update -c` for more info.
31-03-2021 15:37:27.889 [Gauge] [DEBUG] Created gauge_screenshots_dir at C:\Users\Mustafa YARDIMCI\Desktop\OdeAlCaseProject\.gauge\screenshots
31-03-2021 15:37:27.891 [Gauge] [DEBUG] Plugin html-report is already installed.
31-03-2021 15:37:27.891 [Gauge] [DEBUG] Plugin java is already installed.
31-03-2021 15:37:27.892 [Gauge] [DEBUG] Parsing started.
31-03-2021 15:37:27.892 [Gauge] [DEBUG] Started concepts parsing.
31-03-2021 15:37:27.896 [Gauge] [DEBUG] 0 concepts parsing completed.
31-03-2021 15:37:27.896 [Gauge] [DEBUG] Started specifications parsing.
31-03-2021 15:37:27.896 [Gauge] [DEBUG] 1 specifications parsing completed.
31-03-2021 15:37:27.896 [Gauge] [DEBUG] Parsing completed.
31-03-2021 15:37:27.911 [java] [DEBUG] ***** Printing Properties/Env Values *****
31-03-2021 15:37:27.911 [java] [DEBUG] PATH: C:\Program Files\Java\jdk1.8.0_271\bin;C:\WINDOWS\system32;C:\WINDOWS;C:\WINDOWS\System32\Wbem;C:\WINDOWS\System32\WindowsPowerShell\v1.0\;C:\WINDOWS\System32\OpenSSH\;C:\Program Files\dotnet\;C:\Program Files\Microsoft SQL Server\130\Tools\Binn\;C:\Program Files\Microsoft SQL Server\Client SDK\ODBC\130\Tools\Binn\;C:\Program Files (x86)\Microsoft SQL Server\130\Tools\Binn\;C:\Program Files\Microsoft SQL Server\130\DTS\Binn\;C:\Program Files (x86)\Microsoft SQL Server\Client SDK\ODBC\130\Tools\Binn\;C:\Program Files (x86)\Microsoft SQL Server\130\DTS\Binn\;C:\Program Files (x86)\Microsoft SQL Server\130\Tools\Binn\ManagementStudio\;C:\ProgramData\chocolatey\bin;C:\Program Files\Microsoft VS Code\bin;C:\Program Files\Microsoft SQL Server\Client SDK\ODBC\170\Tools\Binn\;C:\Program Files\Git\cmd;C:\Program Files\Gauge\bin;C:\Program Files (x86)\dotnet\;C:\Program Files\nodejs\;C:\Users\Mustafa YARDIMCI\AppData\Local\Programs\Python\Python38-32\Scripts\;C:\Users\Mustafa YARDIMCI\AppData\Local\Programs\Python\Python38-32\;C:\Users\Mustafa YARDIMCI\AppData\Local\Microsoft\WindowsApps;C:\Users\Mustafa YARDIMCI\AppData\Local\GitHubDesktop\bin;C:\Users\Mustafa YARDIMCI\AppData\Local\Microsoft\WindowsApps;C:\Program Files\Java\jdk1.8.0_271\bin;C:\Program Files\JetBrains\IntelliJ IDEA 2020.3.1\bin;C:\Users\Mustafa YARDIMCI\.dotnet\tools;C:\Users\Mustafa YARDIMCI\AppData\Roaming\npm;C:\Users\Mustafa YARDIMCI\AppData\Roaming\gauge\plugins\screenshot\0.0.1
31-03-2021 15:37:27.911 [java] [DEBUG] JAVA_HOME: C:\Program Files\Java\jdk1.8.0_271
31-03-2021 15:37:27.911 [java] [DEBUG] gauge_project_root: C:\Users\Mustafa YARDIMCI\Desktop\OdeAlCaseProject
31-03-2021 15:37:27.911 [java] [DEBUG] gauge_parallel_streams_count: 12
31-03-2021 15:37:27.911 [java] [DEBUG] gauge_reports_dir: reports
31-03-2021 15:37:27.912 [java] [DEBUG] overwrite_reports: true
31-03-2021 15:37:27.912 [java] [DEBUG] logs_directory: logs
31-03-2021 15:37:27.912 [java] [DEBUG] enable_multithreading: false
31-03-2021 15:37:27.912 [java] [DEBUG] gauge_specs_dir: specs
31-03-2021 15:37:27.912 [java] [DEBUG] csv_delimiter: ,
31-03-2021 15:37:27.912 [java] [DEBUG] gauge_java_home: 
31-03-2021 15:37:27.912 [java] [DEBUG] gauge_custom_build_path: 
31-03-2021 15:37:27.912 [java] [DEBUG] gauge_additional_libs: libs/*
31-03-2021 15:37:27.912 [java] [DEBUG] gauge_jvm_args: 
31-03-2021 15:37:27.912 [java] [DEBUG] gauge_custom_compile_dir: 
31-03-2021 15:37:27.912 [java] [DEBUG] gauge_clear_state_level: scenario
31-03-2021 15:37:27.912 [java] [DEBUG] ***** END *****
31-03-2021 15:37:27.925 [java] [ERROR] exec: "mvn": executable file not found in %!P(MISSING)ATH%!(NOVERB)
31-03-2021 15:37:27.925 [java] [ERROR] Installed version of gauge-java (0.7.13) does not match with dependency gauge-java () specified in pom.xml file
31-03-2021 15:37:27.925 [java] [DEBUG] classpath set to C:\Program Files\Java\jdk1.8.0_271\jre\lib\charsets.jar;C:\Program Files\Java\jdk1.8.0_271\jre\lib\deploy.jar;C:\Program Files\Java\jdk1.8.0_271\jre\lib\ext\access-bridge-64.jar;C:\Program Files\Java\jdk1.8.0_271\jre\lib\ext\cldrdata.jar;C:\Program Files\Java\jdk1.8.0_271\jre\lib\ext\dnsns.jar;C:\Program Files\Java\jdk1.8.0_271\jre\lib\ext\jaccess.jar;C:\Program Files\Java\jdk1.8.0_271\jre\lib\ext\jfxrt.jar;C:\Program Files\Java\jdk1.8.0_271\jre\lib\ext\localedata.jar;C:\Program Files\Java\jdk1.8.0_271\jre\lib\ext\nashorn.jar;C:\Program Files\Java\jdk1.8.0_271\jre\lib\ext\sunec.jar;C:\Program Files\Java\jdk1.8.0_271\jre\lib\ext\sunjce_provider.jar;C:\Program Files\Java\jdk1.8.0_271\jre\lib\ext\sunmscapi.jar;C:\Program Files\Java\jdk1.8.0_271\jre\lib\ext\sunpkcs11.jar;C:\Program Files\Java\jdk1.8.0_271\jre\lib\ext\zipfs.jar;C:\Program Files\Java\jdk1.8.0_271\jre\lib\javaws.jar;C:\Program Files\Java\jdk1.8.0_271\jre\lib\jce.jar;C:\Program Files\Java\jdk1.8.0_271\jre\lib\jfr.jar;C:\Program Files\Java\jdk1.8.0_271\jre\lib\jfxswt.jar;C:\Program Files\Java\jdk1.8.0_271\jre\lib\jsse.jar;C:\Program Files\Java\jdk1.8.0_271\jre\lib\management-agent.jar;C:\Program Files\Java\jdk1.8.0_271\jre\lib\plugin.jar;C:\Program Files\Java\jdk1.8.0_271\jre\lib\resources.jar;C:\Program Files\Java\jdk1.8.0_271\jre\lib\rt.jar;C:\Users\Mustafa YARDIMCI\Desktop\OdeAlCaseProject\target\test-classes;C:\Users\Mustafa YARDIMCI\.m2\repository\com\thoughtworks\gauge\gauge-java\0.7.13\gauge-java-0.7.13.jar;C:\Users\Mustafa YARDIMCI\.m2\repository\com\github\javaparser\javaparser-core\3.16.2\javaparser-core-3.16.2.jar;C:\Users\Mustafa YARDIMCI\.m2\repository\commons-io\commons-io\2.8.0\commons-io-2.8.0.jar;C:\Users\Mustafa YARDIMCI\.m2\repository\commons-lang\commons-lang\2.6\commons-lang-2.6.jar;C:\Users\Mustafa YARDIMCI\.m2\repository\org\json\json\20200518\json-20200518.jar;C:\Users\Mustafa YARDIMCI\.m2\repository\com\google\protobuf\protobuf-java\3.13.0\protobuf-java-3.13.0.jar;C:\Users\Mustafa YARDIMCI\.m2\repository\com\google\guava\guava\29.0-jre\guava-29.0-jre.jar;C:\Users\Mustafa YARDIMCI\.m2\repository\com\google\guava\failureaccess\1.0.1\failureaccess-1.0.1.jar;C:\Users\Mustafa YARDIMCI\.m2\repository\com\google\guava\listenablefuture\9999.0-empty-to-avoid-conflict-with-guava\listenablefuture-9999.0-empty-to-avoid-conflict-with-guava.jar;C:\Users\Mustafa YARDIMCI\.m2\repository\com\google\code\findbugs\jsr305\3.0.2\jsr305-3.0.2.jar;C:\Users\Mustafa YARDIMCI\.m2\repository\org\checkerframework\checker-qual\2.11.1\checker-qual-2.11.1.jar;C:\Users\Mustafa YARDIMCI\.m2\repository\com\google\errorprone\error_prone_annotations\2.3.4\error_prone_annotations-2.3.4.jar;C:\Users\Mustafa YARDIMCI\.m2\repository\com\google\j2objc\j2objc-annotations\1.3\j2objc-annotations-1.3.jar;C:\Users\Mustafa YARDIMCI\.m2\repository\io\grpc\grpc-netty-shaded\1.33.0\grpc-netty-shaded-1.33.0.jar;C:\Users\Mustafa YARDIMCI\.m2\repository\io\grpc\grpc-core\1.33.0\grpc-core-1.33.0.jar;C:\Users\Mustafa YARDIMCI\.m2\repository\com\google\android\annotations\4.1.1.4\annotations-4.1.1.4.jar;C:\Users\Mustafa YARDIMCI\.m2\repository\io\perfmark\perfmark-api\0.19.0\perfmark-api-0.19.0.jar;C:\Users\Mustafa YARDIMCI\.m2\repository\io\grpc\grpc-protobuf\1.33.0\grpc-protobuf-1.33.0.jar;C:\Users\Mustafa YARDIMCI\.m2\repository\io\grpc\grpc-api\1.33.0\grpc-api-1.33.0.jar;C:\Users\Mustafa YARDIMCI\.m2\repository\io\grpc\grpc-context\1.33.0\grpc-context-1.33.0.jar;C:\Users\Mustafa YARDIMCI\.m2\repository\com\google\api\grpc\proto-google-common-protos\1.17.0\proto-google-common-protos-1.17.0.jar;C:\Users\Mustafa YARDIMCI\.m2\repository\io\grpc\grpc-protobuf-lite\1.33.0\grpc-protobuf-lite-1.33.0.jar;C:\Users\Mustafa YARDIMCI\.m2\repository\org\codehaus\mojo\animal-sniffer-annotations\1.18\animal-sniffer-annotations-1.18.jar;C:\Users\Mustafa YARDIMCI\.m2\repository\io\grpc\grpc-stub\1.33.0\grpc-stub-1.33.0.jar;C:\Users\Mustafa YARDIMCI\.m2\repository\javax\annotation\javax.annotation-api\1.3.2\javax.annotation-api-1.3.2.jar;C:\Users\Mustafa YARDIMCI\.m2\repository\org\assertj\assertj-core\3.10.0\assertj-core-3.10.0.jar;C:\Users\Mustafa YARDIMCI\.m2\repository\org\seleniumhq\selenium\selenium-java\3.141.59\selenium-java-3.141.59.jar;C:\Users\Mustafa YARDIMCI\.m2\repository\org\seleniumhq\selenium\selenium-api\3.141.59\selenium-api-3.141.59.jar;C:\Users\Mustafa YARDIMCI\.m2\repository\org\seleniumhq\selenium\selenium-chrome-driver\3.141.59\selenium-chrome-driver-3.141.59.jar;C:\Users\Mustafa YARDIMCI\.m2\repository\org\seleniumhq\selenium\selenium-edge-driver\3.141.59\selenium-edge-driver-3.141.59.jar;C:\Users\Mustafa YARDIMCI\.m2\repository\org\seleniumhq\selenium\selenium-firefox-driver\3.141.59\selenium-firefox-driver-3.141.59.jar;C:\Users\Mustafa YARDIMCI\.m2\repository\org\seleniumhq\selenium\selenium-ie-driver\3.141.59\selenium-ie-driver-3.141.59.jar;C:\Users\Mustafa YARDIMCI\.m2\repository\org\seleniumhq\selenium\selenium-opera-driver\3.141.59\selenium-opera-driver-3.141.59.jar;C:\Users\Mustafa YARDIMCI\.m2\repository\org\seleniumhq\selenium\selenium-remote-driver\3.141.59\selenium-remote-driver-3.141.59.jar;C:\Users\Mustafa YARDIMCI\.m2\repository\org\seleniumhq\selenium\selenium-safari-driver\3.141.59\selenium-safari-driver-3.141.59.jar;C:\Users\Mustafa YARDIMCI\.m2\repository\org\seleniumhq\selenium\selenium-support\3.141.59\selenium-support-3.141.59.jar;C:\Users\Mustafa YARDIMCI\.m2\repository\net\bytebuddy\byte-buddy\1.8.15\byte-buddy-1.8.15.jar;C:\Users\Mustafa YARDIMCI\.m2\repository\org\apache\commons\commons-exec\1.3\commons-exec-1.3.jar;C:\Users\Mustafa YARDIMCI\.m2\repository\com\squareup\okhttp3\okhttp\3.11.0\okhttp-3.11.0.jar;C:\Users\Mustafa YARDIMCI\.m2\repository\com\squareup\okio\okio\1.14.0\okio-1.14.0.jar;C:\Users\Mustafa YARDIMCI\.m2\repository\io\github\bonigarcia\webdrivermanager\4.2.0\webdrivermanager-4.2.0.jar;C:\Users\Mustafa YARDIMCI\.m2\repository\org\slf4j\slf4j-api\1.7.30\slf4j-api-1.7.30.jar;C:\Users\Mustafa YARDIMCI\.m2\repository\com\google\code\gson\gson\2.8.6\gson-2.8.6.jar;C:\Users\Mustafa YARDIMCI\.m2\repository\org\apache\commons\commons-lang3\3.11\commons-lang3-3.11.jar;C:\Users\Mustafa YARDIMCI\.m2\repository\org\apache\httpcomponents\client5\httpclient5\5.0.1\httpclient5-5.0.1.jar;C:\Users\Mustafa YARDIMCI\.m2\repository\org\apache\httpcomponents\core5\httpcore5\5.0.1\httpcore5-5.0.1.jar;C:\Users\Mustafa YARDIMCI\.m2\repository\org\apache\httpcomponents\core5\httpcore5-h2\5.0.1\httpcore5-h2-5.0.1.jar;C:\Users\Mustafa YARDIMCI\.m2\repository\commons-codec\commons-codec\1.13\commons-codec-1.13.jar;C:\Users\Mustafa YARDIMCI\.m2\repository\org\rauschig\jarchivelib\1.0.0\jarchivelib-1.0.0.jar;C:\Users\Mustafa YARDIMCI\.m2\repository\org\apache\commons\commons-compress\1.18\commons-compress-1.18.jar;C:\Users\Mustafa YARDIMCI\.m2\repository\org\jsoup\jsoup\1.13.1\jsoup-1.13.1.jar;C:\Users\Mustafa YARDIMCI\.m2\repository\org\reflections\reflections\0.9.10\reflections-0.9.10.jar;C:\Users\Mustafa YARDIMCI\.m2\repository\org\javassist\javassist\3.19.0-GA\javassist-3.19.0-GA.jar;C:\Users\Mustafa YARDIMCI\.m2\repository\com\google\code\findbugs\annotations\2.0.1\annotations-2.0.1.jar;C:\Users\Mustafa YARDIMCI\.m2\repository\junit\junit\4.12\junit-4.12.jar;C:\Users\Mustafa YARDIMCI\.m2\repository\org\hamcrest\hamcrest-core\1.3\hamcrest-core-1.3.jar
31-03-2021 15:37:27.961 [java] [DEBUG] found java executable in C:\Program Files\Java\jdk1.8.0_271\jre\bin\java.exe
31-03-2021 15:37:27.961 [java] [INFO] 
Runner Ready for Debugging
31-03-2021 15:37:27.961 [java] [DEBUG] running - C:\Program Files\Java\jdk1.8.0_271\jre\bin\java.exe [-agentlib:jdwp=transport=dt_socket,server=y,suspend=y,address=53961,timeout=25000 -Dfile.encoding=UTF-8 com.thoughtworks.gauge.GaugeRuntime --start]
31-03-2021 15:37:27.961 [java] [DEBUG] stdout/stderr is logged to logs\10944-java.exe.out
31-03-2021 15:37:28.078 [java] [INFO] Listening for transport dt_socket at address: 53961
31-03-2021 15:37:28.142 [Gauge] [DEBUG] Checking updates...
31-03-2021 15:37:28.143 [Gauge] [DEBUG] Downloading https://downloads.gauge.org/plugin/html-report?l=java&p=html-report,java,screenshot,spectacle&o=windows&a=amd64
31-03-2021 15:37:28.521 [Gauge] [DEBUG] Downloading https://downloads.gauge.org/plugin/java?l=java&p=html-report,java,screenshot,spectacle&o=windows&a=amd64
31-03-2021 15:37:28.582 [Gauge] [DEBUG] Downloading https://downloads.gauge.org/plugin/screenshot?l=java&p=html-report,java,screenshot,spectacle&o=windows&a=amd64
31-03-2021 15:37:28.643 [Gauge] [DEBUG] Downloading https://downloads.gauge.org/plugin/spectacle?l=java&p=html-report,java,screenshot,spectacle&o=windows&a=amd64
31-03-2021 15:37:33.832 [java] [DEBUG] multithreading is set to false
31-03-2021 15:37:34.204 [java] [DEBUG] Using reflection to scan dependencies for gauge implementations...
31-03-2021 15:37:34.274 [java] [ERROR] SLF4J: Failed to load class "org.slf4j.impl.StaticLoggerBinder".
31-03-2021 15:37:34.274 [java] [ERROR] SLF4J: Defaulting to no-operation (NOP) logger implementation
31-03-2021 15:37:34.274 [java] [ERROR] SLF4J: See http://www.slf4j.org/codes.html#StaticLoggerBinder for further details.
31-03-2021 15:37:34.866 [java] [DEBUG] gauge-java took 1028milliseconds to load and scan. This should be less than 'runner_connection_timeout' config value.
31-03-2021 15:37:34.866 [java] [DEBUG] run 'gauge config runner_connection_timeout' and verify that it is < 1028
31-03-2021 15:37:34.866 [java] [DEBUG] starting gRPC server...
31-03-2021 15:37:35.525 [java] [DEBUG] started gRPC server on port 53999
31-03-2021 15:37:35.525 [Gauge] [DEBUG] Attempting to connect to grpc server at port: 53999
31-03-2021 15:37:35.645 [Gauge] [DEBUG] Successfully made the connection with runner with port: 53999
31-03-2021 15:37:35.645 [Gauge] [DEBUG] Validation started.
31-03-2021 15:37:37.128 [java] [DEBUG] Scanning packages for steps
31-03-2021 15:37:37.204 [java] [DEBUG] Comparing 'Tests.LoginTest.SetUserName' and 'Tests.LoginTest.SetUserName'
31-03-2021 15:37:37.204 [java] [DEBUG] Found Kullanıcı adı {} olarak girilir in current project scope.
31-03-2021 15:37:37.204 [java] [DEBUG] Comparing 'Tests.ProductsPageTest.IsSearchedProductExist' and 'Tests.ProductsPageTest.IsSearchedProductExist'
31-03-2021 15:37:37.204 [java] [DEBUG] Found Aranan urunun geldigi gorulur in current project scope.
31-03-2021 15:37:37.204 [java] [DEBUG] Comparing 'Tests.HomePageTest.SearchProduct' and 'Tests.HomePageTest.SearchProduct'
31-03-2021 15:37:37.204 [java] [DEBUG] Found Arama alaninda {} aratilir in current project scope.
31-03-2021 15:37:37.204 [java] [DEBUG] Comparing 'Tests.LoginTest.IsLoginSuccess' and 'Tests.LoginTest.IsLoginSuccess'
31-03-2021 15:37:37.204 [java] [DEBUG] Found Login girisinin basarili oldugu gorulur in current project scope.
31-03-2021 15:37:37.205 [java] [DEBUG] Comparing 'Tests.LoginTest.ClickSignIn' and 'Tests.LoginTest.ClickSignIn'
31-03-2021 15:37:37.205 [java] [DEBUG] Found Anasayfada giris Yap a tiklanir in current project scope.
31-03-2021 15:37:37.205 [java] [DEBUG] Comparing 'Tests.LoginTest.SetPassword' and 'Tests.LoginTest.SetPassword'
31-03-2021 15:37:37.205 [java] [DEBUG] Found Password alanına {} girilir in current project scope.
31-03-2021 15:37:37.205 [java] [DEBUG] Comparing 'Tests.HomePageTest.IsHomePageLoaded' and 'Tests.HomePageTest.IsHomePageLoaded'
31-03-2021 15:37:37.205 [java] [DEBUG] Found Anasayfanin acildigi gorulur in current project scope.
31-03-2021 15:37:37.205 [java] [DEBUG] Comparing 'Tests.HomePageTest.initializeWebSite' and 'Tests.HomePageTest.initializeWebSite'
31-03-2021 15:37:37.205 [java] [DEBUG] Found {} sitesine giris yapilir in current project scope.
31-03-2021 15:37:37.205 [java] [DEBUG] Comparing 'Tests.ProductsPageTest.ControllSecondPageOpened' and 'Tests.ProductsPageTest.ControllSecondPageOpened'
31-03-2021 15:37:37.205 [java] [DEBUG] Found 2.sayfanin acildigi kontrol edilir in current project scope.
31-03-2021 15:37:37.205 [java] [DEBUG] Comparing 'Tests.LoginTest.ClikcLoginButton' and 'Tests.LoginTest.ClikcLoginButton'
31-03-2021 15:37:37.205 [java] [DEBUG] Found Giris Yap butonuna tiklanir in current project scope.
31-03-2021 15:37:37.205 [java] [DEBUG] Comparing 'Tests.ProductsPageTest.ClickSecondPage' and 'Tests.ProductsPageTest.ClickSecondPage'
31-03-2021 15:37:37.205 [java] [DEBUG] Found 2.sayfaya tiklanir in current project scope.
31-03-2021 15:37:37.205 [java] [DEBUG] Scanning packages for hooks
31-03-2021 15:37:37.213 [java] [DEBUG] Scanned steps (using static parsing + reflections): 
31-03-2021 15:37:37.213 [java] [DEBUG] 	Login girisinin basarili oldugu gorulur : public void IsLoginSuccess()
31-03-2021 15:37:37.213 [java] [DEBUG] 	Anasayfanin acildigi gorulur : public void IsHomePageLoaded()
31-03-2021 15:37:37.213 [java] [DEBUG] 	Kullanıcı adı {} olarak girilir : public void SetUserName(String userName)
31-03-2021 15:37:37.213 [java] [DEBUG] 	Giris Yap butonuna tiklanir : public void ClikcLoginButton()
31-03-2021 15:37:37.213 [java] [DEBUG] 	{} sitesine giris yapilir : public void initializeWebSite(String url)
31-03-2021 15:37:37.213 [java] [DEBUG] 	Anasayfada giris Yap a tiklanir : public void ClickSignIn()
31-03-2021 15:37:37.213 [java] [DEBUG] 	2.sayfaya tiklanir : public void ClickSecondPage()
31-03-2021 15:37:37.213 [java] [DEBUG] 	Aranan urunun geldigi gorulur : public void IsSearchedProductExist()
31-03-2021 15:37:37.213 [java] [DEBUG] 	Arama alaninda {} aratilir : public void SearchProduct(String productName)
31-03-2021 15:37:37.213 [java] [DEBUG] 	2.sayfanin acildigi kontrol edilir : public void ControllSecondPageOpened()
31-03-2021 15:37:37.213 [java] [DEBUG] 	Password alanına {} girilir : public void SetPassword(String password)
31-03-2021 15:37:39.154 [Gauge] [DEBUG] Validation completed.
31-03-2021 15:37:39.155 [Gauge] [DEBUG] Run started
31-03-2021 15:37:39.155 [Gauge] [DEBUG] Starting Html Report plugin
31-03-2021 15:37:39.171 [Gauge] [DEBUG] Attempting to connect to grpc server at port: 54003
31-03-2021 15:37:39.172 [Gauge] [DEBUG] Successfully made the connection with plugin with port: 54003
31-03-2021 15:37:39.172 [Gauge] [DEBUG] Initialising suite data store.
31-03-2021 15:37:39.846 [java] [ERROR] Starting ChromeDriver 89.0.4389.23 (61b08ee2c50024bab004e48d2b1b083cdbdac579-refs/branch-heads/4389@{#294}) on port 22440
31-03-2021 15:37:39.846 [java] [ERROR] Only local connections are allowed.
31-03-2021 15:37:39.846 [java] [ERROR] Please see https://chromedriver.chromium.org/security-considerations for suggestions on keeping ChromeDriver safe.
31-03-2021 15:37:39.851 [java] [ERROR] ChromeDriver was started successfully.
31-03-2021 15:37:41.047 [java] [ERROR] Mar 31, 2021 3:37:41 PM org.openqa.selenium.remote.ProtocolHandshake createSession
31-03-2021 15:37:41.047 [java] [ERROR] INFO: Detected dialect: W3C
31-03-2021 15:37:41.228 [java] [DEBUG] Executing '{} sitesine giris yapilir' using 'class Tests.HomePageTest.initializeWebSite
31-03-2021 15:37:44.605 [java] [DEBUG] Executing 'Anasayfanin acildigi gorulur' using 'class Tests.HomePageTest.IsHomePageLoaded
31-03-2021 15:37:44.706 [java] [DEBUG] Executing 'Anasayfada giris Yap a tiklanir' using 'class Tests.LoginTest.ClickSignIn
31-03-2021 15:37:46.336 [java] [DEBUG] Executing 'Kullanıcı adı {} olarak girilir' using 'class Tests.LoginTest.SetUserName
31-03-2021 15:37:48.992 [java] [DEBUG] Executing 'Password alanına {} girilir' using 'class Tests.LoginTest.SetPassword
31-03-2021 15:37:49.280 [java] [DEBUG] Executing 'Giris Yap butonuna tiklanir' using 'class Tests.LoginTest.ClikcLoginButton
31-03-2021 15:37:49.451 [java] [DEBUG] Executing 'Login girisinin basarili oldugu gorulur' using 'class Tests.LoginTest.IsLoginSuccess
31-03-2021 15:37:53.206 [java] [DEBUG] Executing 'Arama alaninda {} aratilir' using 'class Tests.HomePageTest.SearchProduct
31-03-2021 15:37:53.493 [java] [DEBUG] Executing 'Aranan urunun geldigi gorulur' using 'class Tests.ProductsPageTest.IsSearchedProductExist
31-03-2021 15:37:59.345 [java] [DEBUG] Executing '2.sayfaya tiklanir' using 'class Tests.ProductsPageTest.ClickSecondPage
31-03-2021 15:38:04.546 [java] [DEBUG] Executing '2.sayfanin acildigi kontrol edilir' using 'class Tests.ProductsPageTest.ControllSecondPageOpened
31-03-2021 15:38:25.544 [html-report] [DEBUG] Transformed SuiteResult to report structure
31-03-2021 15:38:25.586 [html-report] [INFO] Successfully generated html-report to => C:\Users\Mustafa YARDIMCI\Desktop\OdeAlCaseProject\reports\html-report\index.html
31-03-2021 15:38:25.586 [html-report] [DEBUG] Done generating HTML report using theme from C:\Users\Mustafa YARDIMCI\AppData\Roaming\gauge\plugins\html-report\4.0.12\themes\default
31-03-2021 15:38:25.586 [Gauge] [DEBUG] Sending kill message to Html Report plugin.
31-03-2021 15:38:26.204 [Gauge] [DEBUG] Runner with PID:10944 has exited
31-03-2021 15:38:26.204 [Gauge] [INFO] Specifications:	1 executed	1 passed	0 failed	0 skipped
31-03-2021 15:38:26.204 [Gauge] [INFO] Scenarios:	1 executed	1 passed	0 failed	0 skipped
31-03-2021 15:38:26.204 [Gauge] [INFO] 
Total time taken: 46.387s
31-03-2021 15:38:26.205 [Gauge] [INFO] Updates are available. Run `gauge update -c` for more info.
31-03-2021 16:12:42.370 [Gauge] [DEBUG] Created gauge_screenshots_dir at C:\Users\Mustafa YARDIMCI\Desktop\OdeAlCaseProject\.gauge\screenshots
31-03-2021 16:12:42.372 [Gauge] [DEBUG] Plugin java is already installed.
31-03-2021 16:12:42.372 [Gauge] [DEBUG] Plugin html-report is already installed.
31-03-2021 16:12:42.373 [Gauge] [DEBUG] Parsing started.
31-03-2021 16:12:42.373 [Gauge] [DEBUG] Started concepts parsing.
31-03-2021 16:12:42.378 [Gauge] [DEBUG] 0 concepts parsing completed.
31-03-2021 16:12:42.378 [Gauge] [DEBUG] Started specifications parsing.
31-03-2021 16:12:42.379 [Gauge] [DEBUG] 1 specifications parsing completed.
31-03-2021 16:12:42.379 [Gauge] [DEBUG] Parsing completed.
31-03-2021 16:12:42.397 [java] [DEBUG] ***** Printing Properties/Env Values *****
31-03-2021 16:12:42.397 [java] [DEBUG] PATH: C:\Program Files\Java\jdk1.8.0_271\bin;C:\WINDOWS\system32;C:\WINDOWS;C:\WINDOWS\System32\Wbem;C:\WINDOWS\System32\WindowsPowerShell\v1.0\;C:\WINDOWS\System32\OpenSSH\;C:\Program Files\dotnet\;C:\Program Files\Microsoft SQL Server\130\Tools\Binn\;C:\Program Files\Microsoft SQL Server\Client SDK\ODBC\130\Tools\Binn\;C:\Program Files (x86)\Microsoft SQL Server\130\Tools\Binn\;C:\Program Files\Microsoft SQL Server\130\DTS\Binn\;C:\Program Files (x86)\Microsoft SQL Server\Client SDK\ODBC\130\Tools\Binn\;C:\Program Files (x86)\Microsoft SQL Server\130\DTS\Binn\;C:\Program Files (x86)\Microsoft SQL Server\130\Tools\Binn\ManagementStudio\;C:\ProgramData\chocolatey\bin;C:\Program Files\Microsoft VS Code\bin;C:\Program Files\Microsoft SQL Server\Client SDK\ODBC\170\Tools\Binn\;C:\Program Files\Git\cmd;C:\Program Files\Gauge\bin;C:\Program Files (x86)\dotnet\;C:\Program Files\nodejs\;C:\Users\Mustafa YARDIMCI\AppData\Local\Programs\Python\Python38-32\Scripts\;C:\Users\Mustafa YARDIMCI\AppData\Local\Programs\Python\Python38-32\;C:\Users\Mustafa YARDIMCI\AppData\Local\Microsoft\WindowsApps;C:\Users\Mustafa YARDIMCI\AppData\Local\GitHubDesktop\bin;C:\Users\Mustafa YARDIMCI\AppData\Local\Microsoft\WindowsApps;C:\Program Files\Java\jdk1.8.0_271\bin;C:\Program Files\JetBrains\IntelliJ IDEA 2020.3.1\bin;C:\Users\Mustafa YARDIMCI\.dotnet\tools;C:\Users\Mustafa YARDIMCI\AppData\Roaming\npm;C:\Users\Mustafa YARDIMCI\AppData\Roaming\gauge\plugins\screenshot\0.0.1
31-03-2021 16:12:42.397 [java] [DEBUG] JAVA_HOME: C:\Program Files\Java\jdk1.8.0_271
31-03-2021 16:12:42.397 [java] [DEBUG] gauge_project_root: C:\Users\Mustafa YARDIMCI\Desktop\OdeAlCaseProject
31-03-2021 16:12:42.397 [java] [DEBUG] gauge_parallel_streams_count: 12
31-03-2021 16:12:42.397 [java] [DEBUG] gauge_reports_dir: reports
31-03-2021 16:12:42.397 [java] [DEBUG] overwrite_reports: true
31-03-2021 16:12:42.397 [java] [DEBUG] logs_directory: logs
31-03-2021 16:12:42.397 [java] [DEBUG] enable_multithreading: false
31-03-2021 16:12:42.397 [java] [DEBUG] gauge_specs_dir: specs
31-03-2021 16:12:42.397 [java] [DEBUG] csv_delimiter: ,
31-03-2021 16:12:42.397 [java] [DEBUG] gauge_java_home: 
31-03-2021 16:12:42.397 [java] [DEBUG] gauge_custom_build_path: 
31-03-2021 16:12:42.397 [java] [DEBUG] gauge_additional_libs: libs/*
31-03-2021 16:12:42.397 [java] [DEBUG] gauge_jvm_args: 
31-03-2021 16:12:42.397 [java] [DEBUG] gauge_custom_compile_dir: 
31-03-2021 16:12:42.397 [java] [DEBUG] gauge_clear_state_level: scenario
31-03-2021 16:12:42.397 [java] [DEBUG] ***** END *****
31-03-2021 16:12:42.410 [java] [ERROR] exec: "mvn": executable file not found in %!P(MISSING)ATH%!(NOVERB)
31-03-2021 16:12:42.410 [java] [ERROR] Installed version of gauge-java (0.7.13) does not match with dependency gauge-java () specified in pom.xml file
31-03-2021 16:12:42.410 [java] [DEBUG] classpath set to C:\Program Files\Java\jdk1.8.0_271\jre\lib\charsets.jar;C:\Program Files\Java\jdk1.8.0_271\jre\lib\deploy.jar;C:\Program Files\Java\jdk1.8.0_271\jre\lib\ext\access-bridge-64.jar;C:\Program Files\Java\jdk1.8.0_271\jre\lib\ext\cldrdata.jar;C:\Program Files\Java\jdk1.8.0_271\jre\lib\ext\dnsns.jar;C:\Program Files\Java\jdk1.8.0_271\jre\lib\ext\jaccess.jar;C:\Program Files\Java\jdk1.8.0_271\jre\lib\ext\jfxrt.jar;C:\Program Files\Java\jdk1.8.0_271\jre\lib\ext\localedata.jar;C:\Program Files\Java\jdk1.8.0_271\jre\lib\ext\nashorn.jar;C:\Program Files\Java\jdk1.8.0_271\jre\lib\ext\sunec.jar;C:\Program Files\Java\jdk1.8.0_271\jre\lib\ext\sunjce_provider.jar;C:\Program Files\Java\jdk1.8.0_271\jre\lib\ext\sunmscapi.jar;C:\Program Files\Java\jdk1.8.0_271\jre\lib\ext\sunpkcs11.jar;C:\Program Files\Java\jdk1.8.0_271\jre\lib\ext\zipfs.jar;C:\Program Files\Java\jdk1.8.0_271\jre\lib\javaws.jar;C:\Program Files\Java\jdk1.8.0_271\jre\lib\jce.jar;C:\Program Files\Java\jdk1.8.0_271\jre\lib\jfr.jar;C:\Program Files\Java\jdk1.8.0_271\jre\lib\jfxswt.jar;C:\Program Files\Java\jdk1.8.0_271\jre\lib\jsse.jar;C:\Program Files\Java\jdk1.8.0_271\jre\lib\management-agent.jar;C:\Program Files\Java\jdk1.8.0_271\jre\lib\plugin.jar;C:\Program Files\Java\jdk1.8.0_271\jre\lib\resources.jar;C:\Program Files\Java\jdk1.8.0_271\jre\lib\rt.jar;C:\Users\Mustafa YARDIMCI\Desktop\OdeAlCaseProject\target\test-classes;C:\Users\Mustafa YARDIMCI\.m2\repository\com\thoughtworks\gauge\gauge-java\0.7.13\gauge-java-0.7.13.jar;C:\Users\Mustafa YARDIMCI\.m2\repository\com\github\javaparser\javaparser-core\3.16.2\javaparser-core-3.16.2.jar;C:\Users\Mustafa YARDIMCI\.m2\repository\commons-io\commons-io\2.8.0\commons-io-2.8.0.jar;C:\Users\Mustafa YARDIMCI\.m2\repository\commons-lang\commons-lang\2.6\commons-lang-2.6.jar;C:\Users\Mustafa YARDIMCI\.m2\repository\org\json\json\20200518\json-20200518.jar;C:\Users\Mustafa YARDIMCI\.m2\repository\com\google\protobuf\protobuf-java\3.13.0\protobuf-java-3.13.0.jar;C:\Users\Mustafa YARDIMCI\.m2\repository\com\google\guava\guava\29.0-jre\guava-29.0-jre.jar;C:\Users\Mustafa YARDIMCI\.m2\repository\com\google\guava\failureaccess\1.0.1\failureaccess-1.0.1.jar;C:\Users\Mustafa YARDIMCI\.m2\repository\com\google\guava\listenablefuture\9999.0-empty-to-avoid-conflict-with-guava\listenablefuture-9999.0-empty-to-avoid-conflict-with-guava.jar;C:\Users\Mustafa YARDIMCI\.m2\repository\com\google\code\findbugs\jsr305\3.0.2\jsr305-3.0.2.jar;C:\Users\Mustafa YARDIMCI\.m2\repository\org\checkerframework\checker-qual\2.11.1\checker-qual-2.11.1.jar;C:\Users\Mustafa YARDIMCI\.m2\repository\com\google\errorprone\error_prone_annotations\2.3.4\error_prone_annotations-2.3.4.jar;C:\Users\Mustafa YARDIMCI\.m2\repository\com\google\j2objc\j2objc-annotations\1.3\j2objc-annotations-1.3.jar;C:\Users\Mustafa YARDIMCI\.m2\repository\io\grpc\grpc-netty-shaded\1.33.0\grpc-netty-shaded-1.33.0.jar;C:\Users\Mustafa YARDIMCI\.m2\repository\io\grpc\grpc-core\1.33.0\grpc-core-1.33.0.jar;C:\Users\Mustafa YARDIMCI\.m2\repository\com\google\android\annotations\4.1.1.4\annotations-4.1.1.4.jar;C:\Users\Mustafa YARDIMCI\.m2\repository\io\perfmark\perfmark-api\0.19.0\perfmark-api-0.19.0.jar;C:\Users\Mustafa YARDIMCI\.m2\repository\io\grpc\grpc-protobuf\1.33.0\grpc-protobuf-1.33.0.jar;C:\Users\Mustafa YARDIMCI\.m2\repository\io\grpc\grpc-api\1.33.0\grpc-api-1.33.0.jar;C:\Users\Mustafa YARDIMCI\.m2\repository\io\grpc\grpc-context\1.33.0\grpc-context-1.33.0.jar;C:\Users\Mustafa YARDIMCI\.m2\repository\com\google\api\grpc\proto-google-common-protos\1.17.0\proto-google-common-protos-1.17.0.jar;C:\Users\Mustafa YARDIMCI\.m2\repository\io\grpc\grpc-protobuf-lite\1.33.0\grpc-protobuf-lite-1.33.0.jar;C:\Users\Mustafa YARDIMCI\.m2\repository\org\codehaus\mojo\animal-sniffer-annotations\1.18\animal-sniffer-annotations-1.18.jar;C:\Users\Mustafa YARDIMCI\.m2\repository\io\grpc\grpc-stub\1.33.0\grpc-stub-1.33.0.jar;C:\Users\Mustafa YARDIMCI\.m2\repository\javax\annotation\javax.annotation-api\1.3.2\javax.annotation-api-1.3.2.jar;C:\Users\Mustafa YARDIMCI\.m2\repository\org\assertj\assertj-core\3.10.0\assertj-core-3.10.0.jar;C:\Users\Mustafa YARDIMCI\.m2\repository\org\seleniumhq\selenium\selenium-java\3.141.59\selenium-java-3.141.59.jar;C:\Users\Mustafa YARDIMCI\.m2\repository\org\seleniumhq\selenium\selenium-api\3.141.59\selenium-api-3.141.59.jar;C:\Users\Mustafa YARDIMCI\.m2\repository\org\seleniumhq\selenium\selenium-chrome-driver\3.141.59\selenium-chrome-driver-3.141.59.jar;C:\Users\Mustafa YARDIMCI\.m2\repository\org\seleniumhq\selenium\selenium-edge-driver\3.141.59\selenium-edge-driver-3.141.59.jar;C:\Users\Mustafa YARDIMCI\.m2\repository\org\seleniumhq\selenium\selenium-firefox-driver\3.141.59\selenium-firefox-driver-3.141.59.jar;C:\Users\Mustafa YARDIMCI\.m2\repository\org\seleniumhq\selenium\selenium-ie-driver\3.141.59\selenium-ie-driver-3.141.59.jar;C:\Users\Mustafa YARDIMCI\.m2\repository\org\seleniumhq\selenium\selenium-opera-driver\3.141.59\selenium-opera-driver-3.141.59.jar;C:\Users\Mustafa YARDIMCI\.m2\repository\org\seleniumhq\selenium\selenium-remote-driver\3.141.59\selenium-remote-driver-3.141.59.jar;C:\Users\Mustafa YARDIMCI\.m2\repository\org\seleniumhq\selenium\selenium-safari-driver\3.141.59\selenium-safari-driver-3.141.59.jar;C:\Users\Mustafa YARDIMCI\.m2\repository\org\seleniumhq\selenium\selenium-support\3.141.59\selenium-support-3.141.59.jar;C:\Users\Mustafa YARDIMCI\.m2\repository\net\bytebuddy\byte-buddy\1.8.15\byte-buddy-1.8.15.jar;C:\Users\Mustafa YARDIMCI\.m2\repository\org\apache\commons\commons-exec\1.3\commons-exec-1.3.jar;C:\Users\Mustafa YARDIMCI\.m2\repository\com\squareup\okhttp3\okhttp\3.11.0\okhttp-3.11.0.jar;C:\Users\Mustafa YARDIMCI\.m2\repository\com\squareup\okio\okio\1.14.0\okio-1.14.0.jar;C:\Users\Mustafa YARDIMCI\.m2\repository\io\github\bonigarcia\webdrivermanager\4.2.0\webdrivermanager-4.2.0.jar;C:\Users\Mustafa YARDIMCI\.m2\repository\org\slf4j\slf4j-api\1.7.30\slf4j-api-1.7.30.jar;C:\Users\Mustafa YARDIMCI\.m2\repository\com\google\code\gson\gson\2.8.6\gson-2.8.6.jar;C:\Users\Mustafa YARDIMCI\.m2\repository\org\apache\commons\commons-lang3\3.11\commons-lang3-3.11.jar;C:\Users\Mustafa YARDIMCI\.m2\repository\org\apache\httpcomponents\client5\httpclient5\5.0.1\httpclient5-5.0.1.jar;C:\Users\Mustafa YARDIMCI\.m2\repository\org\apache\httpcomponents\core5\httpcore5\5.0.1\httpcore5-5.0.1.jar;C:\Users\Mustafa YARDIMCI\.m2\repository\org\apache\httpcomponents\core5\httpcore5-h2\5.0.1\httpcore5-h2-5.0.1.jar;C:\Users\Mustafa YARDIMCI\.m2\repository\commons-codec\commons-codec\1.13\commons-codec-1.13.jar;C:\Users\Mustafa YARDIMCI\.m2\repository\org\rauschig\jarchivelib\1.0.0\jarchivelib-1.0.0.jar;C:\Users\Mustafa YARDIMCI\.m2\repository\org\apache\commons\commons-compress\1.18\commons-compress-1.18.jar;C:\Users\Mustafa YARDIMCI\.m2\repository\org\jsoup\jsoup\1.13.1\jsoup-1.13.1.jar;C:\Users\Mustafa YARDIMCI\.m2\repository\org\reflections\reflections\0.9.10\reflections-0.9.10.jar;C:\Users\Mustafa YARDIMCI\.m2\repository\org\javassist\javassist\3.19.0-GA\javassist-3.19.0-GA.jar;C:\Users\Mustafa YARDIMCI\.m2\repository\com\google\code\findbugs\annotations\2.0.1\annotations-2.0.1.jar;C:\Users\Mustafa YARDIMCI\.m2\repository\junit\junit\4.12\junit-4.12.jar;C:\Users\Mustafa YARDIMCI\.m2\repository\org\hamcrest\hamcrest-core\1.3\hamcrest-core-1.3.jar
31-03-2021 16:12:42.458 [java] [DEBUG] found java executable in C:\Program Files\Java\jdk1.8.0_271\jre\bin\java.exe
31-03-2021 16:12:42.458 [java] [DEBUG] running - C:\Program Files\Java\jdk1.8.0_271\jre\bin\java.exe [-Dfile.encoding=UTF-8 com.thoughtworks.gauge.GaugeRuntime --start]
31-03-2021 16:12:42.458 [java] [DEBUG] stdout/stderr is logged to logs\5392-java.exe.out
31-03-2021 16:12:42.632 [Gauge] [DEBUG] Checking updates...
31-03-2021 16:12:42.633 [Gauge] [DEBUG] Downloading https://downloads.gauge.org/plugin/html-report?l=java&p=html-report,java,screenshot,spectacle&o=windows&a=amd64
31-03-2021 16:12:42.668 [java] [DEBUG] multithreading is set to false
31-03-2021 16:12:42.843 [Gauge] [DEBUG] Downloading https://downloads.gauge.org/plugin/java?l=java&p=html-report,java,screenshot,spectacle&o=windows&a=amd64
31-03-2021 16:12:42.974 [Gauge] [DEBUG] Downloading https://downloads.gauge.org/plugin/screenshot?l=java&p=html-report,java,screenshot,spectacle&o=windows&a=amd64
31-03-2021 16:12:43.040 [Gauge] [DEBUG] Downloading https://downloads.gauge.org/plugin/spectacle?l=java&p=html-report,java,screenshot,spectacle&o=windows&a=amd64
31-03-2021 16:12:43.127 [java] [DEBUG] Using reflection to scan dependencies for gauge implementations...
31-03-2021 16:12:43.204 [java] [ERROR] SLF4J: Failed to load class "org.slf4j.impl.StaticLoggerBinder".
31-03-2021 16:12:43.204 [java] [ERROR] SLF4J: Defaulting to no-operation (NOP) logger implementation
31-03-2021 16:12:43.204 [java] [ERROR] SLF4J: See http://www.slf4j.org/codes.html#StaticLoggerBinder for further details.
31-03-2021 16:12:43.780 [java] [DEBUG] gauge-java took 1112milliseconds to load and scan. This should be less than 'runner_connection_timeout' config value.
31-03-2021 16:12:43.780 [java] [DEBUG] run 'gauge config runner_connection_timeout' and verify that it is < 1112
31-03-2021 16:12:43.780 [java] [DEBUG] starting gRPC server...
31-03-2021 16:12:44.460 [java] [DEBUG] started gRPC server on port 55236
31-03-2021 16:12:44.460 [Gauge] [DEBUG] Attempting to connect to grpc server at port: 55236
31-03-2021 16:12:44.564 [Gauge] [DEBUG] Successfully made the connection with runner with port: 55236
31-03-2021 16:12:44.564 [Gauge] [DEBUG] Validation started.
31-03-2021 16:12:46.017 [java] [DEBUG] Scanning packages for steps
31-03-2021 16:12:46.032 [java] [DEBUG] Comparing 'Tests.LoginTest.SetUserName' and 'Tests.LoginTest.SetUserName'
31-03-2021 16:12:46.032 [java] [DEBUG] Found Kullanıcı adı {} olarak girilir in current project scope.
31-03-2021 16:12:46.032 [java] [DEBUG] Comparing 'Tests.FavoriteProductTest.ClickDeleteAllSelectedProduct' and 'Tests.FavoriteProductTest.ClickDeleteAllSelectedProduct'
31-03-2021 16:12:46.032 [java] [DEBUG] Found Tum secimleri kaldir butonuna tiklanir in current project scope.
31-03-2021 16:12:46.032 [java] [DEBUG] Comparing 'Tests.ProductsPageTest.IsSearchedProductExist' and 'Tests.ProductsPageTest.IsSearchedProductExist'
31-03-2021 16:12:46.032 [java] [DEBUG] Found Aranan urunun geldigi gorulur in current project scope.
31-03-2021 16:12:46.032 [java] [DEBUG] Comparing 'Tests.LoginTest.IsLoginSuccess' and 'Tests.LoginTest.IsLoginSuccess'
31-03-2021 16:12:46.032 [java] [DEBUG] Found Login girisinin basarili oldugu gorulur in current project scope.
31-03-2021 16:12:46.032 [java] [DEBUG] Comparing 'Tests.FavoriteProductTest.ClickDeleteConfirmButton' and 'Tests.FavoriteProductTest.ClickDeleteConfirmButton'
31-03-2021 16:12:46.033 [java] [DEBUG] Found Cikan pop-up da sil butonuna tiklanir in current project scope.
31-03-2021 16:12:46.033 [java] [DEBUG] Comparing 'Tests.ProductsPageTest.SelectRandomProduct' and 'Tests.ProductsPageTest.SelectRandomProduct'
31-03-2021 16:12:46.033 [java] [DEBUG] Found Rastgele bir urun secilir in current project scope.
31-03-2021 16:12:46.033 [java] [DEBUG] Comparing 'Tests.HomePageTest.IsHomePageLoaded' and 'Tests.HomePageTest.IsHomePageLoaded'
31-03-2021 16:12:46.033 [java] [DEBUG] Found Anasayfanin acildigi gorulur in current project scope.
31-03-2021 16:12:46.033 [java] [DEBUG] Comparing 'Tests.HomePageTest.initializeWebSite' and 'Tests.HomePageTest.initializeWebSite'
31-03-2021 16:12:46.033 [java] [DEBUG] Found {} sitesine giris yapilir in current project scope.
31-03-2021 16:12:46.033 [java] [DEBUG] Comparing 'Tests.ProductsPageTest.ControllSecondPageOpened' and 'Tests.ProductsPageTest.ControllSecondPageOpened'
31-03-2021 16:12:46.033 [java] [DEBUG] Found 2.sayfanin acildigi kontrol edilir in current project scope.
31-03-2021 16:12:46.033 [java] [DEBUG] Comparing 'Tests.LoginTest.ClikcLoginButton' and 'Tests.LoginTest.ClikcLoginButton'
31-03-2021 16:12:46.033 [java] [DEBUG] Found Giris Yap butonuna tiklanir in current project scope.
31-03-2021 16:12:46.033 [java] [DEBUG] Comparing 'Tests.ProductDetailTest.CilckMyFavorites' and 'Tests.ProductDetailTest.CilckMyFavorites'
31-03-2021 16:12:46.033 [java] [DEBUG] Found Hesabım alanindan begendiklerime tiklanir in current project scope.
31-03-2021 16:12:46.033 [java] [DEBUG] Comparing 'Tests.ProductsPageTest.ClickSecondPage' and 'Tests.ProductsPageTest.ClickSecondPage'
31-03-2021 16:12:46.034 [java] [DEBUG] Found 2.sayfaya tiklanir in current project scope.
31-03-2021 16:12:46.034 [java] [DEBUG] Comparing 'Tests.HomePageTest.SearchProduct' and 'Tests.HomePageTest.SearchProduct'
31-03-2021 16:12:46.034 [java] [DEBUG] Found Arama alaninda {} aratilir in current project scope.
31-03-2021 16:12:46.034 [java] [DEBUG] Comparing 'Tests.LoginTest.ClickSignIn' and 'Tests.LoginTest.ClickSignIn'
31-03-2021 16:12:46.034 [java] [DEBUG] Found Anasayfada giris Yap a tiklanir in current project scope.
31-03-2021 16:12:46.034 [java] [DEBUG] Comparing 'Tests.FavoriteProductTest.isFavoriteListEmpty' and 'Tests.FavoriteProductTest.isFavoriteListEmpty'
31-03-2021 16:12:46.034 [java] [DEBUG] Found Favori listesinin bos oldugu gorulur in current project scope.
31-03-2021 16:12:46.034 [java] [DEBUG] Comparing 'Tests.LoginTest.SetPassword' and 'Tests.LoginTest.SetPassword'
31-03-2021 16:12:46.034 [java] [DEBUG] Found Password alanına {} girilir in current project scope.
31-03-2021 16:12:46.035 [java] [DEBUG] Comparing 'Tests.ProductDetailTest.AddFavoriteProduct' and 'Tests.ProductDetailTest.AddFavoriteProduct'
31-03-2021 16:12:46.035 [java] [DEBUG] Found Secilen urun favorilere eklenir in current project scope.
31-03-2021 16:12:46.035 [java] [DEBUG] Comparing 'Tests.FavoriteProductTest.SelectAllFavoritesProduct' and 'Tests.FavoriteProductTest.SelectAllFavoritesProduct'
31-03-2021 16:12:46.035 [java] [DEBUG] Found Favorilerimden tum urunler secilir in current project scope.
31-03-2021 16:12:46.035 [java] [DEBUG] Comparing 'Tests.FavoriteProductTest.IsFavoriteProductPresent' and 'Tests.FavoriteProductTest.IsFavoriteProductPresent'
31-03-2021 16:12:46.035 [java] [DEBUG] Found Favorilerde urun oldugu gorulur in current project scope.
31-03-2021 16:12:46.035 [java] [DEBUG] Scanning packages for hooks
31-03-2021 16:12:46.041 [java] [DEBUG] Scanned steps (using static parsing + reflections): 
31-03-2021 16:12:46.041 [java] [DEBUG] 	Favori listesinin bos oldugu gorulur : public void isFavoriteListEmpty()
31-03-2021 16:12:46.041 [java] [DEBUG] 	Anasayfanin acildigi gorulur : public void IsHomePageLoaded()
31-03-2021 16:12:46.041 [java] [DEBUG] 	Kullanıcı adı {} olarak girilir : public void SetUserName(String userName)
31-03-2021 16:12:46.041 [java] [DEBUG] 	Giris Yap butonuna tiklanir : public void ClikcLoginButton()
31-03-2021 16:12:46.041 [java] [DEBUG] 	Anasayfada giris Yap a tiklanir : public void ClickSignIn()
31-03-2021 16:12:46.042 [java] [DEBUG] 	Cikan pop-up da sil butonuna tiklanir : public void ClickDeleteConfirmButton()
31-03-2021 16:12:46.042 [java] [DEBUG] 	Favorilerde urun oldugu gorulur : public void IsFavoriteProductPresent()
31-03-2021 16:12:46.042 [java] [DEBUG] 	Aranan urunun geldigi gorulur : public void IsSearchedProductExist()
31-03-2021 16:12:46.042 [java] [DEBUG] 	Tum secimleri kaldir butonuna tiklanir : public void ClickDeleteAllSelectedProduct()
31-03-2021 16:12:46.042 [java] [DEBUG] 	Rastgele bir urun secilir : public void SelectRandomProduct()
31-03-2021 16:12:46.042 [java] [DEBUG] 	Login girisinin basarili oldugu gorulur : public void IsLoginSuccess()
31-03-2021 16:12:46.042 [java] [DEBUG] 	Favorilerimden tum urunler secilir : public void SelectAllFavoritesProduct()
31-03-2021 16:12:46.042 [java] [DEBUG] 	Secilen urun favorilere eklenir : public void AddFavoriteProduct()
31-03-2021 16:12:46.042 [java] [DEBUG] 	{} sitesine giris yapilir : public void initializeWebSite(String url)
31-03-2021 16:12:46.042 [java] [DEBUG] 	2.sayfaya tiklanir : public void ClickSecondPage()
31-03-2021 16:12:46.042 [java] [DEBUG] 	Hesabım alanindan begendiklerime tiklanir : public void CilckMyFavorites()
31-03-2021 16:12:46.042 [java] [DEBUG] 	Arama alaninda {} aratilir : public void SearchProduct(String productName)
31-03-2021 16:12:46.042 [java] [DEBUG] 	2.sayfanin acildigi kontrol edilir : public void ControllSecondPageOpened()
31-03-2021 16:12:46.042 [java] [DEBUG] 	Password alanına {} girilir : public void SetPassword(String password)
31-03-2021 16:12:48.067 [Gauge] [DEBUG] Validation completed.
31-03-2021 16:12:48.068 [Gauge] [DEBUG] Run started
31-03-2021 16:12:48.068 [Gauge] [DEBUG] Starting Html Report plugin
31-03-2021 16:12:48.082 [Gauge] [DEBUG] Attempting to connect to grpc server at port: 55241
31-03-2021 16:12:48.083 [Gauge] [DEBUG] Successfully made the connection with plugin with port: 55241
31-03-2021 16:12:48.083 [Gauge] [DEBUG] Initialising suite data store.
31-03-2021 16:12:48.904 [java] [ERROR] Starting ChromeDriver 89.0.4389.23 (61b08ee2c50024bab004e48d2b1b083cdbdac579-refs/branch-heads/4389@{#294}) on port 26205
31-03-2021 16:12:48.904 [java] [ERROR] Only local connections are allowed.
31-03-2021 16:12:48.904 [java] [ERROR] Please see https://chromedriver.chromium.org/security-considerations for suggestions on keeping ChromeDriver safe.
31-03-2021 16:12:48.911 [java] [ERROR] ChromeDriver was started successfully.
31-03-2021 16:12:50.102 [java] [ERROR] Mar 31, 2021 4:12:50 PM org.openqa.selenium.remote.ProtocolHandshake createSession
31-03-2021 16:12:50.102 [java] [ERROR] INFO: Detected dialect: W3C
31-03-2021 16:12:50.277 [java] [DEBUG] Executing '{} sitesine giris yapilir' using 'class Tests.HomePageTest.initializeWebSite
31-03-2021 16:12:54.135 [java] [DEBUG] Executing 'Anasayfanin acildigi gorulur' using 'class Tests.HomePageTest.IsHomePageLoaded
31-03-2021 16:12:54.251 [java] [DEBUG] Executing 'Anasayfada giris Yap a tiklanir' using 'class Tests.LoginTest.ClickSignIn
31-03-2021 16:12:55.758 [java] [DEBUG] Executing 'Kullanıcı adı {} olarak girilir' using 'class Tests.LoginTest.SetUserName
31-03-2021 16:12:58.343 [java] [DEBUG] Executing 'Password alanına {} girilir' using 'class Tests.LoginTest.SetPassword
31-03-2021 16:12:58.642 [java] [DEBUG] Executing 'Giris Yap butonuna tiklanir' using 'class Tests.LoginTest.ClikcLoginButton
31-03-2021 16:12:58.823 [java] [DEBUG] Executing 'Login girisinin basarili oldugu gorulur' using 'class Tests.LoginTest.IsLoginSuccess
31-03-2021 16:13:02.789 [java] [DEBUG] Executing 'Arama alaninda {} aratilir' using 'class Tests.HomePageTest.SearchProduct
31-03-2021 16:13:03.033 [java] [DEBUG] Executing 'Aranan urunun geldigi gorulur' using 'class Tests.ProductsPageTest.IsSearchedProductExist
31-03-2021 16:13:08.531 [java] [DEBUG] Executing '2.sayfaya tiklanir' using 'class Tests.ProductsPageTest.ClickSecondPage
31-03-2021 16:13:13.849 [java] [DEBUG] Executing '2.sayfanin acildigi kontrol edilir' using 'class Tests.ProductsPageTest.ControllSecondPageOpened
31-03-2021 16:13:14.059 [java] [DEBUG] Executing 'Rastgele bir urun secilir' using 'class Tests.ProductsPageTest.SelectRandomProduct
31-03-2021 16:13:16.031 [java] [DEBUG] Executing 'Secilen urun favorilere eklenir' using 'class Tests.ProductDetailTest.AddFavoriteProduct
31-03-2021 16:13:16.455 [java] [DEBUG] Executing 'Favorilerde urun oldugu gorulur' using 'class Tests.FavoriteProductTest.IsFavoriteProductPresent
31-03-2021 16:13:17.793 [html-report] [DEBUG] Transformed SuiteResult to report structure
31-03-2021 16:13:17.869 [html-report] [INFO] Successfully generated html-report to => C:\Users\Mustafa YARDIMCI\Desktop\OdeAlCaseProject\reports\html-report\index.html
31-03-2021 16:13:17.869 [html-report] [DEBUG] Done generating HTML report using theme from C:\Users\Mustafa YARDIMCI\AppData\Roaming\gauge\plugins\html-report\4.0.12\themes\default
31-03-2021 16:13:17.869 [Gauge] [DEBUG] Sending kill message to Html Report plugin.
31-03-2021 16:13:18.677 [Gauge] [DEBUG] Runner with PID:5392 has exited
31-03-2021 16:13:18.677 [Gauge] [INFO] Specifications:	1 executed	0 passed	1 failed	0 skipped
31-03-2021 16:13:18.677 [Gauge] [INFO] Scenarios:	1 executed	0 passed	1 failed	0 skipped
31-03-2021 16:13:18.677 [Gauge] [INFO] 
Total time taken: 29.723s
31-03-2021 16:13:18.682 [Gauge] [INFO] Updates are available. Run `gauge update -c` for more info.
31-03-2021 16:14:20.014 [Gauge] [DEBUG] Created gauge_screenshots_dir at C:\Users\Mustafa YARDIMCI\Desktop\OdeAlCaseProject\.gauge\screenshots
31-03-2021 16:14:20.016 [Gauge] [DEBUG] Plugin html-report is already installed.
31-03-2021 16:14:20.016 [Gauge] [DEBUG] Plugin java is already installed.
31-03-2021 16:14:20.017 [Gauge] [DEBUG] Parsing started.
31-03-2021 16:14:20.017 [Gauge] [DEBUG] Started concepts parsing.
31-03-2021 16:14:20.021 [Gauge] [DEBUG] 0 concepts parsing completed.
31-03-2021 16:14:20.021 [Gauge] [DEBUG] Started specifications parsing.
31-03-2021 16:14:20.021 [Gauge] [DEBUG] 1 specifications parsing completed.
31-03-2021 16:14:20.021 [Gauge] [DEBUG] Parsing completed.
31-03-2021 16:14:20.036 [java] [DEBUG] ***** Printing Properties/Env Values *****
31-03-2021 16:14:20.036 [java] [DEBUG] PATH: C:\Program Files\Java\jdk1.8.0_271\bin;C:\WINDOWS\system32;C:\WINDOWS;C:\WINDOWS\System32\Wbem;C:\WINDOWS\System32\WindowsPowerShell\v1.0\;C:\WINDOWS\System32\OpenSSH\;C:\Program Files\dotnet\;C:\Program Files\Microsoft SQL Server\130\Tools\Binn\;C:\Program Files\Microsoft SQL Server\Client SDK\ODBC\130\Tools\Binn\;C:\Program Files (x86)\Microsoft SQL Server\130\Tools\Binn\;C:\Program Files\Microsoft SQL Server\130\DTS\Binn\;C:\Program Files (x86)\Microsoft SQL Server\Client SDK\ODBC\130\Tools\Binn\;C:\Program Files (x86)\Microsoft SQL Server\130\DTS\Binn\;C:\Program Files (x86)\Microsoft SQL Server\130\Tools\Binn\ManagementStudio\;C:\ProgramData\chocolatey\bin;C:\Program Files\Microsoft VS Code\bin;C:\Program Files\Microsoft SQL Server\Client SDK\ODBC\170\Tools\Binn\;C:\Program Files\Git\cmd;C:\Program Files\Gauge\bin;C:\Program Files (x86)\dotnet\;C:\Program Files\nodejs\;C:\Users\Mustafa YARDIMCI\AppData\Local\Programs\Python\Python38-32\Scripts\;C:\Users\Mustafa YARDIMCI\AppData\Local\Programs\Python\Python38-32\;C:\Users\Mustafa YARDIMCI\AppData\Local\Microsoft\WindowsApps;C:\Users\Mustafa YARDIMCI\AppData\Local\GitHubDesktop\bin;C:\Users\Mustafa YARDIMCI\AppData\Local\Microsoft\WindowsApps;C:\Program Files\Java\jdk1.8.0_271\bin;C:\Program Files\JetBrains\IntelliJ IDEA 2020.3.1\bin;C:\Users\Mustafa YARDIMCI\.dotnet\tools;C:\Users\Mustafa YARDIMCI\AppData\Roaming\npm;C:\Users\Mustafa YARDIMCI\AppData\Roaming\gauge\plugins\screenshot\0.0.1
31-03-2021 16:14:20.036 [java] [DEBUG] JAVA_HOME: C:\Program Files\Java\jdk1.8.0_271
31-03-2021 16:14:20.036 [java] [DEBUG] gauge_project_root: C:\Users\Mustafa YARDIMCI\Desktop\OdeAlCaseProject
31-03-2021 16:14:20.036 [java] [DEBUG] gauge_parallel_streams_count: 12
31-03-2021 16:14:20.036 [java] [DEBUG] gauge_reports_dir: reports
31-03-2021 16:14:20.036 [java] [DEBUG] overwrite_reports: true
31-03-2021 16:14:20.036 [java] [DEBUG] logs_directory: logs
31-03-2021 16:14:20.036 [java] [DEBUG] enable_multithreading: false
31-03-2021 16:14:20.036 [java] [DEBUG] gauge_specs_dir: specs
31-03-2021 16:14:20.036 [java] [DEBUG] csv_delimiter: ,
31-03-2021 16:14:20.036 [java] [DEBUG] gauge_java_home: 
31-03-2021 16:14:20.036 [java] [DEBUG] gauge_custom_build_path: 
31-03-2021 16:14:20.036 [java] [DEBUG] gauge_additional_libs: libs/*
31-03-2021 16:14:20.036 [java] [DEBUG] gauge_jvm_args: 
31-03-2021 16:14:20.036 [java] [DEBUG] gauge_custom_compile_dir: 
31-03-2021 16:14:20.036 [java] [DEBUG] gauge_clear_state_level: scenario
31-03-2021 16:14:20.036 [java] [DEBUG] ***** END *****
31-03-2021 16:14:20.049 [java] [ERROR] exec: "mvn": executable file not found in %!P(MISSING)ATH%!(NOVERB)
31-03-2021 16:14:20.049 [java] [ERROR] Installed version of gauge-java (0.7.13) does not match with dependency gauge-java () specified in pom.xml file
31-03-2021 16:14:20.049 [java] [DEBUG] classpath set to C:\Program Files\Java\jdk1.8.0_271\jre\lib\charsets.jar;C:\Program Files\Java\jdk1.8.0_271\jre\lib\deploy.jar;C:\Program Files\Java\jdk1.8.0_271\jre\lib\ext\access-bridge-64.jar;C:\Program Files\Java\jdk1.8.0_271\jre\lib\ext\cldrdata.jar;C:\Program Files\Java\jdk1.8.0_271\jre\lib\ext\dnsns.jar;C:\Program Files\Java\jdk1.8.0_271\jre\lib\ext\jaccess.jar;C:\Program Files\Java\jdk1.8.0_271\jre\lib\ext\jfxrt.jar;C:\Program Files\Java\jdk1.8.0_271\jre\lib\ext\localedata.jar;C:\Program Files\Java\jdk1.8.0_271\jre\lib\ext\nashorn.jar;C:\Program Files\Java\jdk1.8.0_271\jre\lib\ext\sunec.jar;C:\Program Files\Java\jdk1.8.0_271\jre\lib\ext\sunjce_provider.jar;C:\Program Files\Java\jdk1.8.0_271\jre\lib\ext\sunmscapi.jar;C:\Program Files\Java\jdk1.8.0_271\jre\lib\ext\sunpkcs11.jar;C:\Program Files\Java\jdk1.8.0_271\jre\lib\ext\zipfs.jar;C:\Program Files\Java\jdk1.8.0_271\jre\lib\javaws.jar;C:\Program Files\Java\jdk1.8.0_271\jre\lib\jce.jar;C:\Program Files\Java\jdk1.8.0_271\jre\lib\jfr.jar;C:\Program Files\Java\jdk1.8.0_271\jre\lib\jfxswt.jar;C:\Program Files\Java\jdk1.8.0_271\jre\lib\jsse.jar;C:\Program Files\Java\jdk1.8.0_271\jre\lib\management-agent.jar;C:\Program Files\Java\jdk1.8.0_271\jre\lib\plugin.jar;C:\Program Files\Java\jdk1.8.0_271\jre\lib\resources.jar;C:\Program Files\Java\jdk1.8.0_271\jre\lib\rt.jar;C:\Users\Mustafa YARDIMCI\Desktop\OdeAlCaseProject\target\test-classes;C:\Users\Mustafa YARDIMCI\.m2\repository\com\thoughtworks\gauge\gauge-java\0.7.13\gauge-java-0.7.13.jar;C:\Users\Mustafa YARDIMCI\.m2\repository\com\github\javaparser\javaparser-core\3.16.2\javaparser-core-3.16.2.jar;C:\Users\Mustafa YARDIMCI\.m2\repository\commons-io\commons-io\2.8.0\commons-io-2.8.0.jar;C:\Users\Mustafa YARDIMCI\.m2\repository\commons-lang\commons-lang\2.6\commons-lang-2.6.jar;C:\Users\Mustafa YARDIMCI\.m2\repository\org\json\json\20200518\json-20200518.jar;C:\Users\Mustafa YARDIMCI\.m2\repository\com\google\protobuf\protobuf-java\3.13.0\protobuf-java-3.13.0.jar;C:\Users\Mustafa YARDIMCI\.m2\repository\com\google\guava\guava\29.0-jre\guava-29.0-jre.jar;C:\Users\Mustafa YARDIMCI\.m2\repository\com\google\guava\failureaccess\1.0.1\failureaccess-1.0.1.jar;C:\Users\Mustafa YARDIMCI\.m2\repository\com\google\guava\listenablefuture\9999.0-empty-to-avoid-conflict-with-guava\listenablefuture-9999.0-empty-to-avoid-conflict-with-guava.jar;C:\Users\Mustafa YARDIMCI\.m2\repository\com\google\code\findbugs\jsr305\3.0.2\jsr305-3.0.2.jar;C:\Users\Mustafa YARDIMCI\.m2\repository\org\checkerframework\checker-qual\2.11.1\checker-qual-2.11.1.jar;C:\Users\Mustafa YARDIMCI\.m2\repository\com\google\errorprone\error_prone_annotations\2.3.4\error_prone_annotations-2.3.4.jar;C:\Users\Mustafa YARDIMCI\.m2\repository\com\google\j2objc\j2objc-annotations\1.3\j2objc-annotations-1.3.jar;C:\Users\Mustafa YARDIMCI\.m2\repository\io\grpc\grpc-netty-shaded\1.33.0\grpc-netty-shaded-1.33.0.jar;C:\Users\Mustafa YARDIMCI\.m2\repository\io\grpc\grpc-core\1.33.0\grpc-core-1.33.0.jar;C:\Users\Mustafa YARDIMCI\.m2\repository\com\google\android\annotations\4.1.1.4\annotations-4.1.1.4.jar;C:\Users\Mustafa YARDIMCI\.m2\repository\io\perfmark\perfmark-api\0.19.0\perfmark-api-0.19.0.jar;C:\Users\Mustafa YARDIMCI\.m2\repository\io\grpc\grpc-protobuf\1.33.0\grpc-protobuf-1.33.0.jar;C:\Users\Mustafa YARDIMCI\.m2\repository\io\grpc\grpc-api\1.33.0\grpc-api-1.33.0.jar;C:\Users\Mustafa YARDIMCI\.m2\repository\io\grpc\grpc-context\1.33.0\grpc-context-1.33.0.jar;C:\Users\Mustafa YARDIMCI\.m2\repository\com\google\api\grpc\proto-google-common-protos\1.17.0\proto-google-common-protos-1.17.0.jar;C:\Users\Mustafa YARDIMCI\.m2\repository\io\grpc\grpc-protobuf-lite\1.33.0\grpc-protobuf-lite-1.33.0.jar;C:\Users\Mustafa YARDIMCI\.m2\repository\org\codehaus\mojo\animal-sniffer-annotations\1.18\animal-sniffer-annotations-1.18.jar;C:\Users\Mustafa YARDIMCI\.m2\repository\io\grpc\grpc-stub\1.33.0\grpc-stub-1.33.0.jar;C:\Users\Mustafa YARDIMCI\.m2\repository\javax\annotation\javax.annotation-api\1.3.2\javax.annotation-api-1.3.2.jar;C:\Users\Mustafa YARDIMCI\.m2\repository\org\assertj\assertj-core\3.10.0\assertj-core-3.10.0.jar;C:\Users\Mustafa YARDIMCI\.m2\repository\org\seleniumhq\selenium\selenium-java\3.141.59\selenium-java-3.141.59.jar;C:\Users\Mustafa YARDIMCI\.m2\repository\org\seleniumhq\selenium\selenium-api\3.141.59\selenium-api-3.141.59.jar;C:\Users\Mustafa YARDIMCI\.m2\repository\org\seleniumhq\selenium\selenium-chrome-driver\3.141.59\selenium-chrome-driver-3.141.59.jar;C:\Users\Mustafa YARDIMCI\.m2\repository\org\seleniumhq\selenium\selenium-edge-driver\3.141.59\selenium-edge-driver-3.141.59.jar;C:\Users\Mustafa YARDIMCI\.m2\repository\org\seleniumhq\selenium\selenium-firefox-driver\3.141.59\selenium-firefox-driver-3.141.59.jar;C:\Users\Mustafa YARDIMCI\.m2\repository\org\seleniumhq\selenium\selenium-ie-driver\3.141.59\selenium-ie-driver-3.141.59.jar;C:\Users\Mustafa YARDIMCI\.m2\repository\org\seleniumhq\selenium\selenium-opera-driver\3.141.59\selenium-opera-driver-3.141.59.jar;C:\Users\Mustafa YARDIMCI\.m2\repository\org\seleniumhq\selenium\selenium-remote-driver\3.141.59\selenium-remote-driver-3.141.59.jar;C:\Users\Mustafa YARDIMCI\.m2\repository\org\seleniumhq\selenium\selenium-safari-driver\3.141.59\selenium-safari-driver-3.141.59.jar;C:\Users\Mustafa YARDIMCI\.m2\repository\org\seleniumhq\selenium\selenium-support\3.141.59\selenium-support-3.141.59.jar;C:\Users\Mustafa YARDIMCI\.m2\repository\net\bytebuddy\byte-buddy\1.8.15\byte-buddy-1.8.15.jar;C:\Users\Mustafa YARDIMCI\.m2\repository\org\apache\commons\commons-exec\1.3\commons-exec-1.3.jar;C:\Users\Mustafa YARDIMCI\.m2\repository\com\squareup\okhttp3\okhttp\3.11.0\okhttp-3.11.0.jar;C:\Users\Mustafa YARDIMCI\.m2\repository\com\squareup\okio\okio\1.14.0\okio-1.14.0.jar;C:\Users\Mustafa YARDIMCI\.m2\repository\io\github\bonigarcia\webdrivermanager\4.2.0\webdrivermanager-4.2.0.jar;C:\Users\Mustafa YARDIMCI\.m2\repository\org\slf4j\slf4j-api\1.7.30\slf4j-api-1.7.30.jar;C:\Users\Mustafa YARDIMCI\.m2\repository\com\google\code\gson\gson\2.8.6\gson-2.8.6.jar;C:\Users\Mustafa YARDIMCI\.m2\repository\org\apache\commons\commons-lang3\3.11\commons-lang3-3.11.jar;C:\Users\Mustafa YARDIMCI\.m2\repository\org\apache\httpcomponents\client5\httpclient5\5.0.1\httpclient5-5.0.1.jar;C:\Users\Mustafa YARDIMCI\.m2\repository\org\apache\httpcomponents\core5\httpcore5\5.0.1\httpcore5-5.0.1.jar;C:\Users\Mustafa YARDIMCI\.m2\repository\org\apache\httpcomponents\core5\httpcore5-h2\5.0.1\httpcore5-h2-5.0.1.jar;C:\Users\Mustafa YARDIMCI\.m2\repository\commons-codec\commons-codec\1.13\commons-codec-1.13.jar;C:\Users\Mustafa YARDIMCI\.m2\repository\org\rauschig\jarchivelib\1.0.0\jarchivelib-1.0.0.jar;C:\Users\Mustafa YARDIMCI\.m2\repository\org\apache\commons\commons-compress\1.18\commons-compress-1.18.jar;C:\Users\Mustafa YARDIMCI\.m2\repository\org\jsoup\jsoup\1.13.1\jsoup-1.13.1.jar;C:\Users\Mustafa YARDIMCI\.m2\repository\org\reflections\reflections\0.9.10\reflections-0.9.10.jar;C:\Users\Mustafa YARDIMCI\.m2\repository\org\javassist\javassist\3.19.0-GA\javassist-3.19.0-GA.jar;C:\Users\Mustafa YARDIMCI\.m2\repository\com\google\code\findbugs\annotations\2.0.1\annotations-2.0.1.jar;C:\Users\Mustafa YARDIMCI\.m2\repository\junit\junit\4.12\junit-4.12.jar;C:\Users\Mustafa YARDIMCI\.m2\repository\org\hamcrest\hamcrest-core\1.3\hamcrest-core-1.3.jar
31-03-2021 16:14:20.083 [java] [DEBUG] found java executable in C:\Program Files\Java\jdk1.8.0_271\jre\bin\java.exe
31-03-2021 16:14:20.083 [java] [INFO] 
Runner Ready for Debugging
31-03-2021 16:14:20.083 [java] [DEBUG] running - C:\Program Files\Java\jdk1.8.0_271\jre\bin\java.exe [-agentlib:jdwp=transport=dt_socket,server=y,suspend=y,address=55405,timeout=25000 -Dfile.encoding=UTF-8 com.thoughtworks.gauge.GaugeRuntime --start]
31-03-2021 16:14:20.083 [java] [DEBUG] stdout/stderr is logged to logs\16776-java.exe.out
31-03-2021 16:14:20.179 [java] [INFO] Listening for transport dt_socket at address: 55405
31-03-2021 16:14:20.267 [Gauge] [DEBUG] Checking updates...
31-03-2021 16:14:20.268 [Gauge] [DEBUG] Downloading https://downloads.gauge.org/plugin/html-report?l=java&p=html-report,java,screenshot,spectacle&o=windows&a=amd64
31-03-2021 16:14:20.543 [Gauge] [DEBUG] Downloading https://downloads.gauge.org/plugin/java?l=java&p=html-report,java,screenshot,spectacle&o=windows&a=amd64
31-03-2021 16:14:20.620 [Gauge] [DEBUG] Downloading https://downloads.gauge.org/plugin/screenshot?l=java&p=html-report,java,screenshot,spectacle&o=windows&a=amd64
31-03-2021 16:14:20.694 [Gauge] [DEBUG] Downloading https://downloads.gauge.org/plugin/spectacle?l=java&p=html-report,java,screenshot,spectacle&o=windows&a=amd64
31-03-2021 16:14:25.188 [java] [DEBUG] multithreading is set to false
31-03-2021 16:14:25.603 [java] [DEBUG] Using reflection to scan dependencies for gauge implementations...
31-03-2021 16:14:25.675 [java] [ERROR] SLF4J: Failed to load class "org.slf4j.impl.StaticLoggerBinder".
31-03-2021 16:14:25.675 [java] [ERROR] SLF4J: Defaulting to no-operation (NOP) logger implementation
31-03-2021 16:14:25.675 [java] [ERROR] SLF4J: See http://www.slf4j.org/codes.html#StaticLoggerBinder for further details.
31-03-2021 16:14:26.258 [java] [DEBUG] gauge-java took 1069milliseconds to load and scan. This should be less than 'runner_connection_timeout' config value.
31-03-2021 16:14:26.258 [java] [DEBUG] run 'gauge config runner_connection_timeout' and verify that it is < 1069
31-03-2021 16:14:26.258 [java] [DEBUG] starting gRPC server...
31-03-2021 16:14:26.943 [java] [DEBUG] started gRPC server on port 55445
31-03-2021 16:14:26.943 [Gauge] [DEBUG] Attempting to connect to grpc server at port: 55445
31-03-2021 16:14:27.073 [Gauge] [DEBUG] Successfully made the connection with runner with port: 55445
31-03-2021 16:14:27.073 [Gauge] [DEBUG] Validation started.
31-03-2021 16:14:28.616 [java] [DEBUG] Scanning packages for steps
31-03-2021 16:14:28.642 [java] [DEBUG] Comparing 'Tests.LoginTest.SetUserName' and 'Tests.LoginTest.SetUserName'
31-03-2021 16:14:28.642 [java] [DEBUG] Found Kullanıcı adı {} olarak girilir in current project scope.
31-03-2021 16:14:28.642 [java] [DEBUG] Comparing 'Tests.FavoriteProductTest.ClickDeleteAllSelectedProduct' and 'Tests.FavoriteProductTest.ClickDeleteAllSelectedProduct'
31-03-2021 16:14:28.642 [java] [DEBUG] Found Tum secimleri kaldir butonuna tiklanir in current project scope.
31-03-2021 16:14:28.643 [java] [DEBUG] Comparing 'Tests.ProductsPageTest.IsSearchedProductExist' and 'Tests.ProductsPageTest.IsSearchedProductExist'
31-03-2021 16:14:28.643 [java] [DEBUG] Found Aranan urunun geldigi gorulur in current project scope.
31-03-2021 16:14:28.643 [java] [DEBUG] Comparing 'Tests.LoginTest.IsLoginSuccess' and 'Tests.LoginTest.IsLoginSuccess'
31-03-2021 16:14:28.643 [java] [DEBUG] Found Login girisinin basarili oldugu gorulur in current project scope.
31-03-2021 16:14:28.643 [java] [DEBUG] Comparing 'Tests.FavoriteProductTest.ClickDeleteConfirmButton' and 'Tests.FavoriteProductTest.ClickDeleteConfirmButton'
31-03-2021 16:14:28.643 [java] [DEBUG] Found Cikan pop-up da sil butonuna tiklanir in current project scope.
31-03-2021 16:14:28.643 [java] [DEBUG] Comparing 'Tests.ProductsPageTest.SelectRandomProduct' and 'Tests.ProductsPageTest.SelectRandomProduct'
31-03-2021 16:14:28.643 [java] [DEBUG] Found Rastgele bir urun secilir in current project scope.
31-03-2021 16:14:28.643 [java] [DEBUG] Comparing 'Tests.HomePageTest.IsHomePageLoaded' and 'Tests.HomePageTest.IsHomePageLoaded'
31-03-2021 16:14:28.643 [java] [DEBUG] Found Anasayfanin acildigi gorulur in current project scope.
31-03-2021 16:14:28.643 [java] [DEBUG] Comparing 'Tests.HomePageTest.initializeWebSite' and 'Tests.HomePageTest.initializeWebSite'
31-03-2021 16:14:28.643 [java] [DEBUG] Found {} sitesine giris yapilir in current project scope.
31-03-2021 16:14:28.644 [java] [DEBUG] Comparing 'Tests.ProductsPageTest.ControllSecondPageOpened' and 'Tests.ProductsPageTest.ControllSecondPageOpened'
31-03-2021 16:14:28.644 [java] [DEBUG] Found 2.sayfanin acildigi kontrol edilir in current project scope.
31-03-2021 16:14:28.644 [java] [DEBUG] Comparing 'Tests.LoginTest.ClikcLoginButton' and 'Tests.LoginTest.ClikcLoginButton'
31-03-2021 16:14:28.644 [java] [DEBUG] Found Giris Yap butonuna tiklanir in current project scope.
31-03-2021 16:14:28.644 [java] [DEBUG] Comparing 'Tests.ProductDetailTest.CilckMyFavorites' and 'Tests.ProductDetailTest.CilckMyFavorites'
31-03-2021 16:14:28.644 [java] [DEBUG] Found Hesabım alanindan begendiklerime tiklanir in current project scope.
31-03-2021 16:14:28.644 [java] [DEBUG] Comparing 'Tests.ProductsPageTest.ClickSecondPage' and 'Tests.ProductsPageTest.ClickSecondPage'
31-03-2021 16:14:28.644 [java] [DEBUG] Found 2.sayfaya tiklanir in current project scope.
31-03-2021 16:14:28.644 [java] [DEBUG] Comparing 'Tests.HomePageTest.SearchProduct' and 'Tests.HomePageTest.SearchProduct'
31-03-2021 16:14:28.644 [java] [DEBUG] Found Arama alaninda {} aratilir in current project scope.
31-03-2021 16:14:28.644 [java] [DEBUG] Comparing 'Tests.LoginTest.ClickSignIn' and 'Tests.LoginTest.ClickSignIn'
31-03-2021 16:14:28.644 [java] [DEBUG] Found Anasayfada giris Yap a tiklanir in current project scope.
31-03-2021 16:14:28.644 [java] [DEBUG] Comparing 'Tests.FavoriteProductTest.isFavoriteListEmpty' and 'Tests.FavoriteProductTest.isFavoriteListEmpty'
31-03-2021 16:14:28.644 [java] [DEBUG] Found Favori listesinin bos oldugu gorulur in current project scope.
31-03-2021 16:14:28.645 [java] [DEBUG] Comparing 'Tests.LoginTest.SetPassword' and 'Tests.LoginTest.SetPassword'
31-03-2021 16:14:28.645 [java] [DEBUG] Found Password alanına {} girilir in current project scope.
31-03-2021 16:14:28.645 [java] [DEBUG] Comparing 'Tests.ProductDetailTest.AddFavoriteProduct' and 'Tests.ProductDetailTest.AddFavoriteProduct'
31-03-2021 16:14:28.645 [java] [DEBUG] Found Secilen urun favorilere eklenir in current project scope.
31-03-2021 16:14:28.645 [java] [DEBUG] Comparing 'Tests.FavoriteProductTest.SelectAllFavoritesProduct' and 'Tests.FavoriteProductTest.SelectAllFavoritesProduct'
31-03-2021 16:14:28.645 [java] [DEBUG] Found Favorilerimden tum urunler secilir in current project scope.
31-03-2021 16:14:28.645 [java] [DEBUG] Comparing 'Tests.FavoriteProductTest.IsFavoriteProductPresent' and 'Tests.FavoriteProductTest.IsFavoriteProductPresent'
31-03-2021 16:14:28.645 [java] [DEBUG] Found Favorilerde urun oldugu gorulur in current project scope.
31-03-2021 16:14:28.645 [java] [DEBUG] Scanning packages for hooks
31-03-2021 16:14:28.652 [java] [DEBUG] Scanned steps (using static parsing + reflections): 
31-03-2021 16:14:28.652 [java] [DEBUG] 	Favori listesinin bos oldugu gorulur : public void isFavoriteListEmpty()
31-03-2021 16:14:28.652 [java] [DEBUG] 	Anasayfanin acildigi gorulur : public void IsHomePageLoaded()
31-03-2021 16:14:28.652 [java] [DEBUG] 	Kullanıcı adı {} olarak girilir : public void SetUserName(String userName)
31-03-2021 16:14:28.652 [java] [DEBUG] 	Giris Yap butonuna tiklanir : public void ClikcLoginButton()
31-03-2021 16:14:28.652 [java] [DEBUG] 	Anasayfada giris Yap a tiklanir : public void ClickSignIn()
31-03-2021 16:14:28.653 [java] [DEBUG] 	Cikan pop-up da sil butonuna tiklanir : public void ClickDeleteConfirmButton()
31-03-2021 16:14:28.653 [java] [DEBUG] 	Favorilerde urun oldugu gorulur : public void IsFavoriteProductPresent()
31-03-2021 16:14:28.653 [java] [DEBUG] 	Aranan urunun geldigi gorulur : public void IsSearchedProductExist()
31-03-2021 16:14:28.653 [java] [DEBUG] 	Tum secimleri kaldir butonuna tiklanir : public void ClickDeleteAllSelectedProduct()
31-03-2021 16:14:28.653 [java] [DEBUG] 	Rastgele bir urun secilir : public void SelectRandomProduct()
31-03-2021 16:14:28.653 [java] [DEBUG] 	Login girisinin basarili oldugu gorulur : public void IsLoginSuccess()
31-03-2021 16:14:28.653 [java] [DEBUG] 	Favorilerimden tum urunler secilir : public void SelectAllFavoritesProduct()
31-03-2021 16:14:28.653 [java] [DEBUG] 	Secilen urun favorilere eklenir : public void AddFavoriteProduct()
31-03-2021 16:14:28.653 [java] [DEBUG] 	{} sitesine giris yapilir : public void initializeWebSite(String url)
31-03-2021 16:14:28.653 [java] [DEBUG] 	2.sayfaya tiklanir : public void ClickSecondPage()
31-03-2021 16:14:28.653 [java] [DEBUG] 	Hesabım alanindan begendiklerime tiklanir : public void CilckMyFavorites()
31-03-2021 16:14:28.653 [java] [DEBUG] 	Arama alaninda {} aratilir : public void SearchProduct(String productName)
31-03-2021 16:14:28.653 [java] [DEBUG] 	2.sayfanin acildigi kontrol edilir : public void ControllSecondPageOpened()
31-03-2021 16:14:28.653 [java] [DEBUG] 	Password alanına {} girilir : public void SetPassword(String password)
31-03-2021 16:14:30.571 [Gauge] [DEBUG] Validation completed.
31-03-2021 16:14:30.571 [Gauge] [DEBUG] Run started
31-03-2021 16:14:30.572 [Gauge] [DEBUG] Starting Html Report plugin
31-03-2021 16:14:30.585 [Gauge] [DEBUG] Attempting to connect to grpc server at port: 55449
31-03-2021 16:14:30.587 [Gauge] [DEBUG] Successfully made the connection with plugin with port: 55449
31-03-2021 16:14:30.587 [Gauge] [DEBUG] Initialising suite data store.
31-03-2021 16:14:31.246 [java] [ERROR] Starting ChromeDriver 89.0.4389.23 (61b08ee2c50024bab004e48d2b1b083cdbdac579-refs/branch-heads/4389@{#294}) on port 18797
31-03-2021 16:14:31.246 [java] [ERROR] Only local connections are allowed.
31-03-2021 16:14:31.246 [java] [ERROR] Please see https://chromedriver.chromium.org/security-considerations for suggestions on keeping ChromeDriver safe.
31-03-2021 16:14:31.252 [java] [ERROR] ChromeDriver was started successfully.
31-03-2021 16:14:32.433 [java] [ERROR] Mar 31, 2021 4:14:32 PM org.openqa.selenium.remote.ProtocolHandshake createSession
31-03-2021 16:14:32.433 [java] [ERROR] INFO: Detected dialect: W3C
31-03-2021 16:14:32.589 [java] [DEBUG] Executing '{} sitesine giris yapilir' using 'class Tests.HomePageTest.initializeWebSite
31-03-2021 16:14:36.041 [java] [DEBUG] Executing 'Anasayfanin acildigi gorulur' using 'class Tests.HomePageTest.IsHomePageLoaded
31-03-2021 16:14:36.146 [java] [DEBUG] Executing 'Anasayfada giris Yap a tiklanir' using 'class Tests.LoginTest.ClickSignIn
31-03-2021 16:14:37.677 [java] [DEBUG] Executing 'Kullanıcı adı {} olarak girilir' using 'class Tests.LoginTest.SetUserName
31-03-2021 16:14:40.122 [java] [DEBUG] Executing 'Password alanına {} girilir' using 'class Tests.LoginTest.SetPassword
31-03-2021 16:14:40.404 [java] [DEBUG] Executing 'Giris Yap butonuna tiklanir' using 'class Tests.LoginTest.ClikcLoginButton
31-03-2021 16:14:40.589 [java] [DEBUG] Executing 'Login girisinin basarili oldugu gorulur' using 'class Tests.LoginTest.IsLoginSuccess
31-03-2021 16:14:44.770 [java] [DEBUG] Executing 'Arama alaninda {} aratilir' using 'class Tests.HomePageTest.SearchProduct
31-03-2021 16:14:45.020 [java] [DEBUG] Executing 'Aranan urunun geldigi gorulur' using 'class Tests.ProductsPageTest.IsSearchedProductExist
31-03-2021 16:14:47.308 [java] [DEBUG] Executing '2.sayfaya tiklanir' using 'class Tests.ProductsPageTest.ClickSecondPage
31-03-2021 16:14:48.973 [java] [DEBUG] Executing '2.sayfanin acildigi kontrol edilir' using 'class Tests.ProductsPageTest.ControllSecondPageOpened
31-03-2021 16:15:01.507 [java] [DEBUG] Executing 'Rastgele bir urun secilir' using 'class Tests.ProductsPageTest.SelectRandomProduct
31-03-2021 16:15:06.554 [java] [DEBUG] Executing 'Secilen urun favorilere eklenir' using 'class Tests.ProductDetailTest.AddFavoriteProduct
31-03-2021 16:15:18.016 [java] [DEBUG] Executing 'Favorilerde urun oldugu gorulur' using 'class Tests.FavoriteProductTest.IsFavoriteProductPresent
31-03-2021 16:15:22.929 [html-report] [DEBUG] Transformed SuiteResult to report structure
31-03-2021 16:15:22.974 [html-report] [INFO] Successfully generated html-report to => C:\Users\Mustafa YARDIMCI\Desktop\OdeAlCaseProject\reports\html-report\index.html
31-03-2021 16:15:22.974 [html-report] [DEBUG] Done generating HTML report using theme from C:\Users\Mustafa YARDIMCI\AppData\Roaming\gauge\plugins\html-report\4.0.12\themes\default
31-03-2021 16:15:22.974 [Gauge] [DEBUG] Sending kill message to Html Report plugin.
31-03-2021 16:15:23.822 [Gauge] [DEBUG] Runner with PID:16776 has exited
31-03-2021 16:15:23.822 [Gauge] [INFO] Specifications:	1 executed	0 passed	1 failed	0 skipped
31-03-2021 16:15:23.822 [Gauge] [INFO] Scenarios:	1 executed	0 passed	1 failed	0 skipped
31-03-2021 16:15:23.822 [Gauge] [INFO] 
Total time taken: 52.357s
31-03-2021 16:15:23.822 [Gauge] [INFO] Updates are available. Run `gauge update -c` for more info.
31-03-2021 16:20:22.069 [Gauge] [DEBUG] Created gauge_screenshots_dir at C:\Users\Mustafa YARDIMCI\Desktop\OdeAlCaseProject\.gauge\screenshots
31-03-2021 16:20:22.071 [Gauge] [DEBUG] Plugin java is already installed.
31-03-2021 16:20:22.072 [Gauge] [DEBUG] Plugin html-report is already installed.
31-03-2021 16:20:22.072 [Gauge] [DEBUG] Parsing started.
31-03-2021 16:20:22.072 [Gauge] [DEBUG] Started concepts parsing.
31-03-2021 16:20:22.077 [Gauge] [DEBUG] 0 concepts parsing completed.
31-03-2021 16:20:22.077 [Gauge] [DEBUG] Started specifications parsing.
31-03-2021 16:20:22.078 [Gauge] [DEBUG] 1 specifications parsing completed.
31-03-2021 16:20:22.078 [Gauge] [DEBUG] Parsing completed.
31-03-2021 16:20:22.097 [java] [DEBUG] ***** Printing Properties/Env Values *****
31-03-2021 16:20:22.097 [java] [DEBUG] PATH: C:\Program Files\Java\jdk1.8.0_271\bin;C:\WINDOWS\system32;C:\WINDOWS;C:\WINDOWS\System32\Wbem;C:\WINDOWS\System32\WindowsPowerShell\v1.0\;C:\WINDOWS\System32\OpenSSH\;C:\Program Files\dotnet\;C:\Program Files\Microsoft SQL Server\130\Tools\Binn\;C:\Program Files\Microsoft SQL Server\Client SDK\ODBC\130\Tools\Binn\;C:\Program Files (x86)\Microsoft SQL Server\130\Tools\Binn\;C:\Program Files\Microsoft SQL Server\130\DTS\Binn\;C:\Program Files (x86)\Microsoft SQL Server\Client SDK\ODBC\130\Tools\Binn\;C:\Program Files (x86)\Microsoft SQL Server\130\DTS\Binn\;C:\Program Files (x86)\Microsoft SQL Server\130\Tools\Binn\ManagementStudio\;C:\ProgramData\chocolatey\bin;C:\Program Files\Microsoft VS Code\bin;C:\Program Files\Microsoft SQL Server\Client SDK\ODBC\170\Tools\Binn\;C:\Program Files\Git\cmd;C:\Program Files\Gauge\bin;C:\Program Files (x86)\dotnet\;C:\Program Files\nodejs\;C:\Users\Mustafa YARDIMCI\AppData\Local\Programs\Python\Python38-32\Scripts\;C:\Users\Mustafa YARDIMCI\AppData\Local\Programs\Python\Python38-32\;C:\Users\Mustafa YARDIMCI\AppData\Local\Microsoft\WindowsApps;C:\Users\Mustafa YARDIMCI\AppData\Local\GitHubDesktop\bin;C:\Users\Mustafa YARDIMCI\AppData\Local\Microsoft\WindowsApps;C:\Program Files\Java\jdk1.8.0_271\bin;C:\Program Files\JetBrains\IntelliJ IDEA 2020.3.1\bin;C:\Users\Mustafa YARDIMCI\.dotnet\tools;C:\Users\Mustafa YARDIMCI\AppData\Roaming\npm;C:\Users\Mustafa YARDIMCI\AppData\Roaming\gauge\plugins\screenshot\0.0.1
31-03-2021 16:20:22.097 [java] [DEBUG] JAVA_HOME: C:\Program Files\Java\jdk1.8.0_271
31-03-2021 16:20:22.097 [java] [DEBUG] gauge_project_root: C:\Users\Mustafa YARDIMCI\Desktop\OdeAlCaseProject
31-03-2021 16:20:22.097 [java] [DEBUG] gauge_parallel_streams_count: 12
31-03-2021 16:20:22.097 [java] [DEBUG] gauge_reports_dir: reports
31-03-2021 16:20:22.097 [java] [DEBUG] overwrite_reports: true
31-03-2021 16:20:22.097 [java] [DEBUG] logs_directory: logs
31-03-2021 16:20:22.097 [java] [DEBUG] enable_multithreading: false
31-03-2021 16:20:22.097 [java] [DEBUG] gauge_specs_dir: specs
31-03-2021 16:20:22.097 [java] [DEBUG] csv_delimiter: ,
31-03-2021 16:20:22.097 [java] [DEBUG] gauge_java_home: 
31-03-2021 16:20:22.097 [java] [DEBUG] gauge_custom_build_path: 
31-03-2021 16:20:22.097 [java] [DEBUG] gauge_additional_libs: libs/*
31-03-2021 16:20:22.097 [java] [DEBUG] gauge_jvm_args: 
31-03-2021 16:20:22.097 [java] [DEBUG] gauge_custom_compile_dir: 
31-03-2021 16:20:22.097 [java] [DEBUG] gauge_clear_state_level: scenario
31-03-2021 16:20:22.097 [java] [DEBUG] ***** END *****
31-03-2021 16:20:22.111 [java] [ERROR] exec: "mvn": executable file not found in %!P(MISSING)ATH%!(NOVERB)
31-03-2021 16:20:22.112 [java] [ERROR] Installed version of gauge-java (0.7.13) does not match with dependency gauge-java () specified in pom.xml file
31-03-2021 16:20:22.112 [java] [DEBUG] classpath set to C:\Program Files\Java\jdk1.8.0_271\jre\lib\charsets.jar;C:\Program Files\Java\jdk1.8.0_271\jre\lib\deploy.jar;C:\Program Files\Java\jdk1.8.0_271\jre\lib\ext\access-bridge-64.jar;C:\Program Files\Java\jdk1.8.0_271\jre\lib\ext\cldrdata.jar;C:\Program Files\Java\jdk1.8.0_271\jre\lib\ext\dnsns.jar;C:\Program Files\Java\jdk1.8.0_271\jre\lib\ext\jaccess.jar;C:\Program Files\Java\jdk1.8.0_271\jre\lib\ext\jfxrt.jar;C:\Program Files\Java\jdk1.8.0_271\jre\lib\ext\localedata.jar;C:\Program Files\Java\jdk1.8.0_271\jre\lib\ext\nashorn.jar;C:\Program Files\Java\jdk1.8.0_271\jre\lib\ext\sunec.jar;C:\Program Files\Java\jdk1.8.0_271\jre\lib\ext\sunjce_provider.jar;C:\Program Files\Java\jdk1.8.0_271\jre\lib\ext\sunmscapi.jar;C:\Program Files\Java\jdk1.8.0_271\jre\lib\ext\sunpkcs11.jar;C:\Program Files\Java\jdk1.8.0_271\jre\lib\ext\zipfs.jar;C:\Program Files\Java\jdk1.8.0_271\jre\lib\javaws.jar;C:\Program Files\Java\jdk1.8.0_271\jre\lib\jce.jar;C:\Program Files\Java\jdk1.8.0_271\jre\lib\jfr.jar;C:\Program Files\Java\jdk1.8.0_271\jre\lib\jfxswt.jar;C:\Program Files\Java\jdk1.8.0_271\jre\lib\jsse.jar;C:\Program Files\Java\jdk1.8.0_271\jre\lib\management-agent.jar;C:\Program Files\Java\jdk1.8.0_271\jre\lib\plugin.jar;C:\Program Files\Java\jdk1.8.0_271\jre\lib\resources.jar;C:\Program Files\Java\jdk1.8.0_271\jre\lib\rt.jar;C:\Users\Mustafa YARDIMCI\Desktop\OdeAlCaseProject\target\test-classes;C:\Users\Mustafa YARDIMCI\.m2\repository\com\thoughtworks\gauge\gauge-java\0.7.13\gauge-java-0.7.13.jar;C:\Users\Mustafa YARDIMCI\.m2\repository\com\github\javaparser\javaparser-core\3.16.2\javaparser-core-3.16.2.jar;C:\Users\Mustafa YARDIMCI\.m2\repository\commons-io\commons-io\2.8.0\commons-io-2.8.0.jar;C:\Users\Mustafa YARDIMCI\.m2\repository\commons-lang\commons-lang\2.6\commons-lang-2.6.jar;C:\Users\Mustafa YARDIMCI\.m2\repository\org\json\json\20200518\json-20200518.jar;C:\Users\Mustafa YARDIMCI\.m2\repository\com\google\protobuf\protobuf-java\3.13.0\protobuf-java-3.13.0.jar;C:\Users\Mustafa YARDIMCI\.m2\repository\com\google\guava\guava\29.0-jre\guava-29.0-jre.jar;C:\Users\Mustafa YARDIMCI\.m2\repository\com\google\guava\failureaccess\1.0.1\failureaccess-1.0.1.jar;C:\Users\Mustafa YARDIMCI\.m2\repository\com\google\guava\listenablefuture\9999.0-empty-to-avoid-conflict-with-guava\listenablefuture-9999.0-empty-to-avoid-conflict-with-guava.jar;C:\Users\Mustafa YARDIMCI\.m2\repository\com\google\code\findbugs\jsr305\3.0.2\jsr305-3.0.2.jar;C:\Users\Mustafa YARDIMCI\.m2\repository\org\checkerframework\checker-qual\2.11.1\checker-qual-2.11.1.jar;C:\Users\Mustafa YARDIMCI\.m2\repository\com\google\errorprone\error_prone_annotations\2.3.4\error_prone_annotations-2.3.4.jar;C:\Users\Mustafa YARDIMCI\.m2\repository\com\google\j2objc\j2objc-annotations\1.3\j2objc-annotations-1.3.jar;C:\Users\Mustafa YARDIMCI\.m2\repository\io\grpc\grpc-netty-shaded\1.33.0\grpc-netty-shaded-1.33.0.jar;C:\Users\Mustafa YARDIMCI\.m2\repository\io\grpc\grpc-core\1.33.0\grpc-core-1.33.0.jar;C:\Users\Mustafa YARDIMCI\.m2\repository\com\google\android\annotations\4.1.1.4\annotations-4.1.1.4.jar;C:\Users\Mustafa YARDIMCI\.m2\repository\io\perfmark\perfmark-api\0.19.0\perfmark-api-0.19.0.jar;C:\Users\Mustafa YARDIMCI\.m2\repository\io\grpc\grpc-protobuf\1.33.0\grpc-protobuf-1.33.0.jar;C:\Users\Mustafa YARDIMCI\.m2\repository\io\grpc\grpc-api\1.33.0\grpc-api-1.33.0.jar;C:\Users\Mustafa YARDIMCI\.m2\repository\io\grpc\grpc-context\1.33.0\grpc-context-1.33.0.jar;C:\Users\Mustafa YARDIMCI\.m2\repository\com\google\api\grpc\proto-google-common-protos\1.17.0\proto-google-common-protos-1.17.0.jar;C:\Users\Mustafa YARDIMCI\.m2\repository\io\grpc\grpc-protobuf-lite\1.33.0\grpc-protobuf-lite-1.33.0.jar;C:\Users\Mustafa YARDIMCI\.m2\repository\org\codehaus\mojo\animal-sniffer-annotations\1.18\animal-sniffer-annotations-1.18.jar;C:\Users\Mustafa YARDIMCI\.m2\repository\io\grpc\grpc-stub\1.33.0\grpc-stub-1.33.0.jar;C:\Users\Mustafa YARDIMCI\.m2\repository\javax\annotation\javax.annotation-api\1.3.2\javax.annotation-api-1.3.2.jar;C:\Users\Mustafa YARDIMCI\.m2\repository\org\assertj\assertj-core\3.10.0\assertj-core-3.10.0.jar;C:\Users\Mustafa YARDIMCI\.m2\repository\org\seleniumhq\selenium\selenium-java\3.141.59\selenium-java-3.141.59.jar;C:\Users\Mustafa YARDIMCI\.m2\repository\org\seleniumhq\selenium\selenium-api\3.141.59\selenium-api-3.141.59.jar;C:\Users\Mustafa YARDIMCI\.m2\repository\org\seleniumhq\selenium\selenium-chrome-driver\3.141.59\selenium-chrome-driver-3.141.59.jar;C:\Users\Mustafa YARDIMCI\.m2\repository\org\seleniumhq\selenium\selenium-edge-driver\3.141.59\selenium-edge-driver-3.141.59.jar;C:\Users\Mustafa YARDIMCI\.m2\repository\org\seleniumhq\selenium\selenium-firefox-driver\3.141.59\selenium-firefox-driver-3.141.59.jar;C:\Users\Mustafa YARDIMCI\.m2\repository\org\seleniumhq\selenium\selenium-ie-driver\3.141.59\selenium-ie-driver-3.141.59.jar;C:\Users\Mustafa YARDIMCI\.m2\repository\org\seleniumhq\selenium\selenium-opera-driver\3.141.59\selenium-opera-driver-3.141.59.jar;C:\Users\Mustafa YARDIMCI\.m2\repository\org\seleniumhq\selenium\selenium-remote-driver\3.141.59\selenium-remote-driver-3.141.59.jar;C:\Users\Mustafa YARDIMCI\.m2\repository\org\seleniumhq\selenium\selenium-safari-driver\3.141.59\selenium-safari-driver-3.141.59.jar;C:\Users\Mustafa YARDIMCI\.m2\repository\org\seleniumhq\selenium\selenium-support\3.141.59\selenium-support-3.141.59.jar;C:\Users\Mustafa YARDIMCI\.m2\repository\net\bytebuddy\byte-buddy\1.8.15\byte-buddy-1.8.15.jar;C:\Users\Mustafa YARDIMCI\.m2\repository\org\apache\commons\commons-exec\1.3\commons-exec-1.3.jar;C:\Users\Mustafa YARDIMCI\.m2\repository\com\squareup\okhttp3\okhttp\3.11.0\okhttp-3.11.0.jar;C:\Users\Mustafa YARDIMCI\.m2\repository\com\squareup\okio\okio\1.14.0\okio-1.14.0.jar;C:\Users\Mustafa YARDIMCI\.m2\repository\io\github\bonigarcia\webdrivermanager\4.2.0\webdrivermanager-4.2.0.jar;C:\Users\Mustafa YARDIMCI\.m2\repository\org\slf4j\slf4j-api\1.7.30\slf4j-api-1.7.30.jar;C:\Users\Mustafa YARDIMCI\.m2\repository\com\google\code\gson\gson\2.8.6\gson-2.8.6.jar;C:\Users\Mustafa YARDIMCI\.m2\repository\org\apache\commons\commons-lang3\3.11\commons-lang3-3.11.jar;C:\Users\Mustafa YARDIMCI\.m2\repository\org\apache\httpcomponents\client5\httpclient5\5.0.1\httpclient5-5.0.1.jar;C:\Users\Mustafa YARDIMCI\.m2\repository\org\apache\httpcomponents\core5\httpcore5\5.0.1\httpcore5-5.0.1.jar;C:\Users\Mustafa YARDIMCI\.m2\repository\org\apache\httpcomponents\core5\httpcore5-h2\5.0.1\httpcore5-h2-5.0.1.jar;C:\Users\Mustafa YARDIMCI\.m2\repository\commons-codec\commons-codec\1.13\commons-codec-1.13.jar;C:\Users\Mustafa YARDIMCI\.m2\repository\org\rauschig\jarchivelib\1.0.0\jarchivelib-1.0.0.jar;C:\Users\Mustafa YARDIMCI\.m2\repository\org\apache\commons\commons-compress\1.18\commons-compress-1.18.jar;C:\Users\Mustafa YARDIMCI\.m2\repository\org\jsoup\jsoup\1.13.1\jsoup-1.13.1.jar;C:\Users\Mustafa YARDIMCI\.m2\repository\org\reflections\reflections\0.9.10\reflections-0.9.10.jar;C:\Users\Mustafa YARDIMCI\.m2\repository\org\javassist\javassist\3.19.0-GA\javassist-3.19.0-GA.jar;C:\Users\Mustafa YARDIMCI\.m2\repository\com\google\code\findbugs\annotations\2.0.1\annotations-2.0.1.jar;C:\Users\Mustafa YARDIMCI\.m2\repository\junit\junit\4.12\junit-4.12.jar;C:\Users\Mustafa YARDIMCI\.m2\repository\org\hamcrest\hamcrest-core\1.3\hamcrest-core-1.3.jar
31-03-2021 16:20:22.151 [java] [DEBUG] found java executable in C:\Program Files\Java\jdk1.8.0_271\jre\bin\java.exe
31-03-2021 16:20:22.151 [java] [DEBUG] running - C:\Program Files\Java\jdk1.8.0_271\jre\bin\java.exe [-Dfile.encoding=UTF-8 com.thoughtworks.gauge.GaugeRuntime --start]
31-03-2021 16:20:22.151 [java] [DEBUG] stdout/stderr is logged to logs\17932-java.exe.out
31-03-2021 16:20:22.362 [Gauge] [DEBUG] Checking updates...
31-03-2021 16:20:22.363 [java] [DEBUG] multithreading is set to false
31-03-2021 16:20:22.364 [Gauge] [DEBUG] Downloading https://downloads.gauge.org/plugin/html-report?l=java&p=html-report,java,screenshot,spectacle&o=windows&a=amd64
31-03-2021 16:20:22.640 [Gauge] [DEBUG] Downloading https://downloads.gauge.org/plugin/java?l=java&p=html-report,java,screenshot,spectacle&o=windows&a=amd64
31-03-2021 16:20:22.726 [Gauge] [DEBUG] Downloading https://downloads.gauge.org/plugin/screenshot?l=java&p=html-report,java,screenshot,spectacle&o=windows&a=amd64
31-03-2021 16:20:22.802 [java] [DEBUG] Using reflection to scan dependencies for gauge implementations...
31-03-2021 16:20:22.803 [Gauge] [DEBUG] Downloading https://downloads.gauge.org/plugin/spectacle?l=java&p=html-report,java,screenshot,spectacle&o=windows&a=amd64
31-03-2021 16:20:22.869 [java] [ERROR] SLF4J: Failed to load class "org.slf4j.impl.StaticLoggerBinder".
31-03-2021 16:20:22.869 [java] [ERROR] SLF4J: Defaulting to no-operation (NOP) logger implementation
31-03-2021 16:20:22.869 [java] [ERROR] SLF4J: See http://www.slf4j.org/codes.html#StaticLoggerBinder for further details.
31-03-2021 16:20:23.453 [java] [DEBUG] gauge-java took 1078milliseconds to load and scan. This should be less than 'runner_connection_timeout' config value.
31-03-2021 16:20:23.453 [java] [DEBUG] run 'gauge config runner_connection_timeout' and verify that it is < 1078
31-03-2021 16:20:23.453 [java] [DEBUG] starting gRPC server...
31-03-2021 16:20:24.204 [java] [DEBUG] started gRPC server on port 55812
31-03-2021 16:20:24.204 [Gauge] [DEBUG] Attempting to connect to grpc server at port: 55812
31-03-2021 16:20:24.295 [Gauge] [DEBUG] Successfully made the connection with runner with port: 55812
31-03-2021 16:20:24.295 [Gauge] [DEBUG] Validation started.
31-03-2021 16:20:25.786 [java] [DEBUG] Scanning packages for steps
31-03-2021 16:20:25.800 [java] [DEBUG] Comparing 'Tests.LoginTest.SetUserName' and 'Tests.LoginTest.SetUserName'
31-03-2021 16:20:25.800 [java] [DEBUG] Found Kullanıcı adı {} olarak girilir in current project scope.
31-03-2021 16:20:25.800 [java] [DEBUG] Comparing 'Tests.FavoriteProductTest.ClickDeleteAllSelectedProduct' and 'Tests.FavoriteProductTest.ClickDeleteAllSelectedProduct'
31-03-2021 16:20:25.800 [java] [DEBUG] Found Tum secimleri kaldir butonuna tiklanir in current project scope.
31-03-2021 16:20:25.800 [java] [DEBUG] Comparing 'Tests.ProductsPageTest.IsSearchedProductExist' and 'Tests.ProductsPageTest.IsSearchedProductExist'
31-03-2021 16:20:25.800 [java] [DEBUG] Found Aranan urunun geldigi gorulur in current project scope.
31-03-2021 16:20:25.800 [java] [DEBUG] Comparing 'Tests.LoginTest.IsLoginSuccess' and 'Tests.LoginTest.IsLoginSuccess'
31-03-2021 16:20:25.800 [java] [DEBUG] Found Login girisinin basarili oldugu gorulur in current project scope.
31-03-2021 16:20:25.800 [java] [DEBUG] Comparing 'Tests.FavoriteProductTest.ClickDeleteConfirmButton' and 'Tests.FavoriteProductTest.ClickDeleteConfirmButton'
31-03-2021 16:20:25.800 [java] [DEBUG] Found Cikan pop-up da sil butonuna tiklanir in current project scope.
31-03-2021 16:20:25.800 [java] [DEBUG] Comparing 'Tests.ProductsPageTest.SelectRandomProduct' and 'Tests.ProductsPageTest.SelectRandomProduct'
31-03-2021 16:20:25.800 [java] [DEBUG] Found Rastgele bir urun secilir in current project scope.
31-03-2021 16:20:25.801 [java] [DEBUG] Comparing 'Tests.HomePageTest.IsHomePageLoaded' and 'Tests.HomePageTest.IsHomePageLoaded'
31-03-2021 16:20:25.801 [java] [DEBUG] Found Anasayfanin acildigi gorulur in current project scope.
31-03-2021 16:20:25.801 [java] [DEBUG] Comparing 'Tests.HomePageTest.initializeWebSite' and 'Tests.HomePageTest.initializeWebSite'
31-03-2021 16:20:25.801 [java] [DEBUG] Found {} sitesine giris yapilir in current project scope.
31-03-2021 16:20:25.801 [java] [DEBUG] Comparing 'Tests.ProductsPageTest.ControllSecondPageOpened' and 'Tests.ProductsPageTest.ControllSecondPageOpened'
31-03-2021 16:20:25.801 [java] [DEBUG] Found 2.sayfanin acildigi kontrol edilir in current project scope.
31-03-2021 16:20:25.801 [java] [DEBUG] Comparing 'Tests.LoginTest.ClikcLoginButton' and 'Tests.LoginTest.ClikcLoginButton'
31-03-2021 16:20:25.801 [java] [DEBUG] Found Giris Yap butonuna tiklanir in current project scope.
31-03-2021 16:20:25.801 [java] [DEBUG] Comparing 'Tests.ProductDetailTest.CilckMyFavorites' and 'Tests.ProductDetailTest.CilckMyFavorites'
31-03-2021 16:20:25.801 [java] [DEBUG] Found Hesabım alanindan begendiklerime tiklanir in current project scope.
31-03-2021 16:20:25.801 [java] [DEBUG] Comparing 'Tests.ProductsPageTest.ClickSecondPage' and 'Tests.ProductsPageTest.ClickSecondPage'
31-03-2021 16:20:25.801 [java] [DEBUG] Found 2.sayfaya tiklanir in current project scope.
31-03-2021 16:20:25.802 [java] [DEBUG] Comparing 'Tests.HomePageTest.SearchProduct' and 'Tests.HomePageTest.SearchProduct'
31-03-2021 16:20:25.802 [java] [DEBUG] Found Arama alaninda {} aratilir in current project scope.
31-03-2021 16:20:25.802 [java] [DEBUG] Comparing 'Tests.LoginTest.ClickSignIn' and 'Tests.LoginTest.ClickSignIn'
31-03-2021 16:20:25.802 [java] [DEBUG] Found Anasayfada giris Yap a tiklanir in current project scope.
31-03-2021 16:20:25.802 [java] [DEBUG] Comparing 'Tests.FavoriteProductTest.isFavoriteListEmpty' and 'Tests.FavoriteProductTest.isFavoriteListEmpty'
31-03-2021 16:20:25.802 [java] [DEBUG] Found Favori listesinin bos oldugu gorulur in current project scope.
31-03-2021 16:20:25.803 [java] [DEBUG] Comparing 'Tests.LoginTest.SetPassword' and 'Tests.LoginTest.SetPassword'
31-03-2021 16:20:25.803 [java] [DEBUG] Found Password alanına {} girilir in current project scope.
31-03-2021 16:20:25.803 [java] [DEBUG] Comparing 'Tests.ProductDetailTest.AddFavoriteProduct' and 'Tests.ProductDetailTest.AddFavoriteProduct'
31-03-2021 16:20:25.803 [java] [DEBUG] Found Secilen urun favorilere eklenir in current project scope.
31-03-2021 16:20:25.803 [java] [DEBUG] Comparing 'Tests.FavoriteProductTest.SelectAllFavoritesProduct' and 'Tests.FavoriteProductTest.SelectAllFavoritesProduct'
31-03-2021 16:20:25.803 [java] [DEBUG] Found Favorilerimden tum urunler secilir in current project scope.
31-03-2021 16:20:25.803 [java] [DEBUG] Comparing 'Tests.FavoriteProductTest.IsFavoriteProductPresent' and 'Tests.FavoriteProductTest.IsFavoriteProductPresent'
31-03-2021 16:20:25.803 [java] [DEBUG] Found Favorilerde urun oldugu gorulur in current project scope.
31-03-2021 16:20:25.803 [java] [DEBUG] Scanning packages for hooks
31-03-2021 16:20:25.809 [java] [DEBUG] Scanned steps (using static parsing + reflections): 
31-03-2021 16:20:25.809 [java] [DEBUG] 	Favori listesinin bos oldugu gorulur : public void isFavoriteListEmpty()
31-03-2021 16:20:25.809 [java] [DEBUG] 	Anasayfanin acildigi gorulur : public void IsHomePageLoaded()
31-03-2021 16:20:25.809 [java] [DEBUG] 	Kullanıcı adı {} olarak girilir : public void SetUserName(String userName)
31-03-2021 16:20:25.809 [java] [DEBUG] 	Giris Yap butonuna tiklanir : public void ClikcLoginButton()
31-03-2021 16:20:25.809 [java] [DEBUG] 	Anasayfada giris Yap a tiklanir : public void ClickSignIn()
31-03-2021 16:20:25.809 [java] [DEBUG] 	Cikan pop-up da sil butonuna tiklanir : public void ClickDeleteConfirmButton()
31-03-2021 16:20:25.809 [java] [DEBUG] 	Favorilerde urun oldugu gorulur : public void IsFavoriteProductPresent()
31-03-2021 16:20:25.809 [java] [DEBUG] 	Aranan urunun geldigi gorulur : public void IsSearchedProductExist()
31-03-2021 16:20:25.809 [java] [DEBUG] 	Tum secimleri kaldir butonuna tiklanir : public void ClickDeleteAllSelectedProduct()
31-03-2021 16:20:25.809 [java] [DEBUG] 	Rastgele bir urun secilir : public void SelectRandomProduct()
31-03-2021 16:20:25.809 [java] [DEBUG] 	Login girisinin basarili oldugu gorulur : public void IsLoginSuccess()
31-03-2021 16:20:25.809 [java] [DEBUG] 	Favorilerimden tum urunler secilir : public void SelectAllFavoritesProduct()
31-03-2021 16:20:25.809 [java] [DEBUG] 	Secilen urun favorilere eklenir : public void AddFavoriteProduct()
31-03-2021 16:20:25.809 [java] [DEBUG] 	{} sitesine giris yapilir : public void initializeWebSite(String url)
31-03-2021 16:20:25.809 [java] [DEBUG] 	2.sayfaya tiklanir : public void ClickSecondPage()
31-03-2021 16:20:25.809 [java] [DEBUG] 	Hesabım alanindan begendiklerime tiklanir : public void CilckMyFavorites()
31-03-2021 16:20:25.809 [java] [DEBUG] 	Arama alaninda {} aratilir : public void SearchProduct(String productName)
31-03-2021 16:20:25.810 [java] [DEBUG] 	2.sayfanin acildigi kontrol edilir : public void ControllSecondPageOpened()
31-03-2021 16:20:25.810 [java] [DEBUG] 	Password alanına {} girilir : public void SetPassword(String password)
31-03-2021 16:20:27.853 [Gauge] [DEBUG] Validation completed.
31-03-2021 16:20:27.854 [Gauge] [DEBUG] Run started
31-03-2021 16:20:27.854 [Gauge] [DEBUG] Starting Html Report plugin
31-03-2021 16:20:27.869 [Gauge] [DEBUG] Attempting to connect to grpc server at port: 55816
31-03-2021 16:20:27.870 [Gauge] [DEBUG] Successfully made the connection with plugin with port: 55816
31-03-2021 16:20:27.870 [Gauge] [DEBUG] Initialising suite data store.
31-03-2021 16:20:28.572 [java] [ERROR] Starting ChromeDriver 89.0.4389.23 (61b08ee2c50024bab004e48d2b1b083cdbdac579-refs/branch-heads/4389@{#294}) on port 29654
31-03-2021 16:20:28.572 [java] [ERROR] Only local connections are allowed.
31-03-2021 16:20:28.572 [java] [ERROR] Please see https://chromedriver.chromium.org/security-considerations for suggestions on keeping ChromeDriver safe.
31-03-2021 16:20:28.578 [java] [ERROR] ChromeDriver was started successfully.
31-03-2021 16:20:29.798 [java] [ERROR] Mar 31, 2021 4:20:29 PM org.openqa.selenium.remote.ProtocolHandshake createSession
31-03-2021 16:20:29.798 [java] [ERROR] INFO: Detected dialect: W3C
31-03-2021 16:20:29.972 [java] [DEBUG] Executing '{} sitesine giris yapilir' using 'class Tests.HomePageTest.initializeWebSite
31-03-2021 16:20:33.428 [java] [DEBUG] Executing 'Anasayfanin acildigi gorulur' using 'class Tests.HomePageTest.IsHomePageLoaded
31-03-2021 16:20:33.514 [java] [DEBUG] Executing 'Anasayfada giris Yap a tiklanir' using 'class Tests.LoginTest.ClickSignIn
31-03-2021 16:20:35.018 [java] [DEBUG] Executing 'Kullanıcı adı {} olarak girilir' using 'class Tests.LoginTest.SetUserName
31-03-2021 16:20:37.450 [java] [DEBUG] Executing 'Password alanına {} girilir' using 'class Tests.LoginTest.SetPassword
31-03-2021 16:20:37.775 [java] [DEBUG] Executing 'Giris Yap butonuna tiklanir' using 'class Tests.LoginTest.ClikcLoginButton
31-03-2021 16:20:37.967 [java] [DEBUG] Executing 'Login girisinin basarili oldugu gorulur' using 'class Tests.LoginTest.IsLoginSuccess
31-03-2021 16:20:52.080 [java] [ERROR] [1617196852.079][WARNING]: Timed out connecting to Chrome, retrying...
31-03-2021 16:20:54.659 [Gauge] [DEBUG] Created gauge_screenshots_dir at C:\Users\Mustafa YARDIMCI\Desktop\OdeAlCaseProject\.gauge\screenshots
31-03-2021 16:20:54.666 [Gauge] [DEBUG] Plugin java is already installed.
31-03-2021 16:20:54.667 [Gauge] [DEBUG] Plugin html-report is already installed.
31-03-2021 16:20:54.668 [Gauge] [DEBUG] Parsing started.
31-03-2021 16:20:54.668 [Gauge] [DEBUG] Started concepts parsing.
31-03-2021 16:20:54.674 [Gauge] [DEBUG] 0 concepts parsing completed.
31-03-2021 16:20:54.674 [Gauge] [DEBUG] Started specifications parsing.
31-03-2021 16:20:54.675 [Gauge] [DEBUG] 1 specifications parsing completed.
31-03-2021 16:20:54.675 [Gauge] [DEBUG] Parsing completed.
31-03-2021 16:20:54.694 [java] [DEBUG] ***** Printing Properties/Env Values *****
31-03-2021 16:20:54.694 [java] [DEBUG] PATH: C:\Program Files\Java\jdk1.8.0_271\bin;C:\WINDOWS\system32;C:\WINDOWS;C:\WINDOWS\System32\Wbem;C:\WINDOWS\System32\WindowsPowerShell\v1.0\;C:\WINDOWS\System32\OpenSSH\;C:\Program Files\dotnet\;C:\Program Files\Microsoft SQL Server\130\Tools\Binn\;C:\Program Files\Microsoft SQL Server\Client SDK\ODBC\130\Tools\Binn\;C:\Program Files (x86)\Microsoft SQL Server\130\Tools\Binn\;C:\Program Files\Microsoft SQL Server\130\DTS\Binn\;C:\Program Files (x86)\Microsoft SQL Server\Client SDK\ODBC\130\Tools\Binn\;C:\Program Files (x86)\Microsoft SQL Server\130\DTS\Binn\;C:\Program Files (x86)\Microsoft SQL Server\130\Tools\Binn\ManagementStudio\;C:\ProgramData\chocolatey\bin;C:\Program Files\Microsoft VS Code\bin;C:\Program Files\Microsoft SQL Server\Client SDK\ODBC\170\Tools\Binn\;C:\Program Files\Git\cmd;C:\Program Files\Gauge\bin;C:\Program Files (x86)\dotnet\;C:\Program Files\nodejs\;C:\Users\Mustafa YARDIMCI\AppData\Local\Programs\Python\Python38-32\Scripts\;C:\Users\Mustafa YARDIMCI\AppData\Local\Programs\Python\Python38-32\;C:\Users\Mustafa YARDIMCI\AppData\Local\Microsoft\WindowsApps;C:\Users\Mustafa YARDIMCI\AppData\Local\GitHubDesktop\bin;C:\Users\Mustafa YARDIMCI\AppData\Local\Microsoft\WindowsApps;C:\Program Files\Java\jdk1.8.0_271\bin;C:\Program Files\JetBrains\IntelliJ IDEA 2020.3.1\bin;C:\Users\Mustafa YARDIMCI\.dotnet\tools;C:\Users\Mustafa YARDIMCI\AppData\Roaming\npm;C:\Users\Mustafa YARDIMCI\AppData\Roaming\gauge\plugins\screenshot\0.0.1
31-03-2021 16:20:54.694 [java] [DEBUG] JAVA_HOME: C:\Program Files\Java\jdk1.8.0_271
31-03-2021 16:20:54.694 [java] [DEBUG] gauge_project_root: C:\Users\Mustafa YARDIMCI\Desktop\OdeAlCaseProject
31-03-2021 16:20:54.694 [java] [DEBUG] gauge_parallel_streams_count: 12
31-03-2021 16:20:54.694 [java] [DEBUG] gauge_reports_dir: reports
31-03-2021 16:20:54.694 [java] [DEBUG] overwrite_reports: true
31-03-2021 16:20:54.694 [java] [DEBUG] logs_directory: logs
31-03-2021 16:20:54.694 [java] [DEBUG] enable_multithreading: false
31-03-2021 16:20:54.694 [java] [DEBUG] gauge_specs_dir: specs
31-03-2021 16:20:54.694 [java] [DEBUG] csv_delimiter: ,
31-03-2021 16:20:54.694 [java] [DEBUG] gauge_java_home: 
31-03-2021 16:20:54.694 [java] [DEBUG] gauge_custom_build_path: 
31-03-2021 16:20:54.694 [java] [DEBUG] gauge_additional_libs: libs/*
31-03-2021 16:20:54.694 [java] [DEBUG] gauge_jvm_args: 
31-03-2021 16:20:54.694 [java] [DEBUG] gauge_custom_compile_dir: 
31-03-2021 16:20:54.694 [java] [DEBUG] gauge_clear_state_level: scenario
31-03-2021 16:20:54.694 [java] [DEBUG] ***** END *****
31-03-2021 16:20:54.709 [java] [ERROR] exec: "mvn": executable file not found in %!P(MISSING)ATH%!(NOVERB)
31-03-2021 16:20:54.709 [java] [ERROR] Installed version of gauge-java (0.7.13) does not match with dependency gauge-java () specified in pom.xml file
31-03-2021 16:20:54.709 [java] [DEBUG] classpath set to C:\Program Files\Java\jdk1.8.0_271\jre\lib\charsets.jar;C:\Program Files\Java\jdk1.8.0_271\jre\lib\deploy.jar;C:\Program Files\Java\jdk1.8.0_271\jre\lib\ext\access-bridge-64.jar;C:\Program Files\Java\jdk1.8.0_271\jre\lib\ext\cldrdata.jar;C:\Program Files\Java\jdk1.8.0_271\jre\lib\ext\dnsns.jar;C:\Program Files\Java\jdk1.8.0_271\jre\lib\ext\jaccess.jar;C:\Program Files\Java\jdk1.8.0_271\jre\lib\ext\jfxrt.jar;C:\Program Files\Java\jdk1.8.0_271\jre\lib\ext\localedata.jar;C:\Program Files\Java\jdk1.8.0_271\jre\lib\ext\nashorn.jar;C:\Program Files\Java\jdk1.8.0_271\jre\lib\ext\sunec.jar;C:\Program Files\Java\jdk1.8.0_271\jre\lib\ext\sunjce_provider.jar;C:\Program Files\Java\jdk1.8.0_271\jre\lib\ext\sunmscapi.jar;C:\Program Files\Java\jdk1.8.0_271\jre\lib\ext\sunpkcs11.jar;C:\Program Files\Java\jdk1.8.0_271\jre\lib\ext\zipfs.jar;C:\Program Files\Java\jdk1.8.0_271\jre\lib\javaws.jar;C:\Program Files\Java\jdk1.8.0_271\jre\lib\jce.jar;C:\Program Files\Java\jdk1.8.0_271\jre\lib\jfr.jar;C:\Program Files\Java\jdk1.8.0_271\jre\lib\jfxswt.jar;C:\Program Files\Java\jdk1.8.0_271\jre\lib\jsse.jar;C:\Program Files\Java\jdk1.8.0_271\jre\lib\management-agent.jar;C:\Program Files\Java\jdk1.8.0_271\jre\lib\plugin.jar;C:\Program Files\Java\jdk1.8.0_271\jre\lib\resources.jar;C:\Program Files\Java\jdk1.8.0_271\jre\lib\rt.jar;C:\Users\Mustafa YARDIMCI\Desktop\OdeAlCaseProject\target\test-classes;C:\Users\Mustafa YARDIMCI\.m2\repository\com\thoughtworks\gauge\gauge-java\0.7.13\gauge-java-0.7.13.jar;C:\Users\Mustafa YARDIMCI\.m2\repository\com\github\javaparser\javaparser-core\3.16.2\javaparser-core-3.16.2.jar;C:\Users\Mustafa YARDIMCI\.m2\repository\commons-io\commons-io\2.8.0\commons-io-2.8.0.jar;C:\Users\Mustafa YARDIMCI\.m2\repository\commons-lang\commons-lang\2.6\commons-lang-2.6.jar;C:\Users\Mustafa YARDIMCI\.m2\repository\org\json\json\20200518\json-20200518.jar;C:\Users\Mustafa YARDIMCI\.m2\repository\com\google\protobuf\protobuf-java\3.13.0\protobuf-java-3.13.0.jar;C:\Users\Mustafa YARDIMCI\.m2\repository\com\google\guava\guava\29.0-jre\guava-29.0-jre.jar;C:\Users\Mustafa YARDIMCI\.m2\repository\com\google\guava\failureaccess\1.0.1\failureaccess-1.0.1.jar;C:\Users\Mustafa YARDIMCI\.m2\repository\com\google\guava\listenablefuture\9999.0-empty-to-avoid-conflict-with-guava\listenablefuture-9999.0-empty-to-avoid-conflict-with-guava.jar;C:\Users\Mustafa YARDIMCI\.m2\repository\com\google\code\findbugs\jsr305\3.0.2\jsr305-3.0.2.jar;C:\Users\Mustafa YARDIMCI\.m2\repository\org\checkerframework\checker-qual\2.11.1\checker-qual-2.11.1.jar;C:\Users\Mustafa YARDIMCI\.m2\repository\com\google\errorprone\error_prone_annotations\2.3.4\error_prone_annotations-2.3.4.jar;C:\Users\Mustafa YARDIMCI\.m2\repository\com\google\j2objc\j2objc-annotations\1.3\j2objc-annotations-1.3.jar;C:\Users\Mustafa YARDIMCI\.m2\repository\io\grpc\grpc-netty-shaded\1.33.0\grpc-netty-shaded-1.33.0.jar;C:\Users\Mustafa YARDIMCI\.m2\repository\io\grpc\grpc-core\1.33.0\grpc-core-1.33.0.jar;C:\Users\Mustafa YARDIMCI\.m2\repository\com\google\android\annotations\4.1.1.4\annotations-4.1.1.4.jar;C:\Users\Mustafa YARDIMCI\.m2\repository\io\perfmark\perfmark-api\0.19.0\perfmark-api-0.19.0.jar;C:\Users\Mustafa YARDIMCI\.m2\repository\io\grpc\grpc-protobuf\1.33.0\grpc-protobuf-1.33.0.jar;C:\Users\Mustafa YARDIMCI\.m2\repository\io\grpc\grpc-api\1.33.0\grpc-api-1.33.0.jar;C:\Users\Mustafa YARDIMCI\.m2\repository\io\grpc\grpc-context\1.33.0\grpc-context-1.33.0.jar;C:\Users\Mustafa YARDIMCI\.m2\repository\com\google\api\grpc\proto-google-common-protos\1.17.0\proto-google-common-protos-1.17.0.jar;C:\Users\Mustafa YARDIMCI\.m2\repository\io\grpc\grpc-protobuf-lite\1.33.0\grpc-protobuf-lite-1.33.0.jar;C:\Users\Mustafa YARDIMCI\.m2\repository\org\codehaus\mojo\animal-sniffer-annotations\1.18\animal-sniffer-annotations-1.18.jar;C:\Users\Mustafa YARDIMCI\.m2\repository\io\grpc\grpc-stub\1.33.0\grpc-stub-1.33.0.jar;C:\Users\Mustafa YARDIMCI\.m2\repository\javax\annotation\javax.annotation-api\1.3.2\javax.annotation-api-1.3.2.jar;C:\Users\Mustafa YARDIMCI\.m2\repository\org\assertj\assertj-core\3.10.0\assertj-core-3.10.0.jar;C:\Users\Mustafa YARDIMCI\.m2\repository\org\seleniumhq\selenium\selenium-java\3.141.59\selenium-java-3.141.59.jar;C:\Users\Mustafa YARDIMCI\.m2\repository\org\seleniumhq\selenium\selenium-api\3.141.59\selenium-api-3.141.59.jar;C:\Users\Mustafa YARDIMCI\.m2\repository\org\seleniumhq\selenium\selenium-chrome-driver\3.141.59\selenium-chrome-driver-3.141.59.jar;C:\Users\Mustafa YARDIMCI\.m2\repository\org\seleniumhq\selenium\selenium-edge-driver\3.141.59\selenium-edge-driver-3.141.59.jar;C:\Users\Mustafa YARDIMCI\.m2\repository\org\seleniumhq\selenium\selenium-firefox-driver\3.141.59\selenium-firefox-driver-3.141.59.jar;C:\Users\Mustafa YARDIMCI\.m2\repository\org\seleniumhq\selenium\selenium-ie-driver\3.141.59\selenium-ie-driver-3.141.59.jar;C:\Users\Mustafa YARDIMCI\.m2\repository\org\seleniumhq\selenium\selenium-opera-driver\3.141.59\selenium-opera-driver-3.141.59.jar;C:\Users\Mustafa YARDIMCI\.m2\repository\org\seleniumhq\selenium\selenium-remote-driver\3.141.59\selenium-remote-driver-3.141.59.jar;C:\Users\Mustafa YARDIMCI\.m2\repository\org\seleniumhq\selenium\selenium-safari-driver\3.141.59\selenium-safari-driver-3.141.59.jar;C:\Users\Mustafa YARDIMCI\.m2\repository\org\seleniumhq\selenium\selenium-support\3.141.59\selenium-support-3.141.59.jar;C:\Users\Mustafa YARDIMCI\.m2\repository\net\bytebuddy\byte-buddy\1.8.15\byte-buddy-1.8.15.jar;C:\Users\Mustafa YARDIMCI\.m2\repository\org\apache\commons\commons-exec\1.3\commons-exec-1.3.jar;C:\Users\Mustafa YARDIMCI\.m2\repository\com\squareup\okhttp3\okhttp\3.11.0\okhttp-3.11.0.jar;C:\Users\Mustafa YARDIMCI\.m2\repository\com\squareup\okio\okio\1.14.0\okio-1.14.0.jar;C:\Users\Mustafa YARDIMCI\.m2\repository\io\github\bonigarcia\webdrivermanager\4.2.0\webdrivermanager-4.2.0.jar;C:\Users\Mustafa YARDIMCI\.m2\repository\org\slf4j\slf4j-api\1.7.30\slf4j-api-1.7.30.jar;C:\Users\Mustafa YARDIMCI\.m2\repository\com\google\code\gson\gson\2.8.6\gson-2.8.6.jar;C:\Users\Mustafa YARDIMCI\.m2\repository\org\apache\commons\commons-lang3\3.11\commons-lang3-3.11.jar;C:\Users\Mustafa YARDIMCI\.m2\repository\org\apache\httpcomponents\client5\httpclient5\5.0.1\httpclient5-5.0.1.jar;C:\Users\Mustafa YARDIMCI\.m2\repository\org\apache\httpcomponents\core5\httpcore5\5.0.1\httpcore5-5.0.1.jar;C:\Users\Mustafa YARDIMCI\.m2\repository\org\apache\httpcomponents\core5\httpcore5-h2\5.0.1\httpcore5-h2-5.0.1.jar;C:\Users\Mustafa YARDIMCI\.m2\repository\commons-codec\commons-codec\1.13\commons-codec-1.13.jar;C:\Users\Mustafa YARDIMCI\.m2\repository\org\rauschig\jarchivelib\1.0.0\jarchivelib-1.0.0.jar;C:\Users\Mustafa YARDIMCI\.m2\repository\org\apache\commons\commons-compress\1.18\commons-compress-1.18.jar;C:\Users\Mustafa YARDIMCI\.m2\repository\org\jsoup\jsoup\1.13.1\jsoup-1.13.1.jar;C:\Users\Mustafa YARDIMCI\.m2\repository\org\reflections\reflections\0.9.10\reflections-0.9.10.jar;C:\Users\Mustafa YARDIMCI\.m2\repository\org\javassist\javassist\3.19.0-GA\javassist-3.19.0-GA.jar;C:\Users\Mustafa YARDIMCI\.m2\repository\com\google\code\findbugs\annotations\2.0.1\annotations-2.0.1.jar;C:\Users\Mustafa YARDIMCI\.m2\repository\junit\junit\4.12\junit-4.12.jar;C:\Users\Mustafa YARDIMCI\.m2\repository\org\hamcrest\hamcrest-core\1.3\hamcrest-core-1.3.jar
31-03-2021 16:20:54.750 [java] [DEBUG] found java executable in C:\Program Files\Java\jdk1.8.0_271\jre\bin\java.exe
31-03-2021 16:20:54.750 [java] [DEBUG] running - C:\Program Files\Java\jdk1.8.0_271\jre\bin\java.exe [-Dfile.encoding=UTF-8 com.thoughtworks.gauge.GaugeRuntime --start]
31-03-2021 16:20:54.751 [java] [DEBUG] stdout/stderr is logged to logs\6016-java.exe.out
31-03-2021 16:20:54.906 [Gauge] [DEBUG] Checking updates...
31-03-2021 16:20:54.907 [Gauge] [DEBUG] Downloading https://downloads.gauge.org/plugin/html-report?l=java&p=html-report,java,screenshot,spectacle&o=windows&a=amd64
31-03-2021 16:20:54.956 [java] [DEBUG] multithreading is set to false
31-03-2021 16:20:55.120 [Gauge] [DEBUG] Downloading https://downloads.gauge.org/plugin/java?l=java&p=html-report,java,screenshot,spectacle&o=windows&a=amd64
31-03-2021 16:20:55.187 [Gauge] [DEBUG] Downloading https://downloads.gauge.org/plugin/screenshot?l=java&p=html-report,java,screenshot,spectacle&o=windows&a=amd64
31-03-2021 16:20:55.246 [Gauge] [DEBUG] Downloading https://downloads.gauge.org/plugin/spectacle?l=java&p=html-report,java,screenshot,spectacle&o=windows&a=amd64
31-03-2021 16:20:55.398 [java] [DEBUG] Using reflection to scan dependencies for gauge implementations...
31-03-2021 16:20:55.481 [java] [ERROR] SLF4J: Failed to load class "org.slf4j.impl.StaticLoggerBinder".
31-03-2021 16:20:55.481 [java] [ERROR] SLF4J: Defaulting to no-operation (NOP) logger implementation
31-03-2021 16:20:55.481 [java] [ERROR] SLF4J: See http://www.slf4j.org/codes.html#StaticLoggerBinder for further details.
31-03-2021 16:21:01.356 [html-report] [DEBUG] Transformed SuiteResult to report structure
31-03-2021 16:21:01.409 [html-report] [INFO] Successfully generated html-report to => C:\Users\Mustafa YARDIMCI\Desktop\OdeAlCaseProject\reports\html-report\index.html
31-03-2021 16:21:01.409 [html-report] [DEBUG] Done generating HTML report using theme from C:\Users\Mustafa YARDIMCI\AppData\Roaming\gauge\plugins\html-report\4.0.12\themes\default
31-03-2021 16:21:01.409 [Gauge] [DEBUG] Sending kill message to Html Report plugin.
31-03-2021 16:21:02.219 [Gauge] [DEBUG] Runner with PID:17932 has exited
31-03-2021 16:21:02.219 [Gauge] [INFO] Specifications:	1 executed	0 passed	1 failed	0 skipped
31-03-2021 16:21:02.219 [Gauge] [INFO] Scenarios:	1 executed	0 passed	1 failed	0 skipped
31-03-2021 16:21:02.219 [Gauge] [INFO] 
Total time taken: 33.501s
31-03-2021 16:21:02.220 [Gauge] [INFO] Updates are available. Run `gauge update -c` for more info.
31-03-2021 16:21:03.104 [Gauge] [DEBUG] Created gauge_screenshots_dir at C:\Users\Mustafa YARDIMCI\Desktop\OdeAlCaseProject\.gauge\screenshots
31-03-2021 16:21:03.106 [Gauge] [DEBUG] Plugin java is already installed.
31-03-2021 16:21:03.106 [Gauge] [DEBUG] Plugin html-report is already installed.
31-03-2021 16:21:03.108 [Gauge] [DEBUG] Parsing started.
31-03-2021 16:21:03.108 [Gauge] [DEBUG] Started concepts parsing.
31-03-2021 16:21:03.115 [Gauge] [DEBUG] 0 concepts parsing completed.
31-03-2021 16:21:03.115 [Gauge] [DEBUG] Started specifications parsing.
31-03-2021 16:21:03.116 [Gauge] [DEBUG] 1 specifications parsing completed.
31-03-2021 16:21:03.116 [Gauge] [DEBUG] Parsing completed.
31-03-2021 16:21:03.138 [java] [DEBUG] ***** Printing Properties/Env Values *****
31-03-2021 16:21:03.138 [java] [DEBUG] PATH: C:\Program Files\Java\jdk1.8.0_271\bin;C:\WINDOWS\system32;C:\WINDOWS;C:\WINDOWS\System32\Wbem;C:\WINDOWS\System32\WindowsPowerShell\v1.0\;C:\WINDOWS\System32\OpenSSH\;C:\Program Files\dotnet\;C:\Program Files\Microsoft SQL Server\130\Tools\Binn\;C:\Program Files\Microsoft SQL Server\Client SDK\ODBC\130\Tools\Binn\;C:\Program Files (x86)\Microsoft SQL Server\130\Tools\Binn\;C:\Program Files\Microsoft SQL Server\130\DTS\Binn\;C:\Program Files (x86)\Microsoft SQL Server\Client SDK\ODBC\130\Tools\Binn\;C:\Program Files (x86)\Microsoft SQL Server\130\DTS\Binn\;C:\Program Files (x86)\Microsoft SQL Server\130\Tools\Binn\ManagementStudio\;C:\ProgramData\chocolatey\bin;C:\Program Files\Microsoft VS Code\bin;C:\Program Files\Microsoft SQL Server\Client SDK\ODBC\170\Tools\Binn\;C:\Program Files\Git\cmd;C:\Program Files\Gauge\bin;C:\Program Files (x86)\dotnet\;C:\Program Files\nodejs\;C:\Users\Mustafa YARDIMCI\AppData\Local\Programs\Python\Python38-32\Scripts\;C:\Users\Mustafa YARDIMCI\AppData\Local\Programs\Python\Python38-32\;C:\Users\Mustafa YARDIMCI\AppData\Local\Microsoft\WindowsApps;C:\Users\Mustafa YARDIMCI\AppData\Local\GitHubDesktop\bin;C:\Users\Mustafa YARDIMCI\AppData\Local\Microsoft\WindowsApps;C:\Program Files\Java\jdk1.8.0_271\bin;C:\Program Files\JetBrains\IntelliJ IDEA 2020.3.1\bin;C:\Users\Mustafa YARDIMCI\.dotnet\tools;C:\Users\Mustafa YARDIMCI\AppData\Roaming\npm;C:\Users\Mustafa YARDIMCI\AppData\Roaming\gauge\plugins\screenshot\0.0.1
31-03-2021 16:21:03.138 [java] [DEBUG] JAVA_HOME: C:\Program Files\Java\jdk1.8.0_271
31-03-2021 16:21:03.138 [java] [DEBUG] gauge_project_root: C:\Users\Mustafa YARDIMCI\Desktop\OdeAlCaseProject
31-03-2021 16:21:03.138 [java] [DEBUG] gauge_parallel_streams_count: 12
31-03-2021 16:21:03.138 [java] [DEBUG] gauge_reports_dir: reports
31-03-2021 16:21:03.138 [java] [DEBUG] overwrite_reports: true
31-03-2021 16:21:03.138 [java] [DEBUG] logs_directory: logs
31-03-2021 16:21:03.138 [java] [DEBUG] enable_multithreading: false
31-03-2021 16:21:03.138 [java] [DEBUG] gauge_specs_dir: specs
31-03-2021 16:21:03.138 [java] [DEBUG] csv_delimiter: ,
31-03-2021 16:21:03.138 [java] [DEBUG] gauge_java_home: 
31-03-2021 16:21:03.138 [java] [DEBUG] gauge_custom_build_path: 
31-03-2021 16:21:03.138 [java] [DEBUG] gauge_additional_libs: libs/*
31-03-2021 16:21:03.138 [java] [DEBUG] gauge_jvm_args: 
31-03-2021 16:21:03.138 [java] [DEBUG] gauge_custom_compile_dir: 
31-03-2021 16:21:03.138 [java] [DEBUG] gauge_clear_state_level: scenario
31-03-2021 16:21:03.138 [java] [DEBUG] ***** END *****
31-03-2021 16:21:03.155 [java] [ERROR] exec: "mvn": executable file not found in %!P(MISSING)ATH%!(NOVERB)
31-03-2021 16:21:03.155 [java] [ERROR] Installed version of gauge-java (0.7.13) does not match with dependency gauge-java () specified in pom.xml file
31-03-2021 16:21:03.156 [java] [DEBUG] classpath set to C:\Program Files\Java\jdk1.8.0_271\jre\lib\charsets.jar;C:\Program Files\Java\jdk1.8.0_271\jre\lib\deploy.jar;C:\Program Files\Java\jdk1.8.0_271\jre\lib\ext\access-bridge-64.jar;C:\Program Files\Java\jdk1.8.0_271\jre\lib\ext\cldrdata.jar;C:\Program Files\Java\jdk1.8.0_271\jre\lib\ext\dnsns.jar;C:\Program Files\Java\jdk1.8.0_271\jre\lib\ext\jaccess.jar;C:\Program Files\Java\jdk1.8.0_271\jre\lib\ext\jfxrt.jar;C:\Program Files\Java\jdk1.8.0_271\jre\lib\ext\localedata.jar;C:\Program Files\Java\jdk1.8.0_271\jre\lib\ext\nashorn.jar;C:\Program Files\Java\jdk1.8.0_271\jre\lib\ext\sunec.jar;C:\Program Files\Java\jdk1.8.0_271\jre\lib\ext\sunjce_provider.jar;C:\Program Files\Java\jdk1.8.0_271\jre\lib\ext\sunmscapi.jar;C:\Program Files\Java\jdk1.8.0_271\jre\lib\ext\sunpkcs11.jar;C:\Program Files\Java\jdk1.8.0_271\jre\lib\ext\zipfs.jar;C:\Program Files\Java\jdk1.8.0_271\jre\lib\javaws.jar;C:\Program Files\Java\jdk1.8.0_271\jre\lib\jce.jar;C:\Program Files\Java\jdk1.8.0_271\jre\lib\jfr.jar;C:\Program Files\Java\jdk1.8.0_271\jre\lib\jfxswt.jar;C:\Program Files\Java\jdk1.8.0_271\jre\lib\jsse.jar;C:\Program Files\Java\jdk1.8.0_271\jre\lib\management-agent.jar;C:\Program Files\Java\jdk1.8.0_271\jre\lib\plugin.jar;C:\Program Files\Java\jdk1.8.0_271\jre\lib\resources.jar;C:\Program Files\Java\jdk1.8.0_271\jre\lib\rt.jar;C:\Users\Mustafa YARDIMCI\Desktop\OdeAlCaseProject\target\test-classes;C:\Users\Mustafa YARDIMCI\.m2\repository\com\thoughtworks\gauge\gauge-java\0.7.13\gauge-java-0.7.13.jar;C:\Users\Mustafa YARDIMCI\.m2\repository\com\github\javaparser\javaparser-core\3.16.2\javaparser-core-3.16.2.jar;C:\Users\Mustafa YARDIMCI\.m2\repository\commons-io\commons-io\2.8.0\commons-io-2.8.0.jar;C:\Users\Mustafa YARDIMCI\.m2\repository\commons-lang\commons-lang\2.6\commons-lang-2.6.jar;C:\Users\Mustafa YARDIMCI\.m2\repository\org\json\json\20200518\json-20200518.jar;C:\Users\Mustafa YARDIMCI\.m2\repository\com\google\protobuf\protobuf-java\3.13.0\protobuf-java-3.13.0.jar;C:\Users\Mustafa YARDIMCI\.m2\repository\com\google\guava\guava\29.0-jre\guava-29.0-jre.jar;C:\Users\Mustafa YARDIMCI\.m2\repository\com\google\guava\failureaccess\1.0.1\failureaccess-1.0.1.jar;C:\Users\Mustafa YARDIMCI\.m2\repository\com\google\guava\listenablefuture\9999.0-empty-to-avoid-conflict-with-guava\listenablefuture-9999.0-empty-to-avoid-conflict-with-guava.jar;C:\Users\Mustafa YARDIMCI\.m2\repository\com\google\code\findbugs\jsr305\3.0.2\jsr305-3.0.2.jar;C:\Users\Mustafa YARDIMCI\.m2\repository\org\checkerframework\checker-qual\2.11.1\checker-qual-2.11.1.jar;C:\Users\Mustafa YARDIMCI\.m2\repository\com\google\errorprone\error_prone_annotations\2.3.4\error_prone_annotations-2.3.4.jar;C:\Users\Mustafa YARDIMCI\.m2\repository\com\google\j2objc\j2objc-annotations\1.3\j2objc-annotations-1.3.jar;C:\Users\Mustafa YARDIMCI\.m2\repository\io\grpc\grpc-netty-shaded\1.33.0\grpc-netty-shaded-1.33.0.jar;C:\Users\Mustafa YARDIMCI\.m2\repository\io\grpc\grpc-core\1.33.0\grpc-core-1.33.0.jar;C:\Users\Mustafa YARDIMCI\.m2\repository\com\google\android\annotations\4.1.1.4\annotations-4.1.1.4.jar;C:\Users\Mustafa YARDIMCI\.m2\repository\io\perfmark\perfmark-api\0.19.0\perfmark-api-0.19.0.jar;C:\Users\Mustafa YARDIMCI\.m2\repository\io\grpc\grpc-protobuf\1.33.0\grpc-protobuf-1.33.0.jar;C:\Users\Mustafa YARDIMCI\.m2\repository\io\grpc\grpc-api\1.33.0\grpc-api-1.33.0.jar;C:\Users\Mustafa YARDIMCI\.m2\repository\io\grpc\grpc-context\1.33.0\grpc-context-1.33.0.jar;C:\Users\Mustafa YARDIMCI\.m2\repository\com\google\api\grpc\proto-google-common-protos\1.17.0\proto-google-common-protos-1.17.0.jar;C:\Users\Mustafa YARDIMCI\.m2\repository\io\grpc\grpc-protobuf-lite\1.33.0\grpc-protobuf-lite-1.33.0.jar;C:\Users\Mustafa YARDIMCI\.m2\repository\org\codehaus\mojo\animal-sniffer-annotations\1.18\animal-sniffer-annotations-1.18.jar;C:\Users\Mustafa YARDIMCI\.m2\repository\io\grpc\grpc-stub\1.33.0\grpc-stub-1.33.0.jar;C:\Users\Mustafa YARDIMCI\.m2\repository\javax\annotation\javax.annotation-api\1.3.2\javax.annotation-api-1.3.2.jar;C:\Users\Mustafa YARDIMCI\.m2\repository\org\assertj\assertj-core\3.10.0\assertj-core-3.10.0.jar;C:\Users\Mustafa YARDIMCI\.m2\repository\org\seleniumhq\selenium\selenium-java\3.141.59\selenium-java-3.141.59.jar;C:\Users\Mustafa YARDIMCI\.m2\repository\org\seleniumhq\selenium\selenium-api\3.141.59\selenium-api-3.141.59.jar;C:\Users\Mustafa YARDIMCI\.m2\repository\org\seleniumhq\selenium\selenium-chrome-driver\3.141.59\selenium-chrome-driver-3.141.59.jar;C:\Users\Mustafa YARDIMCI\.m2\repository\org\seleniumhq\selenium\selenium-edge-driver\3.141.59\selenium-edge-driver-3.141.59.jar;C:\Users\Mustafa YARDIMCI\.m2\repository\org\seleniumhq\selenium\selenium-firefox-driver\3.141.59\selenium-firefox-driver-3.141.59.jar;C:\Users\Mustafa YARDIMCI\.m2\repository\org\seleniumhq\selenium\selenium-ie-driver\3.141.59\selenium-ie-driver-3.141.59.jar;C:\Users\Mustafa YARDIMCI\.m2\repository\org\seleniumhq\selenium\selenium-opera-driver\3.141.59\selenium-opera-driver-3.141.59.jar;C:\Users\Mustafa YARDIMCI\.m2\repository\org\seleniumhq\selenium\selenium-remote-driver\3.141.59\selenium-remote-driver-3.141.59.jar;C:\Users\Mustafa YARDIMCI\.m2\repository\org\seleniumhq\selenium\selenium-safari-driver\3.141.59\selenium-safari-driver-3.141.59.jar;C:\Users\Mustafa YARDIMCI\.m2\repository\org\seleniumhq\selenium\selenium-support\3.141.59\selenium-support-3.141.59.jar;C:\Users\Mustafa YARDIMCI\.m2\repository\net\bytebuddy\byte-buddy\1.8.15\byte-buddy-1.8.15.jar;C:\Users\Mustafa YARDIMCI\.m2\repository\org\apache\commons\commons-exec\1.3\commons-exec-1.3.jar;C:\Users\Mustafa YARDIMCI\.m2\repository\com\squareup\okhttp3\okhttp\3.11.0\okhttp-3.11.0.jar;C:\Users\Mustafa YARDIMCI\.m2\repository\com\squareup\okio\okio\1.14.0\okio-1.14.0.jar;C:\Users\Mustafa YARDIMCI\.m2\repository\io\github\bonigarcia\webdrivermanager\4.2.0\webdrivermanager-4.2.0.jar;C:\Users\Mustafa YARDIMCI\.m2\repository\org\slf4j\slf4j-api\1.7.30\slf4j-api-1.7.30.jar;C:\Users\Mustafa YARDIMCI\.m2\repository\com\google\code\gson\gson\2.8.6\gson-2.8.6.jar;C:\Users\Mustafa YARDIMCI\.m2\repository\org\apache\commons\commons-lang3\3.11\commons-lang3-3.11.jar;C:\Users\Mustafa YARDIMCI\.m2\repository\org\apache\httpcomponents\client5\httpclient5\5.0.1\httpclient5-5.0.1.jar;C:\Users\Mustafa YARDIMCI\.m2\repository\org\apache\httpcomponents\core5\httpcore5\5.0.1\httpcore5-5.0.1.jar;C:\Users\Mustafa YARDIMCI\.m2\repository\org\apache\httpcomponents\core5\httpcore5-h2\5.0.1\httpcore5-h2-5.0.1.jar;C:\Users\Mustafa YARDIMCI\.m2\repository\commons-codec\commons-codec\1.13\commons-codec-1.13.jar;C:\Users\Mustafa YARDIMCI\.m2\repository\org\rauschig\jarchivelib\1.0.0\jarchivelib-1.0.0.jar;C:\Users\Mustafa YARDIMCI\.m2\repository\org\apache\commons\commons-compress\1.18\commons-compress-1.18.jar;C:\Users\Mustafa YARDIMCI\.m2\repository\org\jsoup\jsoup\1.13.1\jsoup-1.13.1.jar;C:\Users\Mustafa YARDIMCI\.m2\repository\org\reflections\reflections\0.9.10\reflections-0.9.10.jar;C:\Users\Mustafa YARDIMCI\.m2\repository\org\javassist\javassist\3.19.0-GA\javassist-3.19.0-GA.jar;C:\Users\Mustafa YARDIMCI\.m2\repository\com\google\code\findbugs\annotations\2.0.1\annotations-2.0.1.jar;C:\Users\Mustafa YARDIMCI\.m2\repository\junit\junit\4.12\junit-4.12.jar;C:\Users\Mustafa YARDIMCI\.m2\repository\org\hamcrest\hamcrest-core\1.3\hamcrest-core-1.3.jar
31-03-2021 16:21:03.209 [java] [DEBUG] found java executable in C:\Program Files\Java\jdk1.8.0_271\jre\bin\java.exe
31-03-2021 16:21:03.209 [java] [DEBUG] running - C:\Program Files\Java\jdk1.8.0_271\jre\bin\java.exe [-Dfile.encoding=UTF-8 com.thoughtworks.gauge.GaugeRuntime --start]
31-03-2021 16:21:03.210 [java] [DEBUG] stdout/stderr is logged to logs\8788-java.exe.out
31-03-2021 16:21:03.382 [Gauge] [DEBUG] Checking updates...
31-03-2021 16:21:03.383 [Gauge] [DEBUG] Downloading https://downloads.gauge.org/plugin/html-report?l=java&p=html-report,java,screenshot,spectacle&o=windows&a=amd64
31-03-2021 16:21:03.420 [java] [DEBUG] multithreading is set to false
31-03-2021 16:21:03.569 [Gauge] [DEBUG] Downloading https://downloads.gauge.org/plugin/java?l=java&p=html-report,java,screenshot,spectacle&o=windows&a=amd64
31-03-2021 16:21:03.628 [Gauge] [DEBUG] Downloading https://downloads.gauge.org/plugin/screenshot?l=java&p=html-report,java,screenshot,spectacle&o=windows&a=amd64
31-03-2021 16:21:03.678 [Gauge] [DEBUG] Downloading https://downloads.gauge.org/plugin/spectacle?l=java&p=html-report,java,screenshot,spectacle&o=windows&a=amd64
31-03-2021 16:21:03.811 [java] [DEBUG] Using reflection to scan dependencies for gauge implementations...
31-03-2021 16:21:03.880 [java] [ERROR] SLF4J: Failed to load class "org.slf4j.impl.StaticLoggerBinder".
31-03-2021 16:21:03.880 [java] [ERROR] SLF4J: Defaulting to no-operation (NOP) logger implementation
31-03-2021 16:21:03.880 [java] [ERROR] SLF4J: See http://www.slf4j.org/codes.html#StaticLoggerBinder for further details.
31-03-2021 16:21:04.470 [java] [DEBUG] gauge-java took 1050milliseconds to load and scan. This should be less than 'runner_connection_timeout' config value.
31-03-2021 16:21:04.470 [java] [DEBUG] run 'gauge config runner_connection_timeout' and verify that it is < 1050
31-03-2021 16:21:04.470 [java] [DEBUG] starting gRPC server...
31-03-2021 16:21:05.223 [java] [DEBUG] started gRPC server on port 55953
31-03-2021 16:21:05.223 [Gauge] [DEBUG] Attempting to connect to grpc server at port: 55953
31-03-2021 16:21:05.329 [Gauge] [DEBUG] Successfully made the connection with runner with port: 55953
31-03-2021 16:21:05.329 [Gauge] [DEBUG] Validation started.
31-03-2021 16:21:06.930 [java] [DEBUG] Scanning packages for steps
31-03-2021 16:21:06.944 [java] [DEBUG] Comparing 'Tests.LoginTest.SetUserName' and 'Tests.LoginTest.SetUserName'
31-03-2021 16:21:06.944 [java] [DEBUG] Found Kullanıcı adı {} olarak girilir in current project scope.
31-03-2021 16:21:06.945 [java] [DEBUG] Comparing 'Tests.FavoriteProductTest.ClickDeleteAllSelectedProduct' and 'Tests.FavoriteProductTest.ClickDeleteAllSelectedProduct'
31-03-2021 16:21:06.945 [java] [DEBUG] Found Tum secimleri kaldir butonuna tiklanir in current project scope.
31-03-2021 16:21:06.945 [java] [DEBUG] Comparing 'Tests.ProductsPageTest.IsSearchedProductExist' and 'Tests.ProductsPageTest.IsSearchedProductExist'
31-03-2021 16:21:06.945 [java] [DEBUG] Found Aranan urunun geldigi gorulur in current project scope.
31-03-2021 16:21:06.945 [java] [DEBUG] Comparing 'Tests.LoginTest.IsLoginSuccess' and 'Tests.LoginTest.IsLoginSuccess'
31-03-2021 16:21:06.945 [java] [DEBUG] Found Login girisinin basarili oldugu gorulur in current project scope.
31-03-2021 16:21:06.945 [java] [DEBUG] Comparing 'Tests.FavoriteProductTest.ClickDeleteConfirmButton' and 'Tests.FavoriteProductTest.ClickDeleteConfirmButton'
31-03-2021 16:21:06.945 [java] [DEBUG] Found Cikan pop-up da sil butonuna tiklanir in current project scope.
31-03-2021 16:21:06.945 [java] [DEBUG] Comparing 'Tests.ProductsPageTest.SelectRandomProduct' and 'Tests.ProductsPageTest.SelectRandomProduct'
31-03-2021 16:21:06.945 [java] [DEBUG] Found Rastgele bir urun secilir in current project scope.
31-03-2021 16:21:06.945 [java] [DEBUG] Comparing 'Tests.HomePageTest.IsHomePageLoaded' and 'Tests.HomePageTest.IsHomePageLoaded'
31-03-2021 16:21:06.945 [java] [DEBUG] Found Anasayfanin acildigi gorulur in current project scope.
31-03-2021 16:21:06.945 [java] [DEBUG] Comparing 'Tests.HomePageTest.initializeWebSite' and 'Tests.HomePageTest.initializeWebSite'
31-03-2021 16:21:06.945 [java] [DEBUG] Found {} sitesine giris yapilir in current project scope.
31-03-2021 16:21:06.946 [java] [DEBUG] Comparing 'Tests.ProductsPageTest.ControllSecondPageOpened' and 'Tests.ProductsPageTest.ControllSecondPageOpened'
31-03-2021 16:21:06.946 [java] [DEBUG] Found 2.sayfanin acildigi kontrol edilir in current project scope.
31-03-2021 16:21:06.946 [java] [DEBUG] Comparing 'Tests.LoginTest.ClikcLoginButton' and 'Tests.LoginTest.ClikcLoginButton'
31-03-2021 16:21:06.946 [java] [DEBUG] Found Giris Yap butonuna tiklanir in current project scope.
31-03-2021 16:21:06.946 [java] [DEBUG] Comparing 'Tests.ProductDetailTest.CilckMyFavorites' and 'Tests.ProductDetailTest.CilckMyFavorites'
31-03-2021 16:21:06.946 [java] [DEBUG] Found Hesabım alanindan begendiklerime tiklanir in current project scope.
31-03-2021 16:21:06.946 [java] [DEBUG] Comparing 'Tests.ProductsPageTest.ClickSecondPage' and 'Tests.ProductsPageTest.ClickSecondPage'
31-03-2021 16:21:06.946 [java] [DEBUG] Found 2.sayfaya tiklanir in current project scope.
31-03-2021 16:21:06.946 [java] [DEBUG] Comparing 'Tests.HomePageTest.SearchProduct' and 'Tests.HomePageTest.SearchProduct'
31-03-2021 16:21:06.946 [java] [DEBUG] Found Arama alaninda {} aratilir in current project scope.
31-03-2021 16:21:06.946 [java] [DEBUG] Comparing 'Tests.LoginTest.ClickSignIn' and 'Tests.LoginTest.ClickSignIn'
31-03-2021 16:21:06.946 [java] [DEBUG] Found Anasayfada giris Yap a tiklanir in current project scope.
31-03-2021 16:21:06.946 [java] [DEBUG] Comparing 'Tests.FavoriteProductTest.isFavoriteListEmpty' and 'Tests.FavoriteProductTest.isFavoriteListEmpty'
31-03-2021 16:21:06.946 [java] [DEBUG] Found Favori listesinin bos oldugu gorulur in current project scope.
31-03-2021 16:21:06.947 [java] [DEBUG] Comparing 'Tests.LoginTest.SetPassword' and 'Tests.LoginTest.SetPassword'
31-03-2021 16:21:06.947 [java] [DEBUG] Found Password alanına {} girilir in current project scope.
31-03-2021 16:21:06.947 [java] [DEBUG] Comparing 'Tests.ProductDetailTest.AddFavoriteProduct' and 'Tests.ProductDetailTest.AddFavoriteProduct'
31-03-2021 16:21:06.947 [java] [DEBUG] Found Secilen urun favorilere eklenir in current project scope.
31-03-2021 16:21:06.947 [java] [DEBUG] Comparing 'Tests.FavoriteProductTest.SelectAllFavoritesProduct' and 'Tests.FavoriteProductTest.SelectAllFavoritesProduct'
31-03-2021 16:21:06.947 [java] [DEBUG] Found Favorilerimden tum urunler secilir in current project scope.
31-03-2021 16:21:06.947 [java] [DEBUG] Comparing 'Tests.FavoriteProductTest.IsFavoriteProductPresent' and 'Tests.FavoriteProductTest.IsFavoriteProductPresent'
31-03-2021 16:21:06.947 [java] [DEBUG] Found Favorilerde urun oldugu gorulur in current project scope.
31-03-2021 16:21:06.947 [java] [DEBUG] Scanning packages for hooks
31-03-2021 16:21:06.953 [java] [DEBUG] Scanned steps (using static parsing + reflections): 
31-03-2021 16:21:06.953 [java] [DEBUG] 	Favori listesinin bos oldugu gorulur : public void isFavoriteListEmpty()
31-03-2021 16:21:06.953 [java] [DEBUG] 	Anasayfanin acildigi gorulur : public void IsHomePageLoaded()
31-03-2021 16:21:06.953 [java] [DEBUG] 	Kullanıcı adı {} olarak girilir : public void SetUserName(String userName)
31-03-2021 16:21:06.953 [java] [DEBUG] 	Giris Yap butonuna tiklanir : public void ClikcLoginButton()
31-03-2021 16:21:06.953 [java] [DEBUG] 	Anasayfada giris Yap a tiklanir : public void ClickSignIn()
31-03-2021 16:21:06.953 [java] [DEBUG] 	Cikan pop-up da sil butonuna tiklanir : public void ClickDeleteConfirmButton()
31-03-2021 16:21:06.953 [java] [DEBUG] 	Favorilerde urun oldugu gorulur : public void IsFavoriteProductPresent()
31-03-2021 16:21:06.953 [java] [DEBUG] 	Aranan urunun geldigi gorulur : public void IsSearchedProductExist()
31-03-2021 16:21:06.953 [java] [DEBUG] 	Tum secimleri kaldir butonuna tiklanir : public void ClickDeleteAllSelectedProduct()
31-03-2021 16:21:06.953 [java] [DEBUG] 	Rastgele bir urun secilir : public void SelectRandomProduct()
31-03-2021 16:21:06.953 [java] [DEBUG] 	Login girisinin basarili oldugu gorulur : public void IsLoginSuccess()
31-03-2021 16:21:06.953 [java] [DEBUG] 	Favorilerimden tum urunler secilir : public void SelectAllFavoritesProduct()
31-03-2021 16:21:06.954 [java] [DEBUG] 	Secilen urun favorilere eklenir : public void AddFavoriteProduct()
31-03-2021 16:21:06.954 [java] [DEBUG] 	{} sitesine giris yapilir : public void initializeWebSite(String url)
31-03-2021 16:21:06.954 [java] [DEBUG] 	2.sayfaya tiklanir : public void ClickSecondPage()
31-03-2021 16:21:06.954 [java] [DEBUG] 	Hesabım alanindan begendiklerime tiklanir : public void CilckMyFavorites()
31-03-2021 16:21:06.954 [java] [DEBUG] 	Arama alaninda {} aratilir : public void SearchProduct(String productName)
31-03-2021 16:21:06.954 [java] [DEBUG] 	2.sayfanin acildigi kontrol edilir : public void ControllSecondPageOpened()
31-03-2021 16:21:06.954 [java] [DEBUG] 	Password alanına {} girilir : public void SetPassword(String password)
31-03-2021 16:21:09.002 [Gauge] [DEBUG] Validation completed.
31-03-2021 16:21:09.003 [Gauge] [DEBUG] Run started
31-03-2021 16:21:09.003 [Gauge] [DEBUG] Starting Html Report plugin
31-03-2021 16:21:09.017 [Gauge] [DEBUG] Attempting to connect to grpc server at port: 55958
31-03-2021 16:21:09.018 [Gauge] [DEBUG] Successfully made the connection with plugin with port: 55958
31-03-2021 16:21:09.018 [Gauge] [DEBUG] Initialising suite data store.
31-03-2021 16:21:09.672 [java] [ERROR] Starting ChromeDriver 89.0.4389.23 (61b08ee2c50024bab004e48d2b1b083cdbdac579-refs/branch-heads/4389@{#294}) on port 40953
31-03-2021 16:21:09.672 [java] [ERROR] Only local connections are allowed.
31-03-2021 16:21:09.672 [java] [ERROR] Please see https://chromedriver.chromium.org/security-considerations for suggestions on keeping ChromeDriver safe.
31-03-2021 16:21:09.676 [java] [ERROR] ChromeDriver was started successfully.
31-03-2021 16:21:10.791 [java] [ERROR] Mar 31, 2021 4:21:10 PM org.openqa.selenium.remote.ProtocolHandshake createSession
31-03-2021 16:21:10.791 [java] [ERROR] INFO: Detected dialect: W3C
31-03-2021 16:21:10.964 [java] [DEBUG] Executing '{} sitesine giris yapilir' using 'class Tests.HomePageTest.initializeWebSite
31-03-2021 16:21:14.678 [java] [DEBUG] Executing 'Anasayfanin acildigi gorulur' using 'class Tests.HomePageTest.IsHomePageLoaded
31-03-2021 16:21:14.766 [java] [DEBUG] Executing 'Anasayfada giris Yap a tiklanir' using 'class Tests.LoginTest.ClickSignIn
31-03-2021 16:21:16.318 [java] [DEBUG] Executing 'Kullanıcı adı {} olarak girilir' using 'class Tests.LoginTest.SetUserName
31-03-2021 16:21:18.555 [java] [DEBUG] Executing 'Password alanına {} girilir' using 'class Tests.LoginTest.SetPassword
31-03-2021 16:21:18.824 [java] [DEBUG] Executing 'Giris Yap butonuna tiklanir' using 'class Tests.LoginTest.ClikcLoginButton
31-03-2021 16:21:19.001 [java] [DEBUG] Executing 'Login girisinin basarili oldugu gorulur' using 'class Tests.LoginTest.IsLoginSuccess
31-03-2021 16:21:35.681 [html-report] [DEBUG] Transformed SuiteResult to report structure
31-03-2021 16:21:35.735 [html-report] [INFO] Successfully generated html-report to => C:\Users\Mustafa YARDIMCI\Desktop\OdeAlCaseProject\reports\html-report\index.html
31-03-2021 16:21:35.735 [html-report] [DEBUG] Done generating HTML report using theme from C:\Users\Mustafa YARDIMCI\AppData\Roaming\gauge\plugins\html-report\4.0.12\themes\default
31-03-2021 16:21:35.735 [Gauge] [DEBUG] Sending kill message to Html Report plugin.
31-03-2021 16:21:36.574 [Gauge] [DEBUG] Runner with PID:8788 has exited
31-03-2021 16:21:36.574 [Gauge] [INFO] Specifications:	1 executed	0 passed	1 failed	0 skipped
31-03-2021 16:21:36.574 [Gauge] [INFO] Scenarios:	1 executed	0 passed	1 failed	0 skipped
31-03-2021 16:21:36.574 [Gauge] [INFO] 
Total time taken: 26.677s
31-03-2021 16:21:36.575 [Gauge] [INFO] Updates are available. Run `gauge update -c` for more info.
31-03-2021 16:23:48.696 [Gauge] [DEBUG] Created gauge_screenshots_dir at C:\Users\Mustafa YARDIMCI\Desktop\OdeAlCaseProject\.gauge\screenshots
31-03-2021 16:23:48.699 [Gauge] [DEBUG] Plugin java is already installed.
31-03-2021 16:23:48.701 [Gauge] [DEBUG] Plugin html-report is already installed.
31-03-2021 16:23:48.701 [Gauge] [DEBUG] Parsing started.
31-03-2021 16:23:48.701 [Gauge] [DEBUG] Started concepts parsing.
31-03-2021 16:23:48.709 [Gauge] [DEBUG] 0 concepts parsing completed.
31-03-2021 16:23:48.709 [Gauge] [DEBUG] Started specifications parsing.
31-03-2021 16:23:48.709 [Gauge] [DEBUG] 1 specifications parsing completed.
31-03-2021 16:23:48.710 [Gauge] [DEBUG] Parsing completed.
31-03-2021 16:23:48.734 [java] [DEBUG] ***** Printing Properties/Env Values *****
31-03-2021 16:23:48.734 [java] [DEBUG] PATH: C:\Program Files\Java\jdk1.8.0_271\bin;C:\WINDOWS\system32;C:\WINDOWS;C:\WINDOWS\System32\Wbem;C:\WINDOWS\System32\WindowsPowerShell\v1.0\;C:\WINDOWS\System32\OpenSSH\;C:\Program Files\dotnet\;C:\Program Files\Microsoft SQL Server\130\Tools\Binn\;C:\Program Files\Microsoft SQL Server\Client SDK\ODBC\130\Tools\Binn\;C:\Program Files (x86)\Microsoft SQL Server\130\Tools\Binn\;C:\Program Files\Microsoft SQL Server\130\DTS\Binn\;C:\Program Files (x86)\Microsoft SQL Server\Client SDK\ODBC\130\Tools\Binn\;C:\Program Files (x86)\Microsoft SQL Server\130\DTS\Binn\;C:\Program Files (x86)\Microsoft SQL Server\130\Tools\Binn\ManagementStudio\;C:\ProgramData\chocolatey\bin;C:\Program Files\Microsoft VS Code\bin;C:\Program Files\Microsoft SQL Server\Client SDK\ODBC\170\Tools\Binn\;C:\Program Files\Git\cmd;C:\Program Files\Gauge\bin;C:\Program Files (x86)\dotnet\;C:\Program Files\nodejs\;C:\Users\Mustafa YARDIMCI\AppData\Local\Programs\Python\Python38-32\Scripts\;C:\Users\Mustafa YARDIMCI\AppData\Local\Programs\Python\Python38-32\;C:\Users\Mustafa YARDIMCI\AppData\Local\Microsoft\WindowsApps;C:\Users\Mustafa YARDIMCI\AppData\Local\GitHubDesktop\bin;C:\Users\Mustafa YARDIMCI\AppData\Local\Microsoft\WindowsApps;C:\Program Files\Java\jdk1.8.0_271\bin;C:\Program Files\JetBrains\IntelliJ IDEA 2020.3.1\bin;C:\Users\Mustafa YARDIMCI\.dotnet\tools;C:\Users\Mustafa YARDIMCI\AppData\Roaming\npm;C:\Users\Mustafa YARDIMCI\AppData\Roaming\gauge\plugins\screenshot\0.0.1
31-03-2021 16:23:48.734 [java] [DEBUG] JAVA_HOME: C:\Program Files\Java\jdk1.8.0_271
31-03-2021 16:23:48.734 [java] [DEBUG] gauge_project_root: C:\Users\Mustafa YARDIMCI\Desktop\OdeAlCaseProject
31-03-2021 16:23:48.734 [java] [DEBUG] gauge_parallel_streams_count: 12
31-03-2021 16:23:48.734 [java] [DEBUG] gauge_reports_dir: reports
31-03-2021 16:23:48.734 [java] [DEBUG] overwrite_reports: true
31-03-2021 16:23:48.734 [java] [DEBUG] logs_directory: logs
31-03-2021 16:23:48.734 [java] [DEBUG] enable_multithreading: false
31-03-2021 16:23:48.734 [java] [DEBUG] gauge_specs_dir: specs
31-03-2021 16:23:48.734 [java] [DEBUG] csv_delimiter: ,
31-03-2021 16:23:48.734 [java] [DEBUG] gauge_java_home: 
31-03-2021 16:23:48.734 [java] [DEBUG] gauge_custom_build_path: 
31-03-2021 16:23:48.734 [java] [DEBUG] gauge_additional_libs: libs/*
31-03-2021 16:23:48.734 [java] [DEBUG] gauge_jvm_args: 
31-03-2021 16:23:48.734 [java] [DEBUG] gauge_custom_compile_dir: 
31-03-2021 16:23:48.734 [java] [DEBUG] gauge_clear_state_level: scenario
31-03-2021 16:23:48.734 [java] [DEBUG] ***** END *****
31-03-2021 16:23:48.759 [java] [ERROR] exec: "mvn": executable file not found in %!P(MISSING)ATH%!(NOVERB)
31-03-2021 16:23:48.760 [java] [ERROR] Installed version of gauge-java (0.7.13) does not match with dependency gauge-java () specified in pom.xml file
31-03-2021 16:23:48.760 [java] [DEBUG] classpath set to C:\Program Files\Java\jdk1.8.0_271\jre\lib\charsets.jar;C:\Program Files\Java\jdk1.8.0_271\jre\lib\deploy.jar;C:\Program Files\Java\jdk1.8.0_271\jre\lib\ext\access-bridge-64.jar;C:\Program Files\Java\jdk1.8.0_271\jre\lib\ext\cldrdata.jar;C:\Program Files\Java\jdk1.8.0_271\jre\lib\ext\dnsns.jar;C:\Program Files\Java\jdk1.8.0_271\jre\lib\ext\jaccess.jar;C:\Program Files\Java\jdk1.8.0_271\jre\lib\ext\jfxrt.jar;C:\Program Files\Java\jdk1.8.0_271\jre\lib\ext\localedata.jar;C:\Program Files\Java\jdk1.8.0_271\jre\lib\ext\nashorn.jar;C:\Program Files\Java\jdk1.8.0_271\jre\lib\ext\sunec.jar;C:\Program Files\Java\jdk1.8.0_271\jre\lib\ext\sunjce_provider.jar;C:\Program Files\Java\jdk1.8.0_271\jre\lib\ext\sunmscapi.jar;C:\Program Files\Java\jdk1.8.0_271\jre\lib\ext\sunpkcs11.jar;C:\Program Files\Java\jdk1.8.0_271\jre\lib\ext\zipfs.jar;C:\Program Files\Java\jdk1.8.0_271\jre\lib\javaws.jar;C:\Program Files\Java\jdk1.8.0_271\jre\lib\jce.jar;C:\Program Files\Java\jdk1.8.0_271\jre\lib\jfr.jar;C:\Program Files\Java\jdk1.8.0_271\jre\lib\jfxswt.jar;C:\Program Files\Java\jdk1.8.0_271\jre\lib\jsse.jar;C:\Program Files\Java\jdk1.8.0_271\jre\lib\management-agent.jar;C:\Program Files\Java\jdk1.8.0_271\jre\lib\plugin.jar;C:\Program Files\Java\jdk1.8.0_271\jre\lib\resources.jar;C:\Program Files\Java\jdk1.8.0_271\jre\lib\rt.jar;C:\Users\Mustafa YARDIMCI\Desktop\OdeAlCaseProject\target\test-classes;C:\Users\Mustafa YARDIMCI\.m2\repository\com\thoughtworks\gauge\gauge-java\0.7.13\gauge-java-0.7.13.jar;C:\Users\Mustafa YARDIMCI\.m2\repository\com\github\javaparser\javaparser-core\3.16.2\javaparser-core-3.16.2.jar;C:\Users\Mustafa YARDIMCI\.m2\repository\commons-io\commons-io\2.8.0\commons-io-2.8.0.jar;C:\Users\Mustafa YARDIMCI\.m2\repository\commons-lang\commons-lang\2.6\commons-lang-2.6.jar;C:\Users\Mustafa YARDIMCI\.m2\repository\org\json\json\20200518\json-20200518.jar;C:\Users\Mustafa YARDIMCI\.m2\repository\com\google\protobuf\protobuf-java\3.13.0\protobuf-java-3.13.0.jar;C:\Users\Mustafa YARDIMCI\.m2\repository\com\google\guava\guava\29.0-jre\guava-29.0-jre.jar;C:\Users\Mustafa YARDIMCI\.m2\repository\com\google\guava\failureaccess\1.0.1\failureaccess-1.0.1.jar;C:\Users\Mustafa YARDIMCI\.m2\repository\com\google\guava\listenablefuture\9999.0-empty-to-avoid-conflict-with-guava\listenablefuture-9999.0-empty-to-avoid-conflict-with-guava.jar;C:\Users\Mustafa YARDIMCI\.m2\repository\com\google\code\findbugs\jsr305\3.0.2\jsr305-3.0.2.jar;C:\Users\Mustafa YARDIMCI\.m2\repository\org\checkerframework\checker-qual\2.11.1\checker-qual-2.11.1.jar;C:\Users\Mustafa YARDIMCI\.m2\repository\com\google\errorprone\error_prone_annotations\2.3.4\error_prone_annotations-2.3.4.jar;C:\Users\Mustafa YARDIMCI\.m2\repository\com\google\j2objc\j2objc-annotations\1.3\j2objc-annotations-1.3.jar;C:\Users\Mustafa YARDIMCI\.m2\repository\io\grpc\grpc-netty-shaded\1.33.0\grpc-netty-shaded-1.33.0.jar;C:\Users\Mustafa YARDIMCI\.m2\repository\io\grpc\grpc-core\1.33.0\grpc-core-1.33.0.jar;C:\Users\Mustafa YARDIMCI\.m2\repository\com\google\android\annotations\4.1.1.4\annotations-4.1.1.4.jar;C:\Users\Mustafa YARDIMCI\.m2\repository\io\perfmark\perfmark-api\0.19.0\perfmark-api-0.19.0.jar;C:\Users\Mustafa YARDIMCI\.m2\repository\io\grpc\grpc-protobuf\1.33.0\grpc-protobuf-1.33.0.jar;C:\Users\Mustafa YARDIMCI\.m2\repository\io\grpc\grpc-api\1.33.0\grpc-api-1.33.0.jar;C:\Users\Mustafa YARDIMCI\.m2\repository\io\grpc\grpc-context\1.33.0\grpc-context-1.33.0.jar;C:\Users\Mustafa YARDIMCI\.m2\repository\com\google\api\grpc\proto-google-common-protos\1.17.0\proto-google-common-protos-1.17.0.jar;C:\Users\Mustafa YARDIMCI\.m2\repository\io\grpc\grpc-protobuf-lite\1.33.0\grpc-protobuf-lite-1.33.0.jar;C:\Users\Mustafa YARDIMCI\.m2\repository\org\codehaus\mojo\animal-sniffer-annotations\1.18\animal-sniffer-annotations-1.18.jar;C:\Users\Mustafa YARDIMCI\.m2\repository\io\grpc\grpc-stub\1.33.0\grpc-stub-1.33.0.jar;C:\Users\Mustafa YARDIMCI\.m2\repository\javax\annotation\javax.annotation-api\1.3.2\javax.annotation-api-1.3.2.jar;C:\Users\Mustafa YARDIMCI\.m2\repository\org\assertj\assertj-core\3.10.0\assertj-core-3.10.0.jar;C:\Users\Mustafa YARDIMCI\.m2\repository\org\seleniumhq\selenium\selenium-java\3.141.59\selenium-java-3.141.59.jar;C:\Users\Mustafa YARDIMCI\.m2\repository\org\seleniumhq\selenium\selenium-api\3.141.59\selenium-api-3.141.59.jar;C:\Users\Mustafa YARDIMCI\.m2\repository\org\seleniumhq\selenium\selenium-chrome-driver\3.141.59\selenium-chrome-driver-3.141.59.jar;C:\Users\Mustafa YARDIMCI\.m2\repository\org\seleniumhq\selenium\selenium-edge-driver\3.141.59\selenium-edge-driver-3.141.59.jar;C:\Users\Mustafa YARDIMCI\.m2\repository\org\seleniumhq\selenium\selenium-firefox-driver\3.141.59\selenium-firefox-driver-3.141.59.jar;C:\Users\Mustafa YARDIMCI\.m2\repository\org\seleniumhq\selenium\selenium-ie-driver\3.141.59\selenium-ie-driver-3.141.59.jar;C:\Users\Mustafa YARDIMCI\.m2\repository\org\seleniumhq\selenium\selenium-opera-driver\3.141.59\selenium-opera-driver-3.141.59.jar;C:\Users\Mustafa YARDIMCI\.m2\repository\org\seleniumhq\selenium\selenium-remote-driver\3.141.59\selenium-remote-driver-3.141.59.jar;C:\Users\Mustafa YARDIMCI\.m2\repository\org\seleniumhq\selenium\selenium-safari-driver\3.141.59\selenium-safari-driver-3.141.59.jar;C:\Users\Mustafa YARDIMCI\.m2\repository\org\seleniumhq\selenium\selenium-support\3.141.59\selenium-support-3.141.59.jar;C:\Users\Mustafa YARDIMCI\.m2\repository\net\bytebuddy\byte-buddy\1.8.15\byte-buddy-1.8.15.jar;C:\Users\Mustafa YARDIMCI\.m2\repository\org\apache\commons\commons-exec\1.3\commons-exec-1.3.jar;C:\Users\Mustafa YARDIMCI\.m2\repository\com\squareup\okhttp3\okhttp\3.11.0\okhttp-3.11.0.jar;C:\Users\Mustafa YARDIMCI\.m2\repository\com\squareup\okio\okio\1.14.0\okio-1.14.0.jar;C:\Users\Mustafa YARDIMCI\.m2\repository\io\github\bonigarcia\webdrivermanager\4.2.0\webdrivermanager-4.2.0.jar;C:\Users\Mustafa YARDIMCI\.m2\repository\org\slf4j\slf4j-api\1.7.30\slf4j-api-1.7.30.jar;C:\Users\Mustafa YARDIMCI\.m2\repository\com\google\code\gson\gson\2.8.6\gson-2.8.6.jar;C:\Users\Mustafa YARDIMCI\.m2\repository\org\apache\commons\commons-lang3\3.11\commons-lang3-3.11.jar;C:\Users\Mustafa YARDIMCI\.m2\repository\org\apache\httpcomponents\client5\httpclient5\5.0.1\httpclient5-5.0.1.jar;C:\Users\Mustafa YARDIMCI\.m2\repository\org\apache\httpcomponents\core5\httpcore5\5.0.1\httpcore5-5.0.1.jar;C:\Users\Mustafa YARDIMCI\.m2\repository\org\apache\httpcomponents\core5\httpcore5-h2\5.0.1\httpcore5-h2-5.0.1.jar;C:\Users\Mustafa YARDIMCI\.m2\repository\commons-codec\commons-codec\1.13\commons-codec-1.13.jar;C:\Users\Mustafa YARDIMCI\.m2\repository\org\rauschig\jarchivelib\1.0.0\jarchivelib-1.0.0.jar;C:\Users\Mustafa YARDIMCI\.m2\repository\org\apache\commons\commons-compress\1.18\commons-compress-1.18.jar;C:\Users\Mustafa YARDIMCI\.m2\repository\org\jsoup\jsoup\1.13.1\jsoup-1.13.1.jar;C:\Users\Mustafa YARDIMCI\.m2\repository\org\reflections\reflections\0.9.10\reflections-0.9.10.jar;C:\Users\Mustafa YARDIMCI\.m2\repository\org\javassist\javassist\3.19.0-GA\javassist-3.19.0-GA.jar;C:\Users\Mustafa YARDIMCI\.m2\repository\com\google\code\findbugs\annotations\2.0.1\annotations-2.0.1.jar;C:\Users\Mustafa YARDIMCI\.m2\repository\junit\junit\4.12\junit-4.12.jar;C:\Users\Mustafa YARDIMCI\.m2\repository\org\hamcrest\hamcrest-core\1.3\hamcrest-core-1.3.jar
31-03-2021 16:23:48.824 [java] [DEBUG] found java executable in C:\Program Files\Java\jdk1.8.0_271\jre\bin\java.exe
31-03-2021 16:23:48.824 [java] [DEBUG] running - C:\Program Files\Java\jdk1.8.0_271\jre\bin\java.exe [-Dfile.encoding=UTF-8 com.thoughtworks.gauge.GaugeRuntime --start]
31-03-2021 16:23:48.824 [java] [DEBUG] stdout/stderr is logged to logs\3472-java.exe.out
31-03-2021 16:23:48.979 [Gauge] [DEBUG] Checking updates...
31-03-2021 16:23:48.980 [Gauge] [DEBUG] Downloading https://downloads.gauge.org/plugin/html-report?l=java&p=html-report,java,screenshot,spectacle&o=windows&a=amd64
31-03-2021 16:23:49.069 [java] [DEBUG] multithreading is set to false
31-03-2021 16:23:49.184 [Gauge] [DEBUG] Downloading https://downloads.gauge.org/plugin/java?l=java&p=html-report,java,screenshot,spectacle&o=windows&a=amd64
31-03-2021 16:23:49.254 [Gauge] [DEBUG] Downloading https://downloads.gauge.org/plugin/screenshot?l=java&p=html-report,java,screenshot,spectacle&o=windows&a=amd64
31-03-2021 16:23:49.307 [Gauge] [DEBUG] Downloading https://downloads.gauge.org/plugin/spectacle?l=java&p=html-report,java,screenshot,spectacle&o=windows&a=amd64
31-03-2021 16:23:49.476 [java] [DEBUG] Using reflection to scan dependencies for gauge implementations...
31-03-2021 16:23:49.547 [java] [ERROR] SLF4J: Failed to load class "org.slf4j.impl.StaticLoggerBinder".
31-03-2021 16:23:49.547 [java] [ERROR] SLF4J: Defaulting to no-operation (NOP) logger implementation
31-03-2021 16:23:49.547 [java] [ERROR] SLF4J: See http://www.slf4j.org/codes.html#StaticLoggerBinder for further details.
31-03-2021 16:23:50.145 [java] [DEBUG] gauge-java took 1064milliseconds to load and scan. This should be less than 'runner_connection_timeout' config value.
31-03-2021 16:23:50.145 [java] [DEBUG] run 'gauge config runner_connection_timeout' and verify that it is < 1064
31-03-2021 16:23:50.145 [java] [DEBUG] starting gRPC server...
31-03-2021 16:23:50.856 [java] [DEBUG] started gRPC server on port 56253
31-03-2021 16:23:50.856 [Gauge] [DEBUG] Attempting to connect to grpc server at port: 56253
31-03-2021 16:23:50.968 [Gauge] [DEBUG] Successfully made the connection with runner with port: 56253
31-03-2021 16:23:50.968 [Gauge] [DEBUG] Validation started.
31-03-2021 16:23:52.535 [java] [DEBUG] Scanning packages for steps
31-03-2021 16:23:52.550 [java] [DEBUG] Comparing 'Tests.LoginTest.SetUserName' and 'Tests.LoginTest.SetUserName'
31-03-2021 16:23:52.550 [java] [DEBUG] Found Kullanıcı adı {} olarak girilir in current project scope.
31-03-2021 16:23:52.550 [java] [DEBUG] Comparing 'Tests.FavoriteProductTest.ClickDeleteAllSelectedProduct' and 'Tests.FavoriteProductTest.ClickDeleteAllSelectedProduct'
31-03-2021 16:23:52.550 [java] [DEBUG] Found Tum secimleri kaldir butonuna tiklanir in current project scope.
31-03-2021 16:23:52.550 [java] [DEBUG] Comparing 'Tests.ProductsPageTest.IsSearchedProductExist' and 'Tests.ProductsPageTest.IsSearchedProductExist'
31-03-2021 16:23:52.550 [java] [DEBUG] Found Aranan urunun geldigi gorulur in current project scope.
31-03-2021 16:23:52.550 [java] [DEBUG] Comparing 'Tests.LoginTest.IsLoginSuccess' and 'Tests.LoginTest.IsLoginSuccess'
31-03-2021 16:23:52.550 [java] [DEBUG] Found Login girisinin basarili oldugu gorulur in current project scope.
31-03-2021 16:23:52.550 [java] [DEBUG] Comparing 'Tests.FavoriteProductTest.ClickDeleteConfirmButton' and 'Tests.FavoriteProductTest.ClickDeleteConfirmButton'
31-03-2021 16:23:52.550 [java] [DEBUG] Found Cikan pop-up da sil butonuna tiklanir in current project scope.
31-03-2021 16:23:52.551 [java] [DEBUG] Comparing 'Tests.ProductsPageTest.SelectRandomProduct' and 'Tests.ProductsPageTest.SelectRandomProduct'
31-03-2021 16:23:52.551 [java] [DEBUG] Found Rastgele bir urun secilir in current project scope.
31-03-2021 16:23:52.551 [java] [DEBUG] Comparing 'Tests.HomePageTest.IsHomePageLoaded' and 'Tests.HomePageTest.IsHomePageLoaded'
31-03-2021 16:23:52.551 [java] [DEBUG] Found Anasayfanin acildigi gorulur in current project scope.
31-03-2021 16:23:52.551 [java] [DEBUG] Comparing 'Tests.HomePageTest.initializeWebSite' and 'Tests.HomePageTest.initializeWebSite'
31-03-2021 16:23:52.551 [java] [DEBUG] Found {} sitesine giris yapilir in current project scope.
31-03-2021 16:23:52.551 [java] [DEBUG] Comparing 'Tests.ProductsPageTest.ControllSecondPageOpened' and 'Tests.ProductsPageTest.ControllSecondPageOpened'
31-03-2021 16:23:52.551 [java] [DEBUG] Found 2.sayfanin acildigi kontrol edilir in current project scope.
31-03-2021 16:23:52.551 [java] [DEBUG] Comparing 'Tests.LoginTest.ClikcLoginButton' and 'Tests.LoginTest.ClikcLoginButton'
31-03-2021 16:23:52.551 [java] [DEBUG] Found Giris Yap butonuna tiklanir in current project scope.
31-03-2021 16:23:52.551 [java] [DEBUG] Comparing 'Tests.ProductDetailTest.CilckMyFavorites' and 'Tests.ProductDetailTest.CilckMyFavorites'
31-03-2021 16:23:52.551 [java] [DEBUG] Found Hesabım alanindan begendiklerime tiklanir in current project scope.
31-03-2021 16:23:52.551 [java] [DEBUG] Comparing 'Tests.ProductsPageTest.ClickSecondPage' and 'Tests.ProductsPageTest.ClickSecondPage'
31-03-2021 16:23:52.551 [java] [DEBUG] Found 2.sayfaya tiklanir in current project scope.
31-03-2021 16:23:52.552 [java] [DEBUG] Comparing 'Tests.HomePageTest.SearchProduct' and 'Tests.HomePageTest.SearchProduct'
31-03-2021 16:23:52.552 [java] [DEBUG] Found Arama alaninda {} aratilir in current project scope.
31-03-2021 16:23:52.552 [java] [DEBUG] Comparing 'Tests.LoginTest.ClickSignIn' and 'Tests.LoginTest.ClickSignIn'
31-03-2021 16:23:52.552 [java] [DEBUG] Found Anasayfada giris Yap a tiklanir in current project scope.
31-03-2021 16:23:52.552 [java] [DEBUG] Comparing 'Tests.FavoriteProductTest.isFavoriteListEmpty' and 'Tests.FavoriteProductTest.isFavoriteListEmpty'
31-03-2021 16:23:52.552 [java] [DEBUG] Found Favori listesinin bos oldugu gorulur in current project scope.
31-03-2021 16:23:52.553 [java] [DEBUG] Comparing 'Tests.LoginTest.SetPassword' and 'Tests.LoginTest.SetPassword'
31-03-2021 16:23:52.553 [java] [DEBUG] Found Password alanına {} girilir in current project scope.
31-03-2021 16:23:52.553 [java] [DEBUG] Comparing 'Tests.ProductDetailTest.AddFavoriteProduct' and 'Tests.ProductDetailTest.AddFavoriteProduct'
31-03-2021 16:23:52.553 [java] [DEBUG] Found Secilen urun favorilere eklenir in current project scope.
31-03-2021 16:23:52.553 [java] [DEBUG] Comparing 'Tests.FavoriteProductTest.SelectAllFavoritesProduct' and 'Tests.FavoriteProductTest.SelectAllFavoritesProduct'
31-03-2021 16:23:52.553 [java] [DEBUG] Found Favorilerimden tum urunler secilir in current project scope.
31-03-2021 16:23:52.553 [java] [DEBUG] Comparing 'Tests.FavoriteProductTest.IsFavoriteProductPresent' and 'Tests.FavoriteProductTest.IsFavoriteProductPresent'
31-03-2021 16:23:52.553 [java] [DEBUG] Found Favorilerde urun oldugu gorulur in current project scope.
31-03-2021 16:23:52.553 [java] [DEBUG] Scanning packages for hooks
31-03-2021 16:23:52.559 [java] [DEBUG] Scanned steps (using static parsing + reflections): 
31-03-2021 16:23:52.559 [java] [DEBUG] 	Favori listesinin bos oldugu gorulur : public void isFavoriteListEmpty()
31-03-2021 16:23:52.559 [java] [DEBUG] 	Anasayfanin acildigi gorulur : public void IsHomePageLoaded()
31-03-2021 16:23:52.559 [java] [DEBUG] 	Kullanıcı adı {} olarak girilir : public void SetUserName(String userName)
31-03-2021 16:23:52.559 [java] [DEBUG] 	Giris Yap butonuna tiklanir : public void ClikcLoginButton()
31-03-2021 16:23:52.559 [java] [DEBUG] 	Anasayfada giris Yap a tiklanir : public void ClickSignIn()
31-03-2021 16:23:52.559 [java] [DEBUG] 	Cikan pop-up da sil butonuna tiklanir : public void ClickDeleteConfirmButton()
31-03-2021 16:23:52.559 [java] [DEBUG] 	Favorilerde urun oldugu gorulur : public void IsFavoriteProductPresent()
31-03-2021 16:23:52.559 [java] [DEBUG] 	Aranan urunun geldigi gorulur : public void IsSearchedProductExist()
31-03-2021 16:23:52.559 [java] [DEBUG] 	Tum secimleri kaldir butonuna tiklanir : public void ClickDeleteAllSelectedProduct()
31-03-2021 16:23:52.560 [java] [DEBUG] 	Rastgele bir urun secilir : public void SelectRandomProduct()
31-03-2021 16:23:52.560 [java] [DEBUG] 	Login girisinin basarili oldugu gorulur : public void IsLoginSuccess()
31-03-2021 16:23:52.560 [java] [DEBUG] 	Favorilerimden tum urunler secilir : public void SelectAllFavoritesProduct()
31-03-2021 16:23:52.560 [java] [DEBUG] 	Secilen urun favorilere eklenir : public void AddFavoriteProduct()
31-03-2021 16:23:52.560 [java] [DEBUG] 	{} sitesine giris yapilir : public void initializeWebSite(String url)
31-03-2021 16:23:52.560 [java] [DEBUG] 	2.sayfaya tiklanir : public void ClickSecondPage()
31-03-2021 16:23:52.560 [java] [DEBUG] 	Hesabım alanindan begendiklerime tiklanir : public void CilckMyFavorites()
31-03-2021 16:23:52.560 [java] [DEBUG] 	Arama alaninda {} aratilir : public void SearchProduct(String productName)
31-03-2021 16:23:52.560 [java] [DEBUG] 	2.sayfanin acildigi kontrol edilir : public void ControllSecondPageOpened()
31-03-2021 16:23:52.560 [java] [DEBUG] 	Password alanına {} girilir : public void SetPassword(String password)
31-03-2021 16:23:54.659 [Gauge] [DEBUG] Validation completed.
31-03-2021 16:23:54.659 [Gauge] [DEBUG] Run started
31-03-2021 16:23:54.660 [Gauge] [DEBUG] Starting Html Report plugin
31-03-2021 16:23:54.674 [Gauge] [DEBUG] Attempting to connect to grpc server at port: 56258
31-03-2021 16:23:54.674 [Gauge] [DEBUG] Successfully made the connection with plugin with port: 56258
31-03-2021 16:23:54.674 [Gauge] [DEBUG] Initialising suite data store.
31-03-2021 16:23:55.326 [java] [ERROR] Starting ChromeDriver 89.0.4389.23 (61b08ee2c50024bab004e48d2b1b083cdbdac579-refs/branch-heads/4389@{#294}) on port 36942
31-03-2021 16:23:55.326 [java] [ERROR] Only local connections are allowed.
31-03-2021 16:23:55.326 [java] [ERROR] Please see https://chromedriver.chromium.org/security-considerations for suggestions on keeping ChromeDriver safe.
31-03-2021 16:23:55.331 [java] [ERROR] ChromeDriver was started successfully.
31-03-2021 16:23:56.510 [java] [ERROR] Mar 31, 2021 4:23:56 PM org.openqa.selenium.remote.ProtocolHandshake createSession
31-03-2021 16:23:56.510 [java] [ERROR] INFO: Detected dialect: W3C
31-03-2021 16:23:56.688 [java] [DEBUG] Executing '{} sitesine giris yapilir' using 'class Tests.HomePageTest.initializeWebSite
31-03-2021 16:24:00.446 [java] [DEBUG] Executing 'Anasayfanin acildigi gorulur' using 'class Tests.HomePageTest.IsHomePageLoaded
31-03-2021 16:24:00.544 [java] [DEBUG] Executing 'Anasayfada giris Yap a tiklanir' using 'class Tests.LoginTest.ClickSignIn
31-03-2021 16:24:02.122 [java] [DEBUG] Executing 'Kullanıcı adı {} olarak girilir' using 'class Tests.LoginTest.SetUserName
31-03-2021 16:24:04.460 [java] [DEBUG] Executing 'Password alanına {} girilir' using 'class Tests.LoginTest.SetPassword
31-03-2021 16:24:04.736 [java] [DEBUG] Executing 'Giris Yap butonuna tiklanir' using 'class Tests.LoginTest.ClikcLoginButton
31-03-2021 16:24:04.917 [java] [DEBUG] Executing 'Login girisinin basarili oldugu gorulur' using 'class Tests.LoginTest.IsLoginSuccess
31-03-2021 16:24:10.057 [java] [DEBUG] Executing 'Arama alaninda {} aratilir' using 'class Tests.HomePageTest.SearchProduct
31-03-2021 16:24:10.290 [java] [DEBUG] Executing 'Aranan urunun geldigi gorulur' using 'class Tests.ProductsPageTest.IsSearchedProductExist
31-03-2021 16:24:16.485 [java] [DEBUG] Executing '2.sayfaya tiklanir' using 'class Tests.ProductsPageTest.ClickSecondPage
31-03-2021 16:24:21.470 [java] [DEBUG] Executing '2.sayfanin acildigi kontrol edilir' using 'class Tests.ProductsPageTest.ControllSecondPageOpened
31-03-2021 16:24:21.674 [java] [DEBUG] Executing 'Rastgele bir urun secilir' using 'class Tests.ProductsPageTest.SelectRandomProduct
31-03-2021 16:24:23.647 [java] [DEBUG] Executing 'Secilen urun favorilere eklenir' using 'class Tests.ProductDetailTest.AddFavoriteProduct
31-03-2021 16:24:24.098 [java] [DEBUG] Executing 'Favorilerde urun oldugu gorulur' using 'class Tests.FavoriteProductTest.IsFavoriteProductPresent
31-03-2021 16:24:40.701 [html-report] [DEBUG] Transformed SuiteResult to report structure
31-03-2021 16:24:40.747 [html-report] [INFO] Successfully generated html-report to => C:\Users\Mustafa YARDIMCI\Desktop\OdeAlCaseProject\reports\html-report\index.html
31-03-2021 16:24:40.747 [html-report] [DEBUG] Done generating HTML report using theme from C:\Users\Mustafa YARDIMCI\AppData\Roaming\gauge\plugins\html-report\4.0.12\themes\default
31-03-2021 16:24:40.747 [Gauge] [DEBUG] Sending kill message to Html Report plugin.
31-03-2021 16:24:41.665 [Gauge] [DEBUG] Runner with PID:3472 has exited
31-03-2021 16:24:41.665 [Gauge] [INFO] Specifications:	1 executed	0 passed	1 failed	0 skipped
31-03-2021 16:24:41.665 [Gauge] [INFO] Scenarios:	1 executed	0 passed	1 failed	0 skipped
31-03-2021 16:24:41.665 [Gauge] [INFO] 
Total time taken: 46.042s
31-03-2021 16:24:41.666 [Gauge] [INFO] Updates are available. Run `gauge update -c` for more info.
31-03-2021 16:25:49.218 [Gauge] [DEBUG] Created gauge_screenshots_dir at C:\Users\Mustafa YARDIMCI\Desktop\OdeAlCaseProject\.gauge\screenshots
31-03-2021 16:25:49.220 [Gauge] [DEBUG] Plugin java is already installed.
31-03-2021 16:25:49.220 [Gauge] [DEBUG] Plugin html-report is already installed.
31-03-2021 16:25:49.221 [Gauge] [DEBUG] Parsing started.
31-03-2021 16:25:49.221 [Gauge] [DEBUG] Started concepts parsing.
31-03-2021 16:25:49.225 [Gauge] [DEBUG] 0 concepts parsing completed.
31-03-2021 16:25:49.225 [Gauge] [DEBUG] Started specifications parsing.
31-03-2021 16:25:49.225 [Gauge] [DEBUG] 1 specifications parsing completed.
31-03-2021 16:25:49.225 [Gauge] [DEBUG] Parsing completed.
31-03-2021 16:25:49.241 [java] [DEBUG] ***** Printing Properties/Env Values *****
31-03-2021 16:25:49.241 [java] [DEBUG] PATH: C:\Program Files\Java\jdk1.8.0_271\bin;C:\WINDOWS\system32;C:\WINDOWS;C:\WINDOWS\System32\Wbem;C:\WINDOWS\System32\WindowsPowerShell\v1.0\;C:\WINDOWS\System32\OpenSSH\;C:\Program Files\dotnet\;C:\Program Files\Microsoft SQL Server\130\Tools\Binn\;C:\Program Files\Microsoft SQL Server\Client SDK\ODBC\130\Tools\Binn\;C:\Program Files (x86)\Microsoft SQL Server\130\Tools\Binn\;C:\Program Files\Microsoft SQL Server\130\DTS\Binn\;C:\Program Files (x86)\Microsoft SQL Server\Client SDK\ODBC\130\Tools\Binn\;C:\Program Files (x86)\Microsoft SQL Server\130\DTS\Binn\;C:\Program Files (x86)\Microsoft SQL Server\130\Tools\Binn\ManagementStudio\;C:\ProgramData\chocolatey\bin;C:\Program Files\Microsoft VS Code\bin;C:\Program Files\Microsoft SQL Server\Client SDK\ODBC\170\Tools\Binn\;C:\Program Files\Git\cmd;C:\Program Files\Gauge\bin;C:\Program Files (x86)\dotnet\;C:\Program Files\nodejs\;C:\Users\Mustafa YARDIMCI\AppData\Local\Programs\Python\Python38-32\Scripts\;C:\Users\Mustafa YARDIMCI\AppData\Local\Programs\Python\Python38-32\;C:\Users\Mustafa YARDIMCI\AppData\Local\Microsoft\WindowsApps;C:\Users\Mustafa YARDIMCI\AppData\Local\GitHubDesktop\bin;C:\Users\Mustafa YARDIMCI\AppData\Local\Microsoft\WindowsApps;C:\Program Files\Java\jdk1.8.0_271\bin;C:\Program Files\JetBrains\IntelliJ IDEA 2020.3.1\bin;C:\Users\Mustafa YARDIMCI\.dotnet\tools;C:\Users\Mustafa YARDIMCI\AppData\Roaming\npm;C:\Users\Mustafa YARDIMCI\AppData\Roaming\gauge\plugins\screenshot\0.0.1
31-03-2021 16:25:49.241 [java] [DEBUG] JAVA_HOME: C:\Program Files\Java\jdk1.8.0_271
31-03-2021 16:25:49.241 [java] [DEBUG] gauge_project_root: C:\Users\Mustafa YARDIMCI\Desktop\OdeAlCaseProject
31-03-2021 16:25:49.241 [java] [DEBUG] gauge_parallel_streams_count: 12
31-03-2021 16:25:49.241 [java] [DEBUG] gauge_reports_dir: reports
31-03-2021 16:25:49.241 [java] [DEBUG] overwrite_reports: true
31-03-2021 16:25:49.241 [java] [DEBUG] logs_directory: logs
31-03-2021 16:25:49.241 [java] [DEBUG] enable_multithreading: false
31-03-2021 16:25:49.241 [java] [DEBUG] gauge_specs_dir: specs
31-03-2021 16:25:49.241 [java] [DEBUG] csv_delimiter: ,
31-03-2021 16:25:49.241 [java] [DEBUG] gauge_java_home: 
31-03-2021 16:25:49.241 [java] [DEBUG] gauge_custom_build_path: 
31-03-2021 16:25:49.241 [java] [DEBUG] gauge_additional_libs: libs/*
31-03-2021 16:25:49.241 [java] [DEBUG] gauge_jvm_args: 
31-03-2021 16:25:49.241 [java] [DEBUG] gauge_custom_compile_dir: 
31-03-2021 16:25:49.241 [java] [DEBUG] gauge_clear_state_level: scenario
31-03-2021 16:25:49.241 [java] [DEBUG] ***** END *****
31-03-2021 16:25:49.256 [java] [ERROR] exec: "mvn": executable file not found in %!P(MISSING)ATH%!(NOVERB)
31-03-2021 16:25:49.256 [java] [ERROR] Installed version of gauge-java (0.7.13) does not match with dependency gauge-java () specified in pom.xml file
31-03-2021 16:25:49.256 [java] [DEBUG] classpath set to C:\Program Files\Java\jdk1.8.0_271\jre\lib\charsets.jar;C:\Program Files\Java\jdk1.8.0_271\jre\lib\deploy.jar;C:\Program Files\Java\jdk1.8.0_271\jre\lib\ext\access-bridge-64.jar;C:\Program Files\Java\jdk1.8.0_271\jre\lib\ext\cldrdata.jar;C:\Program Files\Java\jdk1.8.0_271\jre\lib\ext\dnsns.jar;C:\Program Files\Java\jdk1.8.0_271\jre\lib\ext\jaccess.jar;C:\Program Files\Java\jdk1.8.0_271\jre\lib\ext\jfxrt.jar;C:\Program Files\Java\jdk1.8.0_271\jre\lib\ext\localedata.jar;C:\Program Files\Java\jdk1.8.0_271\jre\lib\ext\nashorn.jar;C:\Program Files\Java\jdk1.8.0_271\jre\lib\ext\sunec.jar;C:\Program Files\Java\jdk1.8.0_271\jre\lib\ext\sunjce_provider.jar;C:\Program Files\Java\jdk1.8.0_271\jre\lib\ext\sunmscapi.jar;C:\Program Files\Java\jdk1.8.0_271\jre\lib\ext\sunpkcs11.jar;C:\Program Files\Java\jdk1.8.0_271\jre\lib\ext\zipfs.jar;C:\Program Files\Java\jdk1.8.0_271\jre\lib\javaws.jar;C:\Program Files\Java\jdk1.8.0_271\jre\lib\jce.jar;C:\Program Files\Java\jdk1.8.0_271\jre\lib\jfr.jar;C:\Program Files\Java\jdk1.8.0_271\jre\lib\jfxswt.jar;C:\Program Files\Java\jdk1.8.0_271\jre\lib\jsse.jar;C:\Program Files\Java\jdk1.8.0_271\jre\lib\management-agent.jar;C:\Program Files\Java\jdk1.8.0_271\jre\lib\plugin.jar;C:\Program Files\Java\jdk1.8.0_271\jre\lib\resources.jar;C:\Program Files\Java\jdk1.8.0_271\jre\lib\rt.jar;C:\Users\Mustafa YARDIMCI\Desktop\OdeAlCaseProject\target\test-classes;C:\Users\Mustafa YARDIMCI\.m2\repository\com\thoughtworks\gauge\gauge-java\0.7.13\gauge-java-0.7.13.jar;C:\Users\Mustafa YARDIMCI\.m2\repository\com\github\javaparser\javaparser-core\3.16.2\javaparser-core-3.16.2.jar;C:\Users\Mustafa YARDIMCI\.m2\repository\commons-io\commons-io\2.8.0\commons-io-2.8.0.jar;C:\Users\Mustafa YARDIMCI\.m2\repository\commons-lang\commons-lang\2.6\commons-lang-2.6.jar;C:\Users\Mustafa YARDIMCI\.m2\repository\org\json\json\20200518\json-20200518.jar;C:\Users\Mustafa YARDIMCI\.m2\repository\com\google\protobuf\protobuf-java\3.13.0\protobuf-java-3.13.0.jar;C:\Users\Mustafa YARDIMCI\.m2\repository\com\google\guava\guava\29.0-jre\guava-29.0-jre.jar;C:\Users\Mustafa YARDIMCI\.m2\repository\com\google\guava\failureaccess\1.0.1\failureaccess-1.0.1.jar;C:\Users\Mustafa YARDIMCI\.m2\repository\com\google\guava\listenablefuture\9999.0-empty-to-avoid-conflict-with-guava\listenablefuture-9999.0-empty-to-avoid-conflict-with-guava.jar;C:\Users\Mustafa YARDIMCI\.m2\repository\com\google\code\findbugs\jsr305\3.0.2\jsr305-3.0.2.jar;C:\Users\Mustafa YARDIMCI\.m2\repository\org\checkerframework\checker-qual\2.11.1\checker-qual-2.11.1.jar;C:\Users\Mustafa YARDIMCI\.m2\repository\com\google\errorprone\error_prone_annotations\2.3.4\error_prone_annotations-2.3.4.jar;C:\Users\Mustafa YARDIMCI\.m2\repository\com\google\j2objc\j2objc-annotations\1.3\j2objc-annotations-1.3.jar;C:\Users\Mustafa YARDIMCI\.m2\repository\io\grpc\grpc-netty-shaded\1.33.0\grpc-netty-shaded-1.33.0.jar;C:\Users\Mustafa YARDIMCI\.m2\repository\io\grpc\grpc-core\1.33.0\grpc-core-1.33.0.jar;C:\Users\Mustafa YARDIMCI\.m2\repository\com\google\android\annotations\4.1.1.4\annotations-4.1.1.4.jar;C:\Users\Mustafa YARDIMCI\.m2\repository\io\perfmark\perfmark-api\0.19.0\perfmark-api-0.19.0.jar;C:\Users\Mustafa YARDIMCI\.m2\repository\io\grpc\grpc-protobuf\1.33.0\grpc-protobuf-1.33.0.jar;C:\Users\Mustafa YARDIMCI\.m2\repository\io\grpc\grpc-api\1.33.0\grpc-api-1.33.0.jar;C:\Users\Mustafa YARDIMCI\.m2\repository\io\grpc\grpc-context\1.33.0\grpc-context-1.33.0.jar;C:\Users\Mustafa YARDIMCI\.m2\repository\com\google\api\grpc\proto-google-common-protos\1.17.0\proto-google-common-protos-1.17.0.jar;C:\Users\Mustafa YARDIMCI\.m2\repository\io\grpc\grpc-protobuf-lite\1.33.0\grpc-protobuf-lite-1.33.0.jar;C:\Users\Mustafa YARDIMCI\.m2\repository\org\codehaus\mojo\animal-sniffer-annotations\1.18\animal-sniffer-annotations-1.18.jar;C:\Users\Mustafa YARDIMCI\.m2\repository\io\grpc\grpc-stub\1.33.0\grpc-stub-1.33.0.jar;C:\Users\Mustafa YARDIMCI\.m2\repository\javax\annotation\javax.annotation-api\1.3.2\javax.annotation-api-1.3.2.jar;C:\Users\Mustafa YARDIMCI\.m2\repository\org\assertj\assertj-core\3.10.0\assertj-core-3.10.0.jar;C:\Users\Mustafa YARDIMCI\.m2\repository\org\seleniumhq\selenium\selenium-java\3.141.59\selenium-java-3.141.59.jar;C:\Users\Mustafa YARDIMCI\.m2\repository\org\seleniumhq\selenium\selenium-api\3.141.59\selenium-api-3.141.59.jar;C:\Users\Mustafa YARDIMCI\.m2\repository\org\seleniumhq\selenium\selenium-chrome-driver\3.141.59\selenium-chrome-driver-3.141.59.jar;C:\Users\Mustafa YARDIMCI\.m2\repository\org\seleniumhq\selenium\selenium-edge-driver\3.141.59\selenium-edge-driver-3.141.59.jar;C:\Users\Mustafa YARDIMCI\.m2\repository\org\seleniumhq\selenium\selenium-firefox-driver\3.141.59\selenium-firefox-driver-3.141.59.jar;C:\Users\Mustafa YARDIMCI\.m2\repository\org\seleniumhq\selenium\selenium-ie-driver\3.141.59\selenium-ie-driver-3.141.59.jar;C:\Users\Mustafa YARDIMCI\.m2\repository\org\seleniumhq\selenium\selenium-opera-driver\3.141.59\selenium-opera-driver-3.141.59.jar;C:\Users\Mustafa YARDIMCI\.m2\repository\org\seleniumhq\selenium\selenium-remote-driver\3.141.59\selenium-remote-driver-3.141.59.jar;C:\Users\Mustafa YARDIMCI\.m2\repository\org\seleniumhq\selenium\selenium-safari-driver\3.141.59\selenium-safari-driver-3.141.59.jar;C:\Users\Mustafa YARDIMCI\.m2\repository\org\seleniumhq\selenium\selenium-support\3.141.59\selenium-support-3.141.59.jar;C:\Users\Mustafa YARDIMCI\.m2\repository\net\bytebuddy\byte-buddy\1.8.15\byte-buddy-1.8.15.jar;C:\Users\Mustafa YARDIMCI\.m2\repository\org\apache\commons\commons-exec\1.3\commons-exec-1.3.jar;C:\Users\Mustafa YARDIMCI\.m2\repository\com\squareup\okhttp3\okhttp\3.11.0\okhttp-3.11.0.jar;C:\Users\Mustafa YARDIMCI\.m2\repository\com\squareup\okio\okio\1.14.0\okio-1.14.0.jar;C:\Users\Mustafa YARDIMCI\.m2\repository\io\github\bonigarcia\webdrivermanager\4.2.0\webdrivermanager-4.2.0.jar;C:\Users\Mustafa YARDIMCI\.m2\repository\org\slf4j\slf4j-api\1.7.30\slf4j-api-1.7.30.jar;C:\Users\Mustafa YARDIMCI\.m2\repository\com\google\code\gson\gson\2.8.6\gson-2.8.6.jar;C:\Users\Mustafa YARDIMCI\.m2\repository\org\apache\commons\commons-lang3\3.11\commons-lang3-3.11.jar;C:\Users\Mustafa YARDIMCI\.m2\repository\org\apache\httpcomponents\client5\httpclient5\5.0.1\httpclient5-5.0.1.jar;C:\Users\Mustafa YARDIMCI\.m2\repository\org\apache\httpcomponents\core5\httpcore5\5.0.1\httpcore5-5.0.1.jar;C:\Users\Mustafa YARDIMCI\.m2\repository\org\apache\httpcomponents\core5\httpcore5-h2\5.0.1\httpcore5-h2-5.0.1.jar;C:\Users\Mustafa YARDIMCI\.m2\repository\commons-codec\commons-codec\1.13\commons-codec-1.13.jar;C:\Users\Mustafa YARDIMCI\.m2\repository\org\rauschig\jarchivelib\1.0.0\jarchivelib-1.0.0.jar;C:\Users\Mustafa YARDIMCI\.m2\repository\org\apache\commons\commons-compress\1.18\commons-compress-1.18.jar;C:\Users\Mustafa YARDIMCI\.m2\repository\org\jsoup\jsoup\1.13.1\jsoup-1.13.1.jar;C:\Users\Mustafa YARDIMCI\.m2\repository\org\reflections\reflections\0.9.10\reflections-0.9.10.jar;C:\Users\Mustafa YARDIMCI\.m2\repository\org\javassist\javassist\3.19.0-GA\javassist-3.19.0-GA.jar;C:\Users\Mustafa YARDIMCI\.m2\repository\com\google\code\findbugs\annotations\2.0.1\annotations-2.0.1.jar;C:\Users\Mustafa YARDIMCI\.m2\repository\junit\junit\4.12\junit-4.12.jar;C:\Users\Mustafa YARDIMCI\.m2\repository\org\hamcrest\hamcrest-core\1.3\hamcrest-core-1.3.jar
31-03-2021 16:25:49.292 [java] [DEBUG] found java executable in C:\Program Files\Java\jdk1.8.0_271\jre\bin\java.exe
31-03-2021 16:25:49.292 [java] [DEBUG] running - C:\Program Files\Java\jdk1.8.0_271\jre\bin\java.exe [-Dfile.encoding=UTF-8 com.thoughtworks.gauge.GaugeRuntime --start]
31-03-2021 16:25:49.292 [java] [DEBUG] stdout/stderr is logged to logs\2204-java.exe.out
31-03-2021 16:25:49.483 [Gauge] [DEBUG] Checking updates...
31-03-2021 16:25:49.484 [java] [DEBUG] multithreading is set to false
31-03-2021 16:25:49.484 [Gauge] [DEBUG] Downloading https://downloads.gauge.org/plugin/html-report?l=java&p=html-report,java,screenshot,spectacle&o=windows&a=amd64
31-03-2021 16:25:49.700 [Gauge] [DEBUG] Downloading https://downloads.gauge.org/plugin/java?l=java&p=html-report,java,screenshot,spectacle&o=windows&a=amd64
31-03-2021 16:25:49.765 [Gauge] [DEBUG] Downloading https://downloads.gauge.org/plugin/screenshot?l=java&p=html-report,java,screenshot,spectacle&o=windows&a=amd64
31-03-2021 16:25:49.817 [Gauge] [DEBUG] Downloading https://downloads.gauge.org/plugin/spectacle?l=java&p=html-report,java,screenshot,spectacle&o=windows&a=amd64
31-03-2021 16:25:49.870 [java] [DEBUG] Using reflection to scan dependencies for gauge implementations...
31-03-2021 16:25:49.945 [java] [ERROR] SLF4J: Failed to load class "org.slf4j.impl.StaticLoggerBinder".
31-03-2021 16:25:49.945 [java] [ERROR] SLF4J: Defaulting to no-operation (NOP) logger implementation
31-03-2021 16:25:49.945 [java] [ERROR] SLF4J: See http://www.slf4j.org/codes.html#StaticLoggerBinder for further details.
31-03-2021 16:25:50.615 [java] [DEBUG] gauge-java took 1129milliseconds to load and scan. This should be less than 'runner_connection_timeout' config value.
31-03-2021 16:25:50.615 [java] [DEBUG] run 'gauge config runner_connection_timeout' and verify that it is < 1129
31-03-2021 16:25:50.629 [java] [DEBUG] starting gRPC server...
31-03-2021 16:25:51.440 [java] [DEBUG] started gRPC server on port 56457
31-03-2021 16:25:51.440 [Gauge] [DEBUG] Attempting to connect to grpc server at port: 56457
31-03-2021 16:25:51.560 [Gauge] [DEBUG] Successfully made the connection with runner with port: 56457
31-03-2021 16:25:51.560 [Gauge] [DEBUG] Validation started.
31-03-2021 16:25:52.999 [java] [DEBUG] Scanning packages for steps
31-03-2021 16:25:53.014 [java] [DEBUG] Comparing 'Tests.LoginTest.SetUserName' and 'Tests.LoginTest.SetUserName'
31-03-2021 16:25:53.014 [java] [DEBUG] Found Kullanıcı adı {} olarak girilir in current project scope.
31-03-2021 16:25:53.014 [java] [DEBUG] Comparing 'Tests.FavoriteProductTest.ClickDeleteAllSelectedProduct' and 'Tests.FavoriteProductTest.ClickDeleteAllSelectedProduct'
31-03-2021 16:25:53.014 [java] [DEBUG] Found Tum secimleri kaldir butonuna tiklanir in current project scope.
31-03-2021 16:25:53.014 [java] [DEBUG] Comparing 'Tests.ProductsPageTest.IsSearchedProductExist' and 'Tests.ProductsPageTest.IsSearchedProductExist'
31-03-2021 16:25:53.014 [java] [DEBUG] Found Aranan urunun geldigi gorulur in current project scope.
31-03-2021 16:25:53.014 [java] [DEBUG] Comparing 'Tests.LoginTest.IsLoginSuccess' and 'Tests.LoginTest.IsLoginSuccess'
31-03-2021 16:25:53.014 [java] [DEBUG] Found Login girisinin basarili oldugu gorulur in current project scope.
31-03-2021 16:25:53.014 [java] [DEBUG] Comparing 'Tests.FavoriteProductTest.ClickDeleteConfirmButton' and 'Tests.FavoriteProductTest.ClickDeleteConfirmButton'
31-03-2021 16:25:53.014 [java] [DEBUG] Found Cikan pop-up da sil butonuna tiklanir in current project scope.
31-03-2021 16:25:53.015 [java] [DEBUG] Comparing 'Tests.ProductsPageTest.SelectRandomProduct' and 'Tests.ProductsPageTest.SelectRandomProduct'
31-03-2021 16:25:53.015 [java] [DEBUG] Found Rastgele bir urun secilir in current project scope.
31-03-2021 16:25:53.015 [java] [DEBUG] Comparing 'Tests.HomePageTest.IsHomePageLoaded' and 'Tests.HomePageTest.IsHomePageLoaded'
31-03-2021 16:25:53.015 [java] [DEBUG] Found Anasayfanin acildigi gorulur in current project scope.
31-03-2021 16:25:53.015 [java] [DEBUG] Comparing 'Tests.HomePageTest.initializeWebSite' and 'Tests.HomePageTest.initializeWebSite'
31-03-2021 16:25:53.015 [java] [DEBUG] Found {} sitesine giris yapilir in current project scope.
31-03-2021 16:25:53.015 [java] [DEBUG] Comparing 'Tests.ProductsPageTest.ControllSecondPageOpened' and 'Tests.ProductsPageTest.ControllSecondPageOpened'
31-03-2021 16:25:53.015 [java] [DEBUG] Found 2.sayfanin acildigi kontrol edilir in current project scope.
31-03-2021 16:25:53.015 [java] [DEBUG] Comparing 'Tests.LoginTest.ClikcLoginButton' and 'Tests.LoginTest.ClikcLoginButton'
31-03-2021 16:25:53.015 [java] [DEBUG] Found Giris Yap butonuna tiklanir in current project scope.
31-03-2021 16:25:53.015 [java] [DEBUG] Comparing 'Tests.ProductDetailTest.CilckMyFavorites' and 'Tests.ProductDetailTest.CilckMyFavorites'
31-03-2021 16:25:53.015 [java] [DEBUG] Found Hesabım alanindan begendiklerime tiklanir in current project scope.
31-03-2021 16:25:53.016 [java] [DEBUG] Comparing 'Tests.ProductsPageTest.ClickSecondPage' and 'Tests.ProductsPageTest.ClickSecondPage'
31-03-2021 16:25:53.016 [java] [DEBUG] Found 2.sayfaya tiklanir in current project scope.
31-03-2021 16:25:53.016 [java] [DEBUG] Comparing 'Tests.HomePageTest.SearchProduct' and 'Tests.HomePageTest.SearchProduct'
31-03-2021 16:25:53.016 [java] [DEBUG] Found Arama alaninda {} aratilir in current project scope.
31-03-2021 16:25:53.016 [java] [DEBUG] Comparing 'Tests.LoginTest.ClickSignIn' and 'Tests.LoginTest.ClickSignIn'
31-03-2021 16:25:53.016 [java] [DEBUG] Found Anasayfada giris Yap a tiklanir in current project scope.
31-03-2021 16:25:53.016 [java] [DEBUG] Comparing 'Tests.FavoriteProductTest.isFavoriteListEmpty' and 'Tests.FavoriteProductTest.isFavoriteListEmpty'
31-03-2021 16:25:53.016 [java] [DEBUG] Found Favori listesinin bos oldugu gorulur in current project scope.
31-03-2021 16:25:53.017 [java] [DEBUG] Comparing 'Tests.LoginTest.SetPassword' and 'Tests.LoginTest.SetPassword'
31-03-2021 16:25:53.017 [java] [DEBUG] Found Password alanına {} girilir in current project scope.
31-03-2021 16:25:53.017 [java] [DEBUG] Comparing 'Tests.ProductDetailTest.AddFavoriteProduct' and 'Tests.ProductDetailTest.AddFavoriteProduct'
31-03-2021 16:25:53.017 [java] [DEBUG] Found Secilen urun favorilere eklenir in current project scope.
31-03-2021 16:25:53.017 [java] [DEBUG] Comparing 'Tests.FavoriteProductTest.SelectAllFavoritesProduct' and 'Tests.FavoriteProductTest.SelectAllFavoritesProduct'
31-03-2021 16:25:53.017 [java] [DEBUG] Found Favorilerimden tum urunler secilir in current project scope.
31-03-2021 16:25:53.017 [java] [DEBUG] Comparing 'Tests.FavoriteProductTest.IsFavoriteProductPresent' and 'Tests.FavoriteProductTest.IsFavoriteProductPresent'
31-03-2021 16:25:53.017 [java] [DEBUG] Found Favorilerde urun oldugu gorulur in current project scope.
31-03-2021 16:25:53.017 [java] [DEBUG] Scanning packages for hooks
31-03-2021 16:25:53.023 [java] [DEBUG] Scanned steps (using static parsing + reflections): 
31-03-2021 16:25:53.023 [java] [DEBUG] 	Favori listesinin bos oldugu gorulur : public void isFavoriteListEmpty()
31-03-2021 16:25:53.023 [java] [DEBUG] 	Anasayfanin acildigi gorulur : public void IsHomePageLoaded()
31-03-2021 16:25:53.023 [java] [DEBUG] 	Kullanıcı adı {} olarak girilir : public void SetUserName(String userName)
31-03-2021 16:25:53.023 [java] [DEBUG] 	Giris Yap butonuna tiklanir : public void ClikcLoginButton()
31-03-2021 16:25:53.023 [java] [DEBUG] 	Anasayfada giris Yap a tiklanir : public void ClickSignIn()
31-03-2021 16:25:53.023 [java] [DEBUG] 	Cikan pop-up da sil butonuna tiklanir : public void ClickDeleteConfirmButton()
31-03-2021 16:25:53.023 [java] [DEBUG] 	Favorilerde urun oldugu gorulur : public void IsFavoriteProductPresent()
31-03-2021 16:25:53.023 [java] [DEBUG] 	Aranan urunun geldigi gorulur : public void IsSearchedProductExist()
31-03-2021 16:25:53.023 [java] [DEBUG] 	Tum secimleri kaldir butonuna tiklanir : public void ClickDeleteAllSelectedProduct()
31-03-2021 16:25:53.023 [java] [DEBUG] 	Rastgele bir urun secilir : public void SelectRandomProduct()
31-03-2021 16:25:53.023 [java] [DEBUG] 	Login girisinin basarili oldugu gorulur : public void IsLoginSuccess()
31-03-2021 16:25:53.023 [java] [DEBUG] 	Favorilerimden tum urunler secilir : public void SelectAllFavoritesProduct()
31-03-2021 16:25:53.023 [java] [DEBUG] 	Secilen urun favorilere eklenir : public void AddFavoriteProduct()
31-03-2021 16:25:53.023 [java] [DEBUG] 	{} sitesine giris yapilir : public void initializeWebSite(String url)
31-03-2021 16:25:53.023 [java] [DEBUG] 	2.sayfaya tiklanir : public void ClickSecondPage()
31-03-2021 16:25:53.023 [java] [DEBUG] 	Hesabım alanindan begendiklerime tiklanir : public void CilckMyFavorites()
31-03-2021 16:25:53.023 [java] [DEBUG] 	Arama alaninda {} aratilir : public void SearchProduct(String productName)
31-03-2021 16:25:53.023 [java] [DEBUG] 	2.sayfanin acildigi kontrol edilir : public void ControllSecondPageOpened()
31-03-2021 16:25:53.024 [java] [DEBUG] 	Password alanına {} girilir : public void SetPassword(String password)
31-03-2021 16:25:54.975 [Gauge] [DEBUG] Validation completed.
31-03-2021 16:25:54.975 [Gauge] [DEBUG] Run started
31-03-2021 16:25:54.976 [Gauge] [DEBUG] Starting Html Report plugin
31-03-2021 16:25:54.988 [Gauge] [DEBUG] Attempting to connect to grpc server at port: 56462
31-03-2021 16:25:54.989 [Gauge] [DEBUG] Successfully made the connection with plugin with port: 56462
31-03-2021 16:25:54.989 [Gauge] [DEBUG] Initialising suite data store.
31-03-2021 16:25:55.669 [java] [ERROR] Starting ChromeDriver 89.0.4389.23 (61b08ee2c50024bab004e48d2b1b083cdbdac579-refs/branch-heads/4389@{#294}) on port 42917
31-03-2021 16:25:55.669 [java] [ERROR] Only local connections are allowed.
31-03-2021 16:25:55.669 [java] [ERROR] Please see https://chromedriver.chromium.org/security-considerations for suggestions on keeping ChromeDriver safe.
31-03-2021 16:25:55.674 [java] [ERROR] ChromeDriver was started successfully.
31-03-2021 16:25:56.884 [java] [ERROR] Mar 31, 2021 4:25:56 PM org.openqa.selenium.remote.ProtocolHandshake createSession
31-03-2021 16:25:56.884 [java] [ERROR] INFO: Detected dialect: W3C
31-03-2021 16:25:57.058 [java] [DEBUG] Executing '{} sitesine giris yapilir' using 'class Tests.HomePageTest.initializeWebSite
31-03-2021 16:26:00.686 [java] [DEBUG] Executing 'Anasayfanin acildigi gorulur' using 'class Tests.HomePageTest.IsHomePageLoaded
31-03-2021 16:26:00.807 [java] [DEBUG] Executing 'Anasayfada giris Yap a tiklanir' using 'class Tests.LoginTest.ClickSignIn
31-03-2021 16:26:02.892 [java] [DEBUG] Executing 'Kullanıcı adı {} olarak girilir' using 'class Tests.LoginTest.SetUserName
31-03-2021 16:26:05.637 [java] [DEBUG] Executing 'Password alanına {} girilir' using 'class Tests.LoginTest.SetPassword
31-03-2021 16:26:05.914 [java] [DEBUG] Executing 'Giris Yap butonuna tiklanir' using 'class Tests.LoginTest.ClikcLoginButton
31-03-2021 16:26:06.091 [java] [DEBUG] Executing 'Login girisinin basarili oldugu gorulur' using 'class Tests.LoginTest.IsLoginSuccess
31-03-2021 16:26:10.889 [java] [DEBUG] Executing 'Arama alaninda {} aratilir' using 'class Tests.HomePageTest.SearchProduct
31-03-2021 16:26:11.144 [java] [DEBUG] Executing 'Aranan urunun geldigi gorulur' using 'class Tests.ProductsPageTest.IsSearchedProductExist
31-03-2021 16:26:13.500 [java] [DEBUG] Executing '2.sayfaya tiklanir' using 'class Tests.ProductsPageTest.ClickSecondPage
31-03-2021 16:26:15.526 [java] [DEBUG] Executing '2.sayfanin acildigi kontrol edilir' using 'class Tests.ProductsPageTest.ControllSecondPageOpened
31-03-2021 16:26:15.773 [java] [DEBUG] Executing 'Rastgele bir urun secilir' using 'class Tests.ProductsPageTest.SelectRandomProduct
31-03-2021 16:26:17.465 [java] [DEBUG] Executing 'Secilen urun favorilere eklenir' using 'class Tests.ProductDetailTest.AddFavoriteProduct
31-03-2021 16:26:17.875 [java] [DEBUG] Executing 'Hesabım alanindan begendiklerime tiklanir' using 'class Tests.ProductDetailTest.CilckMyFavorites
31-03-2021 16:26:19.124 [html-report] [DEBUG] Transformed SuiteResult to report structure
31-03-2021 16:26:19.185 [html-report] [INFO] Successfully generated html-report to => C:\Users\Mustafa YARDIMCI\Desktop\OdeAlCaseProject\reports\html-report\index.html
31-03-2021 16:26:19.185 [html-report] [DEBUG] Done generating HTML report using theme from C:\Users\Mustafa YARDIMCI\AppData\Roaming\gauge\plugins\html-report\4.0.12\themes\default
31-03-2021 16:26:19.185 [Gauge] [DEBUG] Sending kill message to Html Report plugin.
31-03-2021 16:26:19.996 [Gauge] [DEBUG] Runner with PID:2204 has exited
31-03-2021 16:26:19.996 [Gauge] [INFO] Specifications:	1 executed	0 passed	1 failed	0 skipped
31-03-2021 16:26:19.996 [Gauge] [INFO] Scenarios:	1 executed	0 passed	1 failed	0 skipped
31-03-2021 16:26:19.996 [Gauge] [INFO] 
Total time taken: 24.148s
31-03-2021 16:26:19.998 [Gauge] [INFO] Updates are available. Run `gauge update -c` for more info.
31-03-2021 16:29:44.687 [Gauge] [DEBUG] Created gauge_screenshots_dir at C:\Users\Mustafa YARDIMCI\Desktop\OdeAlCaseProject\.gauge\screenshots
31-03-2021 16:29:44.690 [Gauge] [DEBUG] Plugin java is already installed.
31-03-2021 16:29:44.690 [Gauge] [DEBUG] Plugin html-report is already installed.
31-03-2021 16:29:44.691 [Gauge] [DEBUG] Parsing started.
31-03-2021 16:29:44.691 [Gauge] [DEBUG] Started concepts parsing.
31-03-2021 16:29:44.697 [Gauge] [DEBUG] 0 concepts parsing completed.
31-03-2021 16:29:44.697 [Gauge] [DEBUG] Started specifications parsing.
31-03-2021 16:29:44.697 [Gauge] [DEBUG] 1 specifications parsing completed.
31-03-2021 16:29:44.698 [Gauge] [DEBUG] Parsing completed.
31-03-2021 16:29:44.713 [java] [DEBUG] ***** Printing Properties/Env Values *****
31-03-2021 16:29:44.713 [java] [DEBUG] PATH: C:\Program Files\Java\jdk1.8.0_271\bin;C:\WINDOWS\system32;C:\WINDOWS;C:\WINDOWS\System32\Wbem;C:\WINDOWS\System32\WindowsPowerShell\v1.0\;C:\WINDOWS\System32\OpenSSH\;C:\Program Files\dotnet\;C:\Program Files\Microsoft SQL Server\130\Tools\Binn\;C:\Program Files\Microsoft SQL Server\Client SDK\ODBC\130\Tools\Binn\;C:\Program Files (x86)\Microsoft SQL Server\130\Tools\Binn\;C:\Program Files\Microsoft SQL Server\130\DTS\Binn\;C:\Program Files (x86)\Microsoft SQL Server\Client SDK\ODBC\130\Tools\Binn\;C:\Program Files (x86)\Microsoft SQL Server\130\DTS\Binn\;C:\Program Files (x86)\Microsoft SQL Server\130\Tools\Binn\ManagementStudio\;C:\ProgramData\chocolatey\bin;C:\Program Files\Microsoft VS Code\bin;C:\Program Files\Microsoft SQL Server\Client SDK\ODBC\170\Tools\Binn\;C:\Program Files\Git\cmd;C:\Program Files\Gauge\bin;C:\Program Files (x86)\dotnet\;C:\Program Files\nodejs\;C:\Users\Mustafa YARDIMCI\AppData\Local\Programs\Python\Python38-32\Scripts\;C:\Users\Mustafa YARDIMCI\AppData\Local\Programs\Python\Python38-32\;C:\Users\Mustafa YARDIMCI\AppData\Local\Microsoft\WindowsApps;C:\Users\Mustafa YARDIMCI\AppData\Local\GitHubDesktop\bin;C:\Users\Mustafa YARDIMCI\AppData\Local\Microsoft\WindowsApps;C:\Program Files\Java\jdk1.8.0_271\bin;C:\Program Files\JetBrains\IntelliJ IDEA 2020.3.1\bin;C:\Users\Mustafa YARDIMCI\.dotnet\tools;C:\Users\Mustafa YARDIMCI\AppData\Roaming\npm;C:\Users\Mustafa YARDIMCI\AppData\Roaming\gauge\plugins\screenshot\0.0.1
31-03-2021 16:29:44.713 [java] [DEBUG] JAVA_HOME: C:\Program Files\Java\jdk1.8.0_271
31-03-2021 16:29:44.713 [java] [DEBUG] gauge_project_root: C:\Users\Mustafa YARDIMCI\Desktop\OdeAlCaseProject
31-03-2021 16:29:44.713 [java] [DEBUG] gauge_parallel_streams_count: 12
31-03-2021 16:29:44.713 [java] [DEBUG] gauge_reports_dir: reports
31-03-2021 16:29:44.713 [java] [DEBUG] overwrite_reports: true
31-03-2021 16:29:44.713 [java] [DEBUG] logs_directory: logs
31-03-2021 16:29:44.713 [java] [DEBUG] enable_multithreading: false
31-03-2021 16:29:44.713 [java] [DEBUG] gauge_specs_dir: specs
31-03-2021 16:29:44.713 [java] [DEBUG] csv_delimiter: ,
31-03-2021 16:29:44.713 [java] [DEBUG] gauge_java_home: 
31-03-2021 16:29:44.713 [java] [DEBUG] gauge_custom_build_path: 
31-03-2021 16:29:44.713 [java] [DEBUG] gauge_additional_libs: libs/*
31-03-2021 16:29:44.713 [java] [DEBUG] gauge_jvm_args: 
31-03-2021 16:29:44.713 [java] [DEBUG] gauge_custom_compile_dir: 
31-03-2021 16:29:44.713 [java] [DEBUG] gauge_clear_state_level: scenario
31-03-2021 16:29:44.713 [java] [DEBUG] ***** END *****
31-03-2021 16:29:44.725 [java] [ERROR] exec: "mvn": executable file not found in %!P(MISSING)ATH%!(NOVERB)
31-03-2021 16:29:44.725 [java] [ERROR] Installed version of gauge-java (0.7.13) does not match with dependency gauge-java () specified in pom.xml file
31-03-2021 16:29:44.726 [java] [DEBUG] classpath set to C:\Program Files\Java\jdk1.8.0_271\jre\lib\charsets.jar;C:\Program Files\Java\jdk1.8.0_271\jre\lib\deploy.jar;C:\Program Files\Java\jdk1.8.0_271\jre\lib\ext\access-bridge-64.jar;C:\Program Files\Java\jdk1.8.0_271\jre\lib\ext\cldrdata.jar;C:\Program Files\Java\jdk1.8.0_271\jre\lib\ext\dnsns.jar;C:\Program Files\Java\jdk1.8.0_271\jre\lib\ext\jaccess.jar;C:\Program Files\Java\jdk1.8.0_271\jre\lib\ext\jfxrt.jar;C:\Program Files\Java\jdk1.8.0_271\jre\lib\ext\localedata.jar;C:\Program Files\Java\jdk1.8.0_271\jre\lib\ext\nashorn.jar;C:\Program Files\Java\jdk1.8.0_271\jre\lib\ext\sunec.jar;C:\Program Files\Java\jdk1.8.0_271\jre\lib\ext\sunjce_provider.jar;C:\Program Files\Java\jdk1.8.0_271\jre\lib\ext\sunmscapi.jar;C:\Program Files\Java\jdk1.8.0_271\jre\lib\ext\sunpkcs11.jar;C:\Program Files\Java\jdk1.8.0_271\jre\lib\ext\zipfs.jar;C:\Program Files\Java\jdk1.8.0_271\jre\lib\javaws.jar;C:\Program Files\Java\jdk1.8.0_271\jre\lib\jce.jar;C:\Program Files\Java\jdk1.8.0_271\jre\lib\jfr.jar;C:\Program Files\Java\jdk1.8.0_271\jre\lib\jfxswt.jar;C:\Program Files\Java\jdk1.8.0_271\jre\lib\jsse.jar;C:\Program Files\Java\jdk1.8.0_271\jre\lib\management-agent.jar;C:\Program Files\Java\jdk1.8.0_271\jre\lib\plugin.jar;C:\Program Files\Java\jdk1.8.0_271\jre\lib\resources.jar;C:\Program Files\Java\jdk1.8.0_271\jre\lib\rt.jar;C:\Users\Mustafa YARDIMCI\Desktop\OdeAlCaseProject\target\test-classes;C:\Users\Mustafa YARDIMCI\.m2\repository\com\thoughtworks\gauge\gauge-java\0.7.13\gauge-java-0.7.13.jar;C:\Users\Mustafa YARDIMCI\.m2\repository\com\github\javaparser\javaparser-core\3.16.2\javaparser-core-3.16.2.jar;C:\Users\Mustafa YARDIMCI\.m2\repository\commons-io\commons-io\2.8.0\commons-io-2.8.0.jar;C:\Users\Mustafa YARDIMCI\.m2\repository\commons-lang\commons-lang\2.6\commons-lang-2.6.jar;C:\Users\Mustafa YARDIMCI\.m2\repository\org\json\json\20200518\json-20200518.jar;C:\Users\Mustafa YARDIMCI\.m2\repository\com\google\protobuf\protobuf-java\3.13.0\protobuf-java-3.13.0.jar;C:\Users\Mustafa YARDIMCI\.m2\repository\com\google\guava\guava\29.0-jre\guava-29.0-jre.jar;C:\Users\Mustafa YARDIMCI\.m2\repository\com\google\guava\failureaccess\1.0.1\failureaccess-1.0.1.jar;C:\Users\Mustafa YARDIMCI\.m2\repository\com\google\guava\listenablefuture\9999.0-empty-to-avoid-conflict-with-guava\listenablefuture-9999.0-empty-to-avoid-conflict-with-guava.jar;C:\Users\Mustafa YARDIMCI\.m2\repository\com\google\code\findbugs\jsr305\3.0.2\jsr305-3.0.2.jar;C:\Users\Mustafa YARDIMCI\.m2\repository\org\checkerframework\checker-qual\2.11.1\checker-qual-2.11.1.jar;C:\Users\Mustafa YARDIMCI\.m2\repository\com\google\errorprone\error_prone_annotations\2.3.4\error_prone_annotations-2.3.4.jar;C:\Users\Mustafa YARDIMCI\.m2\repository\com\google\j2objc\j2objc-annotations\1.3\j2objc-annotations-1.3.jar;C:\Users\Mustafa YARDIMCI\.m2\repository\io\grpc\grpc-netty-shaded\1.33.0\grpc-netty-shaded-1.33.0.jar;C:\Users\Mustafa YARDIMCI\.m2\repository\io\grpc\grpc-core\1.33.0\grpc-core-1.33.0.jar;C:\Users\Mustafa YARDIMCI\.m2\repository\com\google\android\annotations\4.1.1.4\annotations-4.1.1.4.jar;C:\Users\Mustafa YARDIMCI\.m2\repository\io\perfmark\perfmark-api\0.19.0\perfmark-api-0.19.0.jar;C:\Users\Mustafa YARDIMCI\.m2\repository\io\grpc\grpc-protobuf\1.33.0\grpc-protobuf-1.33.0.jar;C:\Users\Mustafa YARDIMCI\.m2\repository\io\grpc\grpc-api\1.33.0\grpc-api-1.33.0.jar;C:\Users\Mustafa YARDIMCI\.m2\repository\io\grpc\grpc-context\1.33.0\grpc-context-1.33.0.jar;C:\Users\Mustafa YARDIMCI\.m2\repository\com\google\api\grpc\proto-google-common-protos\1.17.0\proto-google-common-protos-1.17.0.jar;C:\Users\Mustafa YARDIMCI\.m2\repository\io\grpc\grpc-protobuf-lite\1.33.0\grpc-protobuf-lite-1.33.0.jar;C:\Users\Mustafa YARDIMCI\.m2\repository\org\codehaus\mojo\animal-sniffer-annotations\1.18\animal-sniffer-annotations-1.18.jar;C:\Users\Mustafa YARDIMCI\.m2\repository\io\grpc\grpc-stub\1.33.0\grpc-stub-1.33.0.jar;C:\Users\Mustafa YARDIMCI\.m2\repository\javax\annotation\javax.annotation-api\1.3.2\javax.annotation-api-1.3.2.jar;C:\Users\Mustafa YARDIMCI\.m2\repository\org\assertj\assertj-core\3.10.0\assertj-core-3.10.0.jar;C:\Users\Mustafa YARDIMCI\.m2\repository\org\seleniumhq\selenium\selenium-java\3.141.59\selenium-java-3.141.59.jar;C:\Users\Mustafa YARDIMCI\.m2\repository\org\seleniumhq\selenium\selenium-api\3.141.59\selenium-api-3.141.59.jar;C:\Users\Mustafa YARDIMCI\.m2\repository\org\seleniumhq\selenium\selenium-chrome-driver\3.141.59\selenium-chrome-driver-3.141.59.jar;C:\Users\Mustafa YARDIMCI\.m2\repository\org\seleniumhq\selenium\selenium-edge-driver\3.141.59\selenium-edge-driver-3.141.59.jar;C:\Users\Mustafa YARDIMCI\.m2\repository\org\seleniumhq\selenium\selenium-firefox-driver\3.141.59\selenium-firefox-driver-3.141.59.jar;C:\Users\Mustafa YARDIMCI\.m2\repository\org\seleniumhq\selenium\selenium-ie-driver\3.141.59\selenium-ie-driver-3.141.59.jar;C:\Users\Mustafa YARDIMCI\.m2\repository\org\seleniumhq\selenium\selenium-opera-driver\3.141.59\selenium-opera-driver-3.141.59.jar;C:\Users\Mustafa YARDIMCI\.m2\repository\org\seleniumhq\selenium\selenium-remote-driver\3.141.59\selenium-remote-driver-3.141.59.jar;C:\Users\Mustafa YARDIMCI\.m2\repository\org\seleniumhq\selenium\selenium-safari-driver\3.141.59\selenium-safari-driver-3.141.59.jar;C:\Users\Mustafa YARDIMCI\.m2\repository\org\seleniumhq\selenium\selenium-support\3.141.59\selenium-support-3.141.59.jar;C:\Users\Mustafa YARDIMCI\.m2\repository\net\bytebuddy\byte-buddy\1.8.15\byte-buddy-1.8.15.jar;C:\Users\Mustafa YARDIMCI\.m2\repository\org\apache\commons\commons-exec\1.3\commons-exec-1.3.jar;C:\Users\Mustafa YARDIMCI\.m2\repository\com\squareup\okhttp3\okhttp\3.11.0\okhttp-3.11.0.jar;C:\Users\Mustafa YARDIMCI\.m2\repository\com\squareup\okio\okio\1.14.0\okio-1.14.0.jar;C:\Users\Mustafa YARDIMCI\.m2\repository\io\github\bonigarcia\webdrivermanager\4.2.0\webdrivermanager-4.2.0.jar;C:\Users\Mustafa YARDIMCI\.m2\repository\org\slf4j\slf4j-api\1.7.30\slf4j-api-1.7.30.jar;C:\Users\Mustafa YARDIMCI\.m2\repository\com\google\code\gson\gson\2.8.6\gson-2.8.6.jar;C:\Users\Mustafa YARDIMCI\.m2\repository\org\apache\commons\commons-lang3\3.11\commons-lang3-3.11.jar;C:\Users\Mustafa YARDIMCI\.m2\repository\org\apache\httpcomponents\client5\httpclient5\5.0.1\httpclient5-5.0.1.jar;C:\Users\Mustafa YARDIMCI\.m2\repository\org\apache\httpcomponents\core5\httpcore5\5.0.1\httpcore5-5.0.1.jar;C:\Users\Mustafa YARDIMCI\.m2\repository\org\apache\httpcomponents\core5\httpcore5-h2\5.0.1\httpcore5-h2-5.0.1.jar;C:\Users\Mustafa YARDIMCI\.m2\repository\commons-codec\commons-codec\1.13\commons-codec-1.13.jar;C:\Users\Mustafa YARDIMCI\.m2\repository\org\rauschig\jarchivelib\1.0.0\jarchivelib-1.0.0.jar;C:\Users\Mustafa YARDIMCI\.m2\repository\org\apache\commons\commons-compress\1.18\commons-compress-1.18.jar;C:\Users\Mustafa YARDIMCI\.m2\repository\org\jsoup\jsoup\1.13.1\jsoup-1.13.1.jar;C:\Users\Mustafa YARDIMCI\.m2\repository\org\reflections\reflections\0.9.10\reflections-0.9.10.jar;C:\Users\Mustafa YARDIMCI\.m2\repository\org\javassist\javassist\3.19.0-GA\javassist-3.19.0-GA.jar;C:\Users\Mustafa YARDIMCI\.m2\repository\com\google\code\findbugs\annotations\2.0.1\annotations-2.0.1.jar;C:\Users\Mustafa YARDIMCI\.m2\repository\junit\junit\4.12\junit-4.12.jar;C:\Users\Mustafa YARDIMCI\.m2\repository\org\hamcrest\hamcrest-core\1.3\hamcrest-core-1.3.jar
31-03-2021 16:29:44.761 [java] [DEBUG] found java executable in C:\Program Files\Java\jdk1.8.0_271\jre\bin\java.exe
31-03-2021 16:29:44.761 [java] [INFO] 
Runner Ready for Debugging
31-03-2021 16:29:44.761 [java] [DEBUG] running - C:\Program Files\Java\jdk1.8.0_271\jre\bin\java.exe [-agentlib:jdwp=transport=dt_socket,server=y,suspend=y,address=56683,timeout=25000 -Dfile.encoding=UTF-8 com.thoughtworks.gauge.GaugeRuntime --start]
31-03-2021 16:29:44.761 [java] [DEBUG] stdout/stderr is logged to logs\7184-java.exe.out
31-03-2021 16:29:44.865 [java] [INFO] Listening for transport dt_socket at address: 56683
31-03-2021 16:29:44.963 [Gauge] [DEBUG] Checking updates...
31-03-2021 16:29:44.964 [Gauge] [DEBUG] Downloading https://downloads.gauge.org/plugin/html-report?l=java&p=html-report,java,screenshot,spectacle&o=windows&a=amd64
31-03-2021 16:29:45.264 [Gauge] [DEBUG] Downloading https://downloads.gauge.org/plugin/java?l=java&p=html-report,java,screenshot,spectacle&o=windows&a=amd64
31-03-2021 16:29:45.342 [Gauge] [DEBUG] Downloading https://downloads.gauge.org/plugin/screenshot?l=java&p=html-report,java,screenshot,spectacle&o=windows&a=amd64
31-03-2021 16:29:45.410 [Gauge] [DEBUG] Downloading https://downloads.gauge.org/plugin/spectacle?l=java&p=html-report,java,screenshot,spectacle&o=windows&a=amd64
31-03-2021 16:29:49.921 [java] [DEBUG] multithreading is set to false
31-03-2021 16:29:50.307 [java] [DEBUG] Using reflection to scan dependencies for gauge implementations...
31-03-2021 16:29:50.379 [java] [ERROR] SLF4J: Failed to load class "org.slf4j.impl.StaticLoggerBinder".
31-03-2021 16:29:50.379 [java] [ERROR] SLF4J: Defaulting to no-operation (NOP) logger implementation
31-03-2021 16:29:50.379 [java] [ERROR] SLF4J: See http://www.slf4j.org/codes.html#StaticLoggerBinder for further details.
31-03-2021 16:29:50.962 [java] [DEBUG] gauge-java took 1032milliseconds to load and scan. This should be less than 'runner_connection_timeout' config value.
31-03-2021 16:29:50.962 [java] [DEBUG] run 'gauge config runner_connection_timeout' and verify that it is < 1032
31-03-2021 16:29:50.962 [java] [DEBUG] starting gRPC server...
31-03-2021 16:29:51.635 [java] [DEBUG] started gRPC server on port 56719
31-03-2021 16:29:51.635 [Gauge] [DEBUG] Attempting to connect to grpc server at port: 56719
31-03-2021 16:29:51.766 [Gauge] [DEBUG] Successfully made the connection with runner with port: 56719
31-03-2021 16:29:51.766 [Gauge] [DEBUG] Validation started.
31-03-2021 16:29:53.301 [java] [DEBUG] Scanning packages for steps
31-03-2021 16:29:53.331 [java] [DEBUG] Comparing 'Tests.LoginTest.SetUserName' and 'Tests.LoginTest.SetUserName'
31-03-2021 16:29:53.331 [java] [DEBUG] Found Kullanıcı adı {} olarak girilir in current project scope.
31-03-2021 16:29:53.331 [java] [DEBUG] Comparing 'Tests.FavoriteProductTest.ClickDeleteAllSelectedProduct' and 'Tests.FavoriteProductTest.ClickDeleteAllSelectedProduct'
31-03-2021 16:29:53.331 [java] [DEBUG] Found Tum secimleri kaldir butonuna tiklanir in current project scope.
31-03-2021 16:29:53.331 [java] [DEBUG] Comparing 'Tests.ProductsPageTest.IsSearchedProductExist' and 'Tests.ProductsPageTest.IsSearchedProductExist'
31-03-2021 16:29:53.331 [java] [DEBUG] Found Aranan urunun geldigi gorulur in current project scope.
31-03-2021 16:29:53.331 [java] [DEBUG] Comparing 'Tests.LoginTest.IsLoginSuccess' and 'Tests.LoginTest.IsLoginSuccess'
31-03-2021 16:29:53.331 [java] [DEBUG] Found Login girisinin basarili oldugu gorulur in current project scope.
31-03-2021 16:29:53.331 [java] [DEBUG] Comparing 'Tests.FavoriteProductTest.ClickDeleteConfirmButton' and 'Tests.FavoriteProductTest.ClickDeleteConfirmButton'
31-03-2021 16:29:53.331 [java] [DEBUG] Found Cikan pop-up da sil butonuna tiklanir in current project scope.
31-03-2021 16:29:53.331 [java] [DEBUG] Comparing 'Tests.ProductsPageTest.SelectRandomProduct' and 'Tests.ProductsPageTest.SelectRandomProduct'
31-03-2021 16:29:53.331 [java] [DEBUG] Found Rastgele bir urun secilir in current project scope.
31-03-2021 16:29:53.331 [java] [DEBUG] Comparing 'Tests.HomePageTest.IsHomePageLoaded' and 'Tests.HomePageTest.IsHomePageLoaded'
31-03-2021 16:29:53.332 [java] [DEBUG] Found Anasayfanin acildigi gorulur in current project scope.
31-03-2021 16:29:53.332 [java] [DEBUG] Comparing 'Tests.HomePageTest.initializeWebSite' and 'Tests.HomePageTest.initializeWebSite'
31-03-2021 16:29:53.332 [java] [DEBUG] Found {} sitesine giris yapilir in current project scope.
31-03-2021 16:29:53.332 [java] [DEBUG] Comparing 'Tests.ProductsPageTest.ControllSecondPageOpened' and 'Tests.ProductsPageTest.ControllSecondPageOpened'
31-03-2021 16:29:53.332 [java] [DEBUG] Found 2.sayfanin acildigi kontrol edilir in current project scope.
31-03-2021 16:29:53.332 [java] [DEBUG] Comparing 'Tests.LoginTest.ClikcLoginButton' and 'Tests.LoginTest.ClikcLoginButton'
31-03-2021 16:29:53.332 [java] [DEBUG] Found Giris Yap butonuna tiklanir in current project scope.
31-03-2021 16:29:53.332 [java] [DEBUG] Comparing 'Tests.ProductsPageTest.ClickSecondPage' and 'Tests.ProductsPageTest.ClickSecondPage'
31-03-2021 16:29:53.332 [java] [DEBUG] Found 2.sayfaya tiklanir in current project scope.
31-03-2021 16:29:53.332 [java] [DEBUG] Comparing 'Tests.LoginTest.CilckMyAccount' and 'Tests.LoginTest.CilckMyAccount'
31-03-2021 16:29:53.332 [java] [DEBUG] Found Hesabım alanina tiklanir in current project scope.
31-03-2021 16:29:53.332 [java] [DEBUG] Comparing 'Tests.HomePageTest.SearchProduct' and 'Tests.HomePageTest.SearchProduct'
31-03-2021 16:29:53.332 [java] [DEBUG] Found Arama alaninda {} aratilir in current project scope.
31-03-2021 16:29:53.332 [java] [DEBUG] Comparing 'Tests.LoginTest.ClickSignIn' and 'Tests.LoginTest.ClickSignIn'
31-03-2021 16:29:53.332 [java] [DEBUG] Found Anasayfada giris Yap a tiklanir in current project scope.
31-03-2021 16:29:53.333 [java] [DEBUG] Comparing 'Tests.FavoriteProductTest.isFavoriteListEmpty' and 'Tests.FavoriteProductTest.isFavoriteListEmpty'
31-03-2021 16:29:53.333 [java] [DEBUG] Found Favori listesinin bos oldugu gorulur in current project scope.
31-03-2021 16:29:53.333 [java] [DEBUG] Comparing 'Tests.LoginTest.SetPassword' and 'Tests.LoginTest.SetPassword'
31-03-2021 16:29:53.333 [java] [DEBUG] Found Password alanına {} girilir in current project scope.
31-03-2021 16:29:53.334 [java] [DEBUG] Comparing 'Tests.ProductDetailTest.AddFavoriteProduct' and 'Tests.ProductDetailTest.AddFavoriteProduct'
31-03-2021 16:29:53.334 [java] [DEBUG] Found Secilen urun favorilere eklenir in current project scope.
31-03-2021 16:29:53.334 [java] [DEBUG] Comparing 'Tests.FavoriteProductTest.SelectAllFavoritesProduct' and 'Tests.FavoriteProductTest.SelectAllFavoritesProduct'
31-03-2021 16:29:53.334 [java] [DEBUG] Found Favorilerimden tum urunler secilir in current project scope.
31-03-2021 16:29:53.334 [java] [DEBUG] Comparing 'Tests.FavoriteProductTest.IsFavoriteProductPresent' and 'Tests.FavoriteProductTest.IsFavoriteProductPresent'
31-03-2021 16:29:53.334 [java] [DEBUG] Found Favorilerde urun oldugu gorulur in current project scope.
31-03-2021 16:29:53.334 [java] [DEBUG] Comparing 'Tests.FavoriteProductTest.ClickMyFavorites' and 'Tests.FavoriteProductTest.ClickMyFavorites'
31-03-2021 16:29:53.334 [java] [DEBUG] Found Begendiklerime tiklanir in current project scope.
31-03-2021 16:29:53.334 [java] [DEBUG] Scanning packages for hooks
31-03-2021 16:29:53.342 [java] [DEBUG] Scanned steps (using static parsing + reflections): 
31-03-2021 16:29:53.342 [java] [DEBUG] 	Favori listesinin bos oldugu gorulur : public void isFavoriteListEmpty()
31-03-2021 16:29:53.342 [java] [DEBUG] 	Hesabım alanina tiklanir : public void CilckMyAccount()
31-03-2021 16:29:53.342 [java] [DEBUG] 	Anasayfanin acildigi gorulur : public void IsHomePageLoaded()
31-03-2021 16:29:53.342 [java] [DEBUG] 	Kullanıcı adı {} olarak girilir : public void SetUserName(String userName)
31-03-2021 16:29:53.342 [java] [DEBUG] 	Giris Yap butonuna tiklanir : public void ClikcLoginButton()
31-03-2021 16:29:53.342 [java] [DEBUG] 	Anasayfada giris Yap a tiklanir : public void ClickSignIn()
31-03-2021 16:29:53.342 [java] [DEBUG] 	Cikan pop-up da sil butonuna tiklanir : public void ClickDeleteConfirmButton()
31-03-2021 16:29:53.342 [java] [DEBUG] 	Begendiklerime tiklanir : public void ClickMyFavorites()
31-03-2021 16:29:53.342 [java] [DEBUG] 	Favorilerde urun oldugu gorulur : public void IsFavoriteProductPresent()
31-03-2021 16:29:53.342 [java] [DEBUG] 	Aranan urunun geldigi gorulur : public void IsSearchedProductExist()
31-03-2021 16:29:53.342 [java] [DEBUG] 	Tum secimleri kaldir butonuna tiklanir : public void ClickDeleteAllSelectedProduct()
31-03-2021 16:29:53.342 [java] [DEBUG] 	Rastgele bir urun secilir : public void SelectRandomProduct()
31-03-2021 16:29:53.342 [java] [DEBUG] 	Login girisinin basarili oldugu gorulur : public void IsLoginSuccess()
31-03-2021 16:29:53.342 [java] [DEBUG] 	Favorilerimden tum urunler secilir : public void SelectAllFavoritesProduct()
31-03-2021 16:29:53.342 [java] [DEBUG] 	Secilen urun favorilere eklenir : public void AddFavoriteProduct()
31-03-2021 16:29:53.342 [java] [DEBUG] 	{} sitesine giris yapilir : public void initializeWebSite(String url)
31-03-2021 16:29:53.342 [java] [DEBUG] 	2.sayfaya tiklanir : public void ClickSecondPage()
31-03-2021 16:29:53.342 [java] [DEBUG] 	Arama alaninda {} aratilir : public void SearchProduct(String productName)
31-03-2021 16:29:53.342 [java] [DEBUG] 	2.sayfanin acildigi kontrol edilir : public void ControllSecondPageOpened()
31-03-2021 16:29:53.342 [java] [DEBUG] 	Password alanına {} girilir : public void SetPassword(String password)
31-03-2021 16:29:55.298 [Gauge] [DEBUG] Validation completed.
31-03-2021 16:29:55.298 [Gauge] [DEBUG] Run started
31-03-2021 16:29:55.299 [Gauge] [DEBUG] Starting Html Report plugin
31-03-2021 16:29:55.313 [Gauge] [DEBUG] Attempting to connect to grpc server at port: 56723
31-03-2021 16:29:55.313 [Gauge] [DEBUG] Successfully made the connection with plugin with port: 56723
31-03-2021 16:29:55.313 [Gauge] [DEBUG] Initialising suite data store.
31-03-2021 16:29:55.961 [java] [ERROR] Starting ChromeDriver 89.0.4389.23 (61b08ee2c50024bab004e48d2b1b083cdbdac579-refs/branch-heads/4389@{#294}) on port 4349
31-03-2021 16:29:55.961 [java] [ERROR] Only local connections are allowed.
31-03-2021 16:29:55.961 [java] [ERROR] Please see https://chromedriver.chromium.org/security-considerations for suggestions on keeping ChromeDriver safe.
31-03-2021 16:29:55.966 [java] [ERROR] ChromeDriver was started successfully.
31-03-2021 16:29:57.156 [java] [ERROR] Mar 31, 2021 4:29:57 PM org.openqa.selenium.remote.ProtocolHandshake createSession
31-03-2021 16:29:57.156 [java] [ERROR] INFO: Detected dialect: W3C
31-03-2021 16:29:57.318 [java] [DEBUG] Executing '{} sitesine giris yapilir' using 'class Tests.HomePageTest.initializeWebSite
31-03-2021 16:30:00.923 [java] [DEBUG] Executing 'Anasayfanin acildigi gorulur' using 'class Tests.HomePageTest.IsHomePageLoaded
31-03-2021 16:30:01.010 [java] [DEBUG] Executing 'Anasayfada giris Yap a tiklanir' using 'class Tests.LoginTest.ClickSignIn
31-03-2021 16:30:02.591 [java] [DEBUG] Executing 'Kullanıcı adı {} olarak girilir' using 'class Tests.LoginTest.SetUserName
31-03-2021 16:30:05.003 [java] [DEBUG] Executing 'Password alanına {} girilir' using 'class Tests.LoginTest.SetPassword
31-03-2021 16:30:05.292 [java] [DEBUG] Executing 'Giris Yap butonuna tiklanir' using 'class Tests.LoginTest.ClikcLoginButton
31-03-2021 16:30:05.470 [java] [DEBUG] Executing 'Login girisinin basarili oldugu gorulur' using 'class Tests.LoginTest.IsLoginSuccess
31-03-2021 16:30:17.045 [java] [DEBUG] Executing 'Arama alaninda {} aratilir' using 'class Tests.HomePageTest.SearchProduct
31-03-2021 16:30:17.293 [java] [DEBUG] Executing 'Aranan urunun geldigi gorulur' using 'class Tests.ProductsPageTest.IsSearchedProductExist
31-03-2021 16:30:23.263 [java] [DEBUG] Executing '2.sayfaya tiklanir' using 'class Tests.ProductsPageTest.ClickSecondPage
31-03-2021 16:30:28.668 [java] [DEBUG] Executing '2.sayfanin acildigi kontrol edilir' using 'class Tests.ProductsPageTest.ControllSecondPageOpened
31-03-2021 16:30:56.091 [java] [DEBUG] Executing 'Rastgele bir urun secilir' using 'class Tests.ProductsPageTest.SelectRandomProduct
31-03-2021 16:31:02.898 [java] [DEBUG] Executing 'Secilen urun favorilere eklenir' using 'class Tests.ProductDetailTest.AddFavoriteProduct
31-03-2021 16:31:06.988 [java] [DEBUG] Executing 'Hesabım alanina tiklanir' using 'class Tests.LoginTest.CilckMyAccount
31-03-2021 16:31:32.449 [java] [DEBUG] Executing 'Begendiklerime tiklanir' using 'class Tests.FavoriteProductTest.ClickMyFavorites
31-03-2021 16:31:43.330 [java] [DEBUG] Executing 'Favorilerde urun oldugu gorulur' using 'class Tests.FavoriteProductTest.IsFavoriteProductPresent
31-03-2021 16:32:01.003 [java] [DEBUG] Executing 'Favorilerimden tum urunler secilir' using 'class Tests.FavoriteProductTest.SelectAllFavoritesProduct
31-03-2021 16:32:02.097 [java] [DEBUG] Executing 'Tum secimleri kaldir butonuna tiklanir' using 'class Tests.FavoriteProductTest.ClickDeleteAllSelectedProduct
31-03-2021 16:32:04.178 [java] [DEBUG] Executing 'Cikan pop-up da sil butonuna tiklanir' using 'class Tests.FavoriteProductTest.ClickDeleteConfirmButton
31-03-2021 16:32:07.231 [java] [DEBUG] Executing 'Favori listesinin bos oldugu gorulur' using 'class Tests.FavoriteProductTest.isFavoriteListEmpty
31-03-2021 16:32:26.490 [html-report] [DEBUG] Transformed SuiteResult to report structure
31-03-2021 16:32:26.525 [html-report] [INFO] Successfully generated html-report to => C:\Users\Mustafa YARDIMCI\Desktop\OdeAlCaseProject\reports\html-report\index.html
31-03-2021 16:32:26.525 [html-report] [DEBUG] Done generating HTML report using theme from C:\Users\Mustafa YARDIMCI\AppData\Roaming\gauge\plugins\html-report\4.0.12\themes\default
31-03-2021 16:32:26.525 [Gauge] [DEBUG] Sending kill message to Html Report plugin.
31-03-2021 16:32:27.140 [Gauge] [DEBUG] Runner with PID:7184 has exited
31-03-2021 16:32:27.140 [Gauge] [INFO] Specifications:	1 executed	1 passed	0 failed	0 skipped
31-03-2021 16:32:27.140 [Gauge] [INFO] Scenarios:	1 executed	1 passed	0 failed	0 skipped
31-03-2021 16:32:27.140 [Gauge] [INFO] 
Total time taken: 2m31.19s
31-03-2021 16:32:27.141 [Gauge] [INFO] Updates are available. Run `gauge update -c` for more info.
31-03-2021 16:32:52.542 [Gauge] [DEBUG] Created gauge_screenshots_dir at C:\Users\Mustafa YARDIMCI\Desktop\OdeAlCaseProject\.gauge\screenshots
31-03-2021 16:32:52.544 [Gauge] [DEBUG] Plugin java is already installed.
31-03-2021 16:32:52.544 [Gauge] [DEBUG] Plugin html-report is already installed.
31-03-2021 16:32:52.544 [Gauge] [DEBUG] Parsing started.
31-03-2021 16:32:52.544 [Gauge] [DEBUG] Started concepts parsing.
31-03-2021 16:32:52.549 [Gauge] [DEBUG] 0 concepts parsing completed.
31-03-2021 16:32:52.549 [Gauge] [DEBUG] Started specifications parsing.
31-03-2021 16:32:52.550 [Gauge] [DEBUG] 1 specifications parsing completed.
31-03-2021 16:32:52.550 [Gauge] [DEBUG] Parsing completed.
31-03-2021 16:32:52.565 [java] [DEBUG] ***** Printing Properties/Env Values *****
31-03-2021 16:32:52.566 [java] [DEBUG] PATH: C:\Program Files\Java\jdk1.8.0_271\bin;C:\WINDOWS\system32;C:\WINDOWS;C:\WINDOWS\System32\Wbem;C:\WINDOWS\System32\WindowsPowerShell\v1.0\;C:\WINDOWS\System32\OpenSSH\;C:\Program Files\dotnet\;C:\Program Files\Microsoft SQL Server\130\Tools\Binn\;C:\Program Files\Microsoft SQL Server\Client SDK\ODBC\130\Tools\Binn\;C:\Program Files (x86)\Microsoft SQL Server\130\Tools\Binn\;C:\Program Files\Microsoft SQL Server\130\DTS\Binn\;C:\Program Files (x86)\Microsoft SQL Server\Client SDK\ODBC\130\Tools\Binn\;C:\Program Files (x86)\Microsoft SQL Server\130\DTS\Binn\;C:\Program Files (x86)\Microsoft SQL Server\130\Tools\Binn\ManagementStudio\;C:\ProgramData\chocolatey\bin;C:\Program Files\Microsoft VS Code\bin;C:\Program Files\Microsoft SQL Server\Client SDK\ODBC\170\Tools\Binn\;C:\Program Files\Git\cmd;C:\Program Files\Gauge\bin;C:\Program Files (x86)\dotnet\;C:\Program Files\nodejs\;C:\Users\Mustafa YARDIMCI\AppData\Local\Programs\Python\Python38-32\Scripts\;C:\Users\Mustafa YARDIMCI\AppData\Local\Programs\Python\Python38-32\;C:\Users\Mustafa YARDIMCI\AppData\Local\Microsoft\WindowsApps;C:\Users\Mustafa YARDIMCI\AppData\Local\GitHubDesktop\bin;C:\Users\Mustafa YARDIMCI\AppData\Local\Microsoft\WindowsApps;C:\Program Files\Java\jdk1.8.0_271\bin;C:\Program Files\JetBrains\IntelliJ IDEA 2020.3.1\bin;C:\Users\Mustafa YARDIMCI\.dotnet\tools;C:\Users\Mustafa YARDIMCI\AppData\Roaming\npm;C:\Users\Mustafa YARDIMCI\AppData\Roaming\gauge\plugins\screenshot\0.0.1
31-03-2021 16:32:52.566 [java] [DEBUG] JAVA_HOME: C:\Program Files\Java\jdk1.8.0_271
31-03-2021 16:32:52.566 [java] [DEBUG] gauge_project_root: C:\Users\Mustafa YARDIMCI\Desktop\OdeAlCaseProject
31-03-2021 16:32:52.566 [java] [DEBUG] gauge_parallel_streams_count: 12
31-03-2021 16:32:52.566 [java] [DEBUG] gauge_reports_dir: reports
31-03-2021 16:32:52.566 [java] [DEBUG] overwrite_reports: true
31-03-2021 16:32:52.566 [java] [DEBUG] logs_directory: logs
31-03-2021 16:32:52.566 [java] [DEBUG] enable_multithreading: false
31-03-2021 16:32:52.566 [java] [DEBUG] gauge_specs_dir: specs
31-03-2021 16:32:52.566 [java] [DEBUG] csv_delimiter: ,
31-03-2021 16:32:52.566 [java] [DEBUG] gauge_java_home: 
31-03-2021 16:32:52.566 [java] [DEBUG] gauge_custom_build_path: 
31-03-2021 16:32:52.566 [java] [DEBUG] gauge_additional_libs: libs/*
31-03-2021 16:32:52.566 [java] [DEBUG] gauge_jvm_args: 
31-03-2021 16:32:52.566 [java] [DEBUG] gauge_custom_compile_dir: 
31-03-2021 16:32:52.566 [java] [DEBUG] gauge_clear_state_level: scenario
31-03-2021 16:32:52.566 [java] [DEBUG] ***** END *****
31-03-2021 16:32:52.579 [java] [ERROR] exec: "mvn": executable file not found in %!P(MISSING)ATH%!(NOVERB)
31-03-2021 16:32:52.579 [java] [ERROR] Installed version of gauge-java (0.7.13) does not match with dependency gauge-java () specified in pom.xml file
31-03-2021 16:32:52.580 [java] [DEBUG] classpath set to C:\Program Files\Java\jdk1.8.0_271\jre\lib\charsets.jar;C:\Program Files\Java\jdk1.8.0_271\jre\lib\deploy.jar;C:\Program Files\Java\jdk1.8.0_271\jre\lib\ext\access-bridge-64.jar;C:\Program Files\Java\jdk1.8.0_271\jre\lib\ext\cldrdata.jar;C:\Program Files\Java\jdk1.8.0_271\jre\lib\ext\dnsns.jar;C:\Program Files\Java\jdk1.8.0_271\jre\lib\ext\jaccess.jar;C:\Program Files\Java\jdk1.8.0_271\jre\lib\ext\jfxrt.jar;C:\Program Files\Java\jdk1.8.0_271\jre\lib\ext\localedata.jar;C:\Program Files\Java\jdk1.8.0_271\jre\lib\ext\nashorn.jar;C:\Program Files\Java\jdk1.8.0_271\jre\lib\ext\sunec.jar;C:\Program Files\Java\jdk1.8.0_271\jre\lib\ext\sunjce_provider.jar;C:\Program Files\Java\jdk1.8.0_271\jre\lib\ext\sunmscapi.jar;C:\Program Files\Java\jdk1.8.0_271\jre\lib\ext\sunpkcs11.jar;C:\Program Files\Java\jdk1.8.0_271\jre\lib\ext\zipfs.jar;C:\Program Files\Java\jdk1.8.0_271\jre\lib\javaws.jar;C:\Program Files\Java\jdk1.8.0_271\jre\lib\jce.jar;C:\Program Files\Java\jdk1.8.0_271\jre\lib\jfr.jar;C:\Program Files\Java\jdk1.8.0_271\jre\lib\jfxswt.jar;C:\Program Files\Java\jdk1.8.0_271\jre\lib\jsse.jar;C:\Program Files\Java\jdk1.8.0_271\jre\lib\management-agent.jar;C:\Program Files\Java\jdk1.8.0_271\jre\lib\plugin.jar;C:\Program Files\Java\jdk1.8.0_271\jre\lib\resources.jar;C:\Program Files\Java\jdk1.8.0_271\jre\lib\rt.jar;C:\Users\Mustafa YARDIMCI\Desktop\OdeAlCaseProject\target\test-classes;C:\Users\Mustafa YARDIMCI\.m2\repository\com\thoughtworks\gauge\gauge-java\0.7.13\gauge-java-0.7.13.jar;C:\Users\Mustafa YARDIMCI\.m2\repository\com\github\javaparser\javaparser-core\3.16.2\javaparser-core-3.16.2.jar;C:\Users\Mustafa YARDIMCI\.m2\repository\commons-io\commons-io\2.8.0\commons-io-2.8.0.jar;C:\Users\Mustafa YARDIMCI\.m2\repository\commons-lang\commons-lang\2.6\commons-lang-2.6.jar;C:\Users\Mustafa YARDIMCI\.m2\repository\org\json\json\20200518\json-20200518.jar;C:\Users\Mustafa YARDIMCI\.m2\repository\com\google\protobuf\protobuf-java\3.13.0\protobuf-java-3.13.0.jar;C:\Users\Mustafa YARDIMCI\.m2\repository\com\google\guava\guava\29.0-jre\guava-29.0-jre.jar;C:\Users\Mustafa YARDIMCI\.m2\repository\com\google\guava\failureaccess\1.0.1\failureaccess-1.0.1.jar;C:\Users\Mustafa YARDIMCI\.m2\repository\com\google\guava\listenablefuture\9999.0-empty-to-avoid-conflict-with-guava\listenablefuture-9999.0-empty-to-avoid-conflict-with-guava.jar;C:\Users\Mustafa YARDIMCI\.m2\repository\com\google\code\findbugs\jsr305\3.0.2\jsr305-3.0.2.jar;C:\Users\Mustafa YARDIMCI\.m2\repository\org\checkerframework\checker-qual\2.11.1\checker-qual-2.11.1.jar;C:\Users\Mustafa YARDIMCI\.m2\repository\com\google\errorprone\error_prone_annotations\2.3.4\error_prone_annotations-2.3.4.jar;C:\Users\Mustafa YARDIMCI\.m2\repository\com\google\j2objc\j2objc-annotations\1.3\j2objc-annotations-1.3.jar;C:\Users\Mustafa YARDIMCI\.m2\repository\io\grpc\grpc-netty-shaded\1.33.0\grpc-netty-shaded-1.33.0.jar;C:\Users\Mustafa YARDIMCI\.m2\repository\io\grpc\grpc-core\1.33.0\grpc-core-1.33.0.jar;C:\Users\Mustafa YARDIMCI\.m2\repository\com\google\android\annotations\4.1.1.4\annotations-4.1.1.4.jar;C:\Users\Mustafa YARDIMCI\.m2\repository\io\perfmark\perfmark-api\0.19.0\perfmark-api-0.19.0.jar;C:\Users\Mustafa YARDIMCI\.m2\repository\io\grpc\grpc-protobuf\1.33.0\grpc-protobuf-1.33.0.jar;C:\Users\Mustafa YARDIMCI\.m2\repository\io\grpc\grpc-api\1.33.0\grpc-api-1.33.0.jar;C:\Users\Mustafa YARDIMCI\.m2\repository\io\grpc\grpc-context\1.33.0\grpc-context-1.33.0.jar;C:\Users\Mustafa YARDIMCI\.m2\repository\com\google\api\grpc\proto-google-common-protos\1.17.0\proto-google-common-protos-1.17.0.jar;C:\Users\Mustafa YARDIMCI\.m2\repository\io\grpc\grpc-protobuf-lite\1.33.0\grpc-protobuf-lite-1.33.0.jar;C:\Users\Mustafa YARDIMCI\.m2\repository\org\codehaus\mojo\animal-sniffer-annotations\1.18\animal-sniffer-annotations-1.18.jar;C:\Users\Mustafa YARDIMCI\.m2\repository\io\grpc\grpc-stub\1.33.0\grpc-stub-1.33.0.jar;C:\Users\Mustafa YARDIMCI\.m2\repository\javax\annotation\javax.annotation-api\1.3.2\javax.annotation-api-1.3.2.jar;C:\Users\Mustafa YARDIMCI\.m2\repository\org\assertj\assertj-core\3.10.0\assertj-core-3.10.0.jar;C:\Users\Mustafa YARDIMCI\.m2\repository\org\seleniumhq\selenium\selenium-java\3.141.59\selenium-java-3.141.59.jar;C:\Users\Mustafa YARDIMCI\.m2\repository\org\seleniumhq\selenium\selenium-api\3.141.59\selenium-api-3.141.59.jar;C:\Users\Mustafa YARDIMCI\.m2\repository\org\seleniumhq\selenium\selenium-chrome-driver\3.141.59\selenium-chrome-driver-3.141.59.jar;C:\Users\Mustafa YARDIMCI\.m2\repository\org\seleniumhq\selenium\selenium-edge-driver\3.141.59\selenium-edge-driver-3.141.59.jar;C:\Users\Mustafa YARDIMCI\.m2\repository\org\seleniumhq\selenium\selenium-firefox-driver\3.141.59\selenium-firefox-driver-3.141.59.jar;C:\Users\Mustafa YARDIMCI\.m2\repository\org\seleniumhq\selenium\selenium-ie-driver\3.141.59\selenium-ie-driver-3.141.59.jar;C:\Users\Mustafa YARDIMCI\.m2\repository\org\seleniumhq\selenium\selenium-opera-driver\3.141.59\selenium-opera-driver-3.141.59.jar;C:\Users\Mustafa YARDIMCI\.m2\repository\org\seleniumhq\selenium\selenium-remote-driver\3.141.59\selenium-remote-driver-3.141.59.jar;C:\Users\Mustafa YARDIMCI\.m2\repository\org\seleniumhq\selenium\selenium-safari-driver\3.141.59\selenium-safari-driver-3.141.59.jar;C:\Users\Mustafa YARDIMCI\.m2\repository\org\seleniumhq\selenium\selenium-support\3.141.59\selenium-support-3.141.59.jar;C:\Users\Mustafa YARDIMCI\.m2\repository\net\bytebuddy\byte-buddy\1.8.15\byte-buddy-1.8.15.jar;C:\Users\Mustafa YARDIMCI\.m2\repository\org\apache\commons\commons-exec\1.3\commons-exec-1.3.jar;C:\Users\Mustafa YARDIMCI\.m2\repository\com\squareup\okhttp3\okhttp\3.11.0\okhttp-3.11.0.jar;C:\Users\Mustafa YARDIMCI\.m2\repository\com\squareup\okio\okio\1.14.0\okio-1.14.0.jar;C:\Users\Mustafa YARDIMCI\.m2\repository\io\github\bonigarcia\webdrivermanager\4.2.0\webdrivermanager-4.2.0.jar;C:\Users\Mustafa YARDIMCI\.m2\repository\org\slf4j\slf4j-api\1.7.30\slf4j-api-1.7.30.jar;C:\Users\Mustafa YARDIMCI\.m2\repository\com\google\code\gson\gson\2.8.6\gson-2.8.6.jar;C:\Users\Mustafa YARDIMCI\.m2\repository\org\apache\commons\commons-lang3\3.11\commons-lang3-3.11.jar;C:\Users\Mustafa YARDIMCI\.m2\repository\org\apache\httpcomponents\client5\httpclient5\5.0.1\httpclient5-5.0.1.jar;C:\Users\Mustafa YARDIMCI\.m2\repository\org\apache\httpcomponents\core5\httpcore5\5.0.1\httpcore5-5.0.1.jar;C:\Users\Mustafa YARDIMCI\.m2\repository\org\apache\httpcomponents\core5\httpcore5-h2\5.0.1\httpcore5-h2-5.0.1.jar;C:\Users\Mustafa YARDIMCI\.m2\repository\commons-codec\commons-codec\1.13\commons-codec-1.13.jar;C:\Users\Mustafa YARDIMCI\.m2\repository\org\rauschig\jarchivelib\1.0.0\jarchivelib-1.0.0.jar;C:\Users\Mustafa YARDIMCI\.m2\repository\org\apache\commons\commons-compress\1.18\commons-compress-1.18.jar;C:\Users\Mustafa YARDIMCI\.m2\repository\org\jsoup\jsoup\1.13.1\jsoup-1.13.1.jar;C:\Users\Mustafa YARDIMCI\.m2\repository\org\reflections\reflections\0.9.10\reflections-0.9.10.jar;C:\Users\Mustafa YARDIMCI\.m2\repository\org\javassist\javassist\3.19.0-GA\javassist-3.19.0-GA.jar;C:\Users\Mustafa YARDIMCI\.m2\repository\com\google\code\findbugs\annotations\2.0.1\annotations-2.0.1.jar;C:\Users\Mustafa YARDIMCI\.m2\repository\junit\junit\4.12\junit-4.12.jar;C:\Users\Mustafa YARDIMCI\.m2\repository\org\hamcrest\hamcrest-core\1.3\hamcrest-core-1.3.jar
31-03-2021 16:32:52.616 [java] [DEBUG] found java executable in C:\Program Files\Java\jdk1.8.0_271\jre\bin\java.exe
31-03-2021 16:32:52.616 [java] [DEBUG] running - C:\Program Files\Java\jdk1.8.0_271\jre\bin\java.exe [-Dfile.encoding=UTF-8 com.thoughtworks.gauge.GaugeRuntime --start]
31-03-2021 16:32:52.616 [java] [DEBUG] stdout/stderr is logged to logs\9824-java.exe.out
31-03-2021 16:32:52.793 [Gauge] [DEBUG] Checking updates...
31-03-2021 16:32:52.794 [Gauge] [DEBUG] Downloading https://downloads.gauge.org/plugin/html-report?l=java&p=html-report,java,screenshot,spectacle&o=windows&a=amd64
31-03-2021 16:32:52.810 [java] [DEBUG] multithreading is set to false
31-03-2021 16:32:53.068 [Gauge] [DEBUG] Downloading https://downloads.gauge.org/plugin/java?l=java&p=html-report,java,screenshot,spectacle&o=windows&a=amd64
31-03-2021 16:32:53.160 [Gauge] [DEBUG] Downloading https://downloads.gauge.org/plugin/screenshot?l=java&p=html-report,java,screenshot,spectacle&o=windows&a=amd64
31-03-2021 16:32:53.212 [java] [DEBUG] Using reflection to scan dependencies for gauge implementations...
31-03-2021 16:32:53.229 [Gauge] [DEBUG] Downloading https://downloads.gauge.org/plugin/spectacle?l=java&p=html-report,java,screenshot,spectacle&o=windows&a=amd64
31-03-2021 16:32:53.288 [java] [ERROR] SLF4J: Failed to load class "org.slf4j.impl.StaticLoggerBinder".
31-03-2021 16:32:53.288 [java] [ERROR] SLF4J: Defaulting to no-operation (NOP) logger implementation
31-03-2021 16:32:53.288 [java] [ERROR] SLF4J: See http://www.slf4j.org/codes.html#StaticLoggerBinder for further details.
31-03-2021 16:32:53.908 [java] [DEBUG] gauge-java took 1102milliseconds to load and scan. This should be less than 'runner_connection_timeout' config value.
31-03-2021 16:32:53.908 [java] [DEBUG] run 'gauge config runner_connection_timeout' and verify that it is < 1102
31-03-2021 16:32:53.921 [java] [DEBUG] starting gRPC server...
31-03-2021 16:32:54.760 [java] [DEBUG] started gRPC server on port 56969
31-03-2021 16:32:54.760 [Gauge] [DEBUG] Attempting to connect to grpc server at port: 56969
31-03-2021 16:32:54.874 [Gauge] [DEBUG] Successfully made the connection with runner with port: 56969
31-03-2021 16:32:54.874 [Gauge] [DEBUG] Validation started.
31-03-2021 16:32:56.310 [java] [DEBUG] Scanning packages for steps
31-03-2021 16:32:56.325 [java] [DEBUG] Comparing 'Tests.LoginTest.SetUserName' and 'Tests.LoginTest.SetUserName'
31-03-2021 16:32:56.325 [java] [DEBUG] Found Kullanıcı adı {} olarak girilir in current project scope.
31-03-2021 16:32:56.325 [java] [DEBUG] Comparing 'Tests.FavoriteProductTest.ClickDeleteAllSelectedProduct' and 'Tests.FavoriteProductTest.ClickDeleteAllSelectedProduct'
31-03-2021 16:32:56.325 [java] [DEBUG] Found Tum secimleri kaldir butonuna tiklanir in current project scope.
31-03-2021 16:32:56.325 [java] [DEBUG] Comparing 'Tests.ProductsPageTest.IsSearchedProductExist' and 'Tests.ProductsPageTest.IsSearchedProductExist'
31-03-2021 16:32:56.325 [java] [DEBUG] Found Aranan urunun geldigi gorulur in current project scope.
31-03-2021 16:32:56.325 [java] [DEBUG] Comparing 'Tests.LoginTest.IsLoginSuccess' and 'Tests.LoginTest.IsLoginSuccess'
31-03-2021 16:32:56.325 [java] [DEBUG] Found Login girisinin basarili oldugu gorulur in current project scope.
31-03-2021 16:32:56.325 [java] [DEBUG] Comparing 'Tests.FavoriteProductTest.ClickDeleteConfirmButton' and 'Tests.FavoriteProductTest.ClickDeleteConfirmButton'
31-03-2021 16:32:56.325 [java] [DEBUG] Found Cikan pop-up da sil butonuna tiklanir in current project scope.
31-03-2021 16:32:56.327 [java] [DEBUG] Comparing 'Tests.ProductsPageTest.SelectRandomProduct' and 'Tests.ProductsPageTest.SelectRandomProduct'
31-03-2021 16:32:56.327 [java] [DEBUG] Found Rastgele bir urun secilir in current project scope.
31-03-2021 16:32:56.327 [java] [DEBUG] Comparing 'Tests.HomePageTest.IsHomePageLoaded' and 'Tests.HomePageTest.IsHomePageLoaded'
31-03-2021 16:32:56.327 [java] [DEBUG] Found Anasayfanin acildigi gorulur in current project scope.
31-03-2021 16:32:56.327 [java] [DEBUG] Comparing 'Tests.HomePageTest.initializeWebSite' and 'Tests.HomePageTest.initializeWebSite'
31-03-2021 16:32:56.327 [java] [DEBUG] Found {} sitesine giris yapilir in current project scope.
31-03-2021 16:32:56.327 [java] [DEBUG] Comparing 'Tests.ProductsPageTest.ControllSecondPageOpened' and 'Tests.ProductsPageTest.ControllSecondPageOpened'
31-03-2021 16:32:56.327 [java] [DEBUG] Found 2.sayfanin acildigi kontrol edilir in current project scope.
31-03-2021 16:32:56.327 [java] [DEBUG] Comparing 'Tests.LoginTest.ClikcLoginButton' and 'Tests.LoginTest.ClikcLoginButton'
31-03-2021 16:32:56.327 [java] [DEBUG] Found Giris Yap butonuna tiklanir in current project scope.
31-03-2021 16:32:56.327 [java] [DEBUG] Comparing 'Tests.ProductsPageTest.ClickSecondPage' and 'Tests.ProductsPageTest.ClickSecondPage'
31-03-2021 16:32:56.327 [java] [DEBUG] Found 2.sayfaya tiklanir in current project scope.
31-03-2021 16:32:56.327 [java] [DEBUG] Comparing 'Tests.LoginTest.CilckMyAccount' and 'Tests.LoginTest.CilckMyAccount'
31-03-2021 16:32:56.327 [java] [DEBUG] Found Hesabım alanina tiklanir in current project scope.
31-03-2021 16:32:56.327 [java] [DEBUG] Comparing 'Tests.HomePageTest.SearchProduct' and 'Tests.HomePageTest.SearchProduct'
31-03-2021 16:32:56.327 [java] [DEBUG] Found Arama alaninda {} aratilir in current project scope.
31-03-2021 16:32:56.327 [java] [DEBUG] Comparing 'Tests.LoginTest.ClickSignIn' and 'Tests.LoginTest.ClickSignIn'
31-03-2021 16:32:56.327 [java] [DEBUG] Found Anasayfada giris Yap a tiklanir in current project scope.
31-03-2021 16:32:56.327 [java] [DEBUG] Comparing 'Tests.FavoriteProductTest.isFavoriteListEmpty' and 'Tests.FavoriteProductTest.isFavoriteListEmpty'
31-03-2021 16:32:56.327 [java] [DEBUG] Found Favori listesinin bos oldugu gorulur in current project scope.
31-03-2021 16:32:56.327 [java] [DEBUG] Comparing 'Tests.LoginTest.SetPassword' and 'Tests.LoginTest.SetPassword'
31-03-2021 16:32:56.327 [java] [DEBUG] Found Password alanına {} girilir in current project scope.
31-03-2021 16:32:56.327 [java] [DEBUG] Comparing 'Tests.ProductDetailTest.AddFavoriteProduct' and 'Tests.ProductDetailTest.AddFavoriteProduct'
31-03-2021 16:32:56.327 [java] [DEBUG] Found Secilen urun favorilere eklenir in current project scope.
31-03-2021 16:32:56.328 [java] [DEBUG] Comparing 'Tests.FavoriteProductTest.SelectAllFavoritesProduct' and 'Tests.FavoriteProductTest.SelectAllFavoritesProduct'
31-03-2021 16:32:56.328 [java] [DEBUG] Found Favorilerimden tum urunler secilir in current project scope.
31-03-2021 16:32:56.328 [java] [DEBUG] Comparing 'Tests.FavoriteProductTest.IsFavoriteProductPresent' and 'Tests.FavoriteProductTest.IsFavoriteProductPresent'
31-03-2021 16:32:56.328 [java] [DEBUG] Found Favorilerde urun oldugu gorulur in current project scope.
31-03-2021 16:32:56.328 [java] [DEBUG] Comparing 'Tests.FavoriteProductTest.ClickMyFavorites' and 'Tests.FavoriteProductTest.ClickMyFavorites'
31-03-2021 16:32:56.328 [java] [DEBUG] Found Begendiklerime tiklanir in current project scope.
31-03-2021 16:32:56.328 [java] [DEBUG] Scanning packages for hooks
31-03-2021 16:32:56.334 [java] [DEBUG] Scanned steps (using static parsing + reflections): 
31-03-2021 16:32:56.334 [java] [DEBUG] 	Favori listesinin bos oldugu gorulur : public void isFavoriteListEmpty()
31-03-2021 16:32:56.334 [java] [DEBUG] 	Hesabım alanina tiklanir : public void CilckMyAccount()
31-03-2021 16:32:56.334 [java] [DEBUG] 	Anasayfanin acildigi gorulur : public void IsHomePageLoaded()
31-03-2021 16:32:56.334 [java] [DEBUG] 	Kullanıcı adı {} olarak girilir : public void SetUserName(String userName)
31-03-2021 16:32:56.334 [java] [DEBUG] 	Giris Yap butonuna tiklanir : public void ClikcLoginButton()
31-03-2021 16:32:56.334 [java] [DEBUG] 	Anasayfada giris Yap a tiklanir : public void ClickSignIn()
31-03-2021 16:32:56.334 [java] [DEBUG] 	Cikan pop-up da sil butonuna tiklanir : public void ClickDeleteConfirmButton()
31-03-2021 16:32:56.334 [java] [DEBUG] 	Begendiklerime tiklanir : public void ClickMyFavorites()
31-03-2021 16:32:56.334 [java] [DEBUG] 	Favorilerde urun oldugu gorulur : public void IsFavoriteProductPresent()
31-03-2021 16:32:56.334 [java] [DEBUG] 	Aranan urunun geldigi gorulur : public void IsSearchedProductExist()
31-03-2021 16:32:56.334 [java] [DEBUG] 	Tum secimleri kaldir butonuna tiklanir : public void ClickDeleteAllSelectedProduct()
31-03-2021 16:32:56.334 [java] [DEBUG] 	Rastgele bir urun secilir : public void SelectRandomProduct()
31-03-2021 16:32:56.334 [java] [DEBUG] 	Login girisinin basarili oldugu gorulur : public void IsLoginSuccess()
31-03-2021 16:32:56.334 [java] [DEBUG] 	Favorilerimden tum urunler secilir : public void SelectAllFavoritesProduct()
31-03-2021 16:32:56.334 [java] [DEBUG] 	Secilen urun favorilere eklenir : public void AddFavoriteProduct()
31-03-2021 16:32:56.334 [java] [DEBUG] 	{} sitesine giris yapilir : public void initializeWebSite(String url)
31-03-2021 16:32:56.334 [java] [DEBUG] 	2.sayfaya tiklanir : public void ClickSecondPage()
31-03-2021 16:32:56.334 [java] [DEBUG] 	Arama alaninda {} aratilir : public void SearchProduct(String productName)
31-03-2021 16:32:56.334 [java] [DEBUG] 	2.sayfanin acildigi kontrol edilir : public void ControllSecondPageOpened()
31-03-2021 16:32:56.334 [java] [DEBUG] 	Password alanına {} girilir : public void SetPassword(String password)
31-03-2021 16:32:58.288 [Gauge] [DEBUG] Validation completed.
31-03-2021 16:32:58.289 [Gauge] [DEBUG] Run started
31-03-2021 16:32:58.289 [Gauge] [DEBUG] Starting Html Report plugin
31-03-2021 16:32:58.316 [Gauge] [DEBUG] Attempting to connect to grpc server at port: 56974
31-03-2021 16:32:58.318 [Gauge] [DEBUG] Successfully made the connection with plugin with port: 56974
31-03-2021 16:32:58.318 [Gauge] [DEBUG] Initialising suite data store.
31-03-2021 16:32:58.955 [java] [ERROR] Starting ChromeDriver 89.0.4389.23 (61b08ee2c50024bab004e48d2b1b083cdbdac579-refs/branch-heads/4389@{#294}) on port 6695
31-03-2021 16:32:58.955 [java] [ERROR] Only local connections are allowed.
31-03-2021 16:32:58.955 [java] [ERROR] Please see https://chromedriver.chromium.org/security-considerations for suggestions on keeping ChromeDriver safe.
31-03-2021 16:32:58.961 [java] [ERROR] ChromeDriver was started successfully.
31-03-2021 16:33:00.145 [java] [ERROR] Mar 31, 2021 4:33:00 PM org.openqa.selenium.remote.ProtocolHandshake createSession
31-03-2021 16:33:00.145 [java] [ERROR] INFO: Detected dialect: W3C
31-03-2021 16:33:00.326 [java] [DEBUG] Executing '{} sitesine giris yapilir' using 'class Tests.HomePageTest.initializeWebSite
31-03-2021 16:33:03.721 [java] [DEBUG] Executing 'Anasayfanin acildigi gorulur' using 'class Tests.HomePageTest.IsHomePageLoaded
31-03-2021 16:33:03.808 [java] [DEBUG] Executing 'Anasayfada giris Yap a tiklanir' using 'class Tests.LoginTest.ClickSignIn
31-03-2021 16:33:05.621 [java] [DEBUG] Executing 'Kullanıcı adı {} olarak girilir' using 'class Tests.LoginTest.SetUserName
31-03-2021 16:33:08.153 [java] [DEBUG] Executing 'Password alanına {} girilir' using 'class Tests.LoginTest.SetPassword
31-03-2021 16:33:08.420 [java] [DEBUG] Executing 'Giris Yap butonuna tiklanir' using 'class Tests.LoginTest.ClikcLoginButton
31-03-2021 16:33:08.593 [java] [DEBUG] Executing 'Login girisinin basarili oldugu gorulur' using 'class Tests.LoginTest.IsLoginSuccess
31-03-2021 16:33:12.405 [java] [DEBUG] Executing 'Arama alaninda {} aratilir' using 'class Tests.HomePageTest.SearchProduct
31-03-2021 16:33:12.676 [java] [DEBUG] Executing 'Aranan urunun geldigi gorulur' using 'class Tests.ProductsPageTest.IsSearchedProductExist
31-03-2021 16:33:18.576 [java] [DEBUG] Executing '2.sayfaya tiklanir' using 'class Tests.ProductsPageTest.ClickSecondPage
31-03-2021 16:33:20.379 [java] [DEBUG] Executing '2.sayfanin acildigi kontrol edilir' using 'class Tests.ProductsPageTest.ControllSecondPageOpened
31-03-2021 16:33:20.540 [java] [DEBUG] Executing 'Rastgele bir urun secilir' using 'class Tests.ProductsPageTest.SelectRandomProduct
31-03-2021 16:33:23.698 [java] [DEBUG] Executing 'Secilen urun favorilere eklenir' using 'class Tests.ProductDetailTest.AddFavoriteProduct
31-03-2021 16:33:24.032 [java] [DEBUG] Executing 'Hesabım alanina tiklanir' using 'class Tests.LoginTest.CilckMyAccount
31-03-2021 16:33:24.255 [java] [DEBUG] Executing 'Begendiklerime tiklanir' using 'class Tests.FavoriteProductTest.ClickMyFavorites
31-03-2021 16:33:33.241 [java] [DEBUG] Executing 'Favorilerde urun oldugu gorulur' using 'class Tests.FavoriteProductTest.IsFavoriteProductPresent
31-03-2021 16:33:33.895 [java] [DEBUG] Executing 'Favorilerimden tum urunler secilir' using 'class Tests.FavoriteProductTest.SelectAllFavoritesProduct
31-03-2021 16:33:34.129 [java] [DEBUG] Executing 'Tum secimleri kaldir butonuna tiklanir' using 'class Tests.FavoriteProductTest.ClickDeleteAllSelectedProduct
31-03-2021 16:33:34.283 [java] [DEBUG] Executing 'Cikan pop-up da sil butonuna tiklanir' using 'class Tests.FavoriteProductTest.ClickDeleteConfirmButton
31-03-2021 16:33:34.438 [java] [DEBUG] Executing 'Favori listesinin bos oldugu gorulur' using 'class Tests.FavoriteProductTest.isFavoriteListEmpty
31-03-2021 16:33:35.745 [html-report] [DEBUG] Transformed SuiteResult to report structure
31-03-2021 16:33:35.788 [html-report] [INFO] Successfully generated html-report to => C:\Users\Mustafa YARDIMCI\Desktop\OdeAlCaseProject\reports\html-report\index.html
31-03-2021 16:33:35.788 [html-report] [DEBUG] Done generating HTML report using theme from C:\Users\Mustafa YARDIMCI\AppData\Roaming\gauge\plugins\html-report\4.0.12\themes\default
31-03-2021 16:33:35.788 [Gauge] [DEBUG] Sending kill message to Html Report plugin.
31-03-2021 16:33:36.544 [Gauge] [DEBUG] Runner with PID:9824 has exited
31-03-2021 16:33:36.544 [Gauge] [INFO] Specifications:	1 executed	1 passed	0 failed	0 skipped
31-03-2021 16:33:36.544 [Gauge] [INFO] Scenarios:	1 executed	1 passed	0 failed	0 skipped
31-03-2021 16:33:36.544 [Gauge] [INFO] 
Total time taken: 37.456s
31-03-2021 16:33:36.545 [Gauge] [INFO] Updates are available. Run `gauge update -c` for more info.
